=~=~=~=~=~=~=~=~=~=~=~= PuTTY log 2022.04.04 11:41:26 =~=~=~=~=~=~=~=~=~=~=~=
Beginning Test Setup/Calibration
BendLabs Calibration routine
Press a key when the sensor is flat and straight on a table
a
Good. Now press a key when the sensor is flat on table but bent at 90 degrees (along X axis).
a
BendLabsCalibration complete.
Actuator Centering...
Left Bumper Hit
Left Bumper Hit
Left Bumper Hit
Left Bumper Hit
Left Bumper Hit
Left Bumper Hit
Left Bumper Hit
Left Bumper Hit
Left Bumper Hit
Left Bumper Hit
Left Bumper Hit
Left Bumper Hit
Left Bumper Hit
Left Bumper Hit
Left Bumper Hit
Left Bumper Hit
Left Bumper Hit
Left Bumper Hit
Left Bumper Hit
Left Bumper Hit
Left Bumper Hit
Left Bumper Hit
Left Bumper Hit
Left Bumper Hit
Left Bumper Hit
Left Bumper Hit
Left Bumper Hit
Left Bumper Hit
Left Bumper Hit
Left Bumper Hit
Left Bumper Hit
Left Bumper Hit
Left Bumper Hit
Left Bumper Hit
Left Bumper Hit
Left Bumper Hit
Left Bumper Hit
Left Bumper Hit
Left Bumper Hit
Left Bumper Hit
Left Bumper Hit
Left Bumper Hit
Left Bumper Hit
Left Bumper Hit
Left Bumper Hit
Left Bumper Hit
Left Bumper Hit
Left Bumper Hit
Left Bumper Hit
Left Bumper Hit
Left Bumper Hit
Left Bumper Hit
Left Bumper Hit
Left Bumper Hit
Left Bumper Hit
Left Bumper Hit
Left Bumper Hit
Left Bumper Hit
Left Bumper Hit
Left Bumper Hit
Left Bumper Hit
Left Bumper Hit
Left Bumper Hit
Left Bumper Hit
Left Bumper Hit
Left Bumper Hit
Left Bumper Hit
Left Bumper Hit
Left Bumper Hit
Left Bumper Hit
Left Bumper Hit
Left Bumper Hit
Left Bumper Hit
Left Bumper Hit
Left Bumper Hit
Left Bumper Hit
Left Bumper Hit
Left Bumper Hit
Left Bumper Hit
Left Bumper Hit
Left Bumper Hit
Left Bumper Hit
Left Bumper Hit
Left Bumper Hit
Left Bumper Hit
Left Bumper Hit
Left Bumper Hit
Left Bumper Hit
Left Bumper Hit
Left Bumper Hit
Left Bumper Hit
Left Bumper Hit
Left Bumper Hit
Left Bumper Hit
Left Bumper Hit
Left Bumper Hit
Left Bumper Hit
Left Bumper Hit
Left Bumper Hit
Left Bumper Hit
Left Bumper Hit
Left Bumper Hit
Left Bumper Hit
Left Bumper Hit
Left Bumper Hit
Left Bumper Hit
Left Bumper Hit
Left Bumper Hit
Left Bumper Hit
Left Bumper Hit
Left Bumper Hit
Left Bumper Hit
Left Bumper Hit
Left Bumper Hit
Left Bumper Hit
Left Bumper Hit
Left Bumper Hit
Left Bumper Hit
Left Bumper Hit
Left Bumper Hit
Left Bumper Hit
Left Bumper Hit
Left Bumper Hit
Left Bumper Hit
Left Bumper Hit
Left Bumper Hit
Left Bumper Hit
Left Bumper Hit
Left Bumper Hit
Left Bumper Hit
Left Bumper Hit
Left Bumper Hit
Left Bumper Hit
Left Bumper Hit
Left Bumper Hit
Left Bumper Hit
Left Bumper Hit
Left Bumper Hit
Left Bumper Hit
Left Bumper Hit
Left Bumper Hit
Left Bumper Hit
Left Bumper Hit
Left Bumper Hit
Left Bumper Hit
Left Bumper Hit
Left Bumper Hit
Left Bumper Hit
Left Bumper Hit
Left Bumper Hit
Left Bumper Hit
Left Bumper Hit
Left Bumper Hit
Left Bumper Hit
Left Bumper Hit
Left Bumper Hit
Left Bumper Hit
Left Bumper Hit
Left Bumper Hit
Left Bumper Hit
Left Bumper Hit
Left Bumper Hit
Left Bumper Hit
Left Bumper Hit
Left Bumper Hit
Left Bumper Hit
Left Bumper Hit
Left Bumper Hit
Left Bumper Hit
Left Bumper Hit
Left Bumper Hit
Left Bumper Hit
Left Bumper Hit
Left Bumper Hit
Left Bumper Hit
Left Bumper Hit
Left Bumper Hit
Left Bumper Hit
Left Bumper Hit
Left Bumper Hit
Left Bumper Hit
Left Bumper Hit
Left Bumper Hit
Left Bumper Hit
Left Bumper Hit
Left Bumper Hit
Left Bumper Hit
Left Bumper Hit
Right Bumper Hit
Right Bumper Hit
Right Bumper Hit
Right Bumper Hit
Right Bumper Hit
Right Bumper Hit
Right Bumper Hit
Right Bumper Hit
Right Bumper Hit
Right Bumper Hit
Right Bumper Hit
Right Bumper Hit
Right Bumper Hit
Right Bumper Hit
Right Bumper Hit
Right Bumper Hit
Right Bumper Hit
Right Bumper Hit
Right Bumper Hit
Right Bumper Hit
Right Bumper Hit
Right Bumper Hit
Right Bumper Hit
Right Bumper Hit
Right Bumper Hit
Right Bumper Hit
Right Bumper Hit
Right Bumper Hit
Right Bumper Hit
Right Bumper Hit
Right Bumper Hit
Right Bumper Hit
Right Bumper Hit
Right Bumper Hit
Right Bumper Hit
Right Bumper Hit
Right Bumper Hit
Right Bumper Hit
Right Bumper Hit
Right Bumper Hit
Right Bumper Hit
Right Bumper Hit
Right Bumper Hit
Right Bumper Hit
Right Bumper Hit
Right Bumper Hit
Right Bumper Hit
Right Bumper Hit
Right Bumper Hit
Right Bumper Hit
Right Bumper Hit
Right Bumper Hit
Right Bumper Hit
Right Bumper Hit
Right Bumper Hit
Right Bumper Hit
Right Bumper Hit
Right Bumper Hit
Right Bumper Hit
Right Bumper Hit
Right Bumper Hit
Right Bumper Hit
Right Bumper Hit
Right Bumper Hit
Right Bumper Hit
Right Bumper Hit
Right Bumper Hit
Right Bumper Hit
Right Bumper Hit
Right Bumper Hit
Right Bumper Hit
Right Bumper Hit
Please enter the height of the tether attachment point on the user (from the actuator attachment) (in):
50
Please enter the distance between the attachement point on the user and actuator (in):
56
Good. Now press a key when ready to begin the test.
a
Looping ... 
The NO Lean Tether Angle is: 43.72
43.72, 43.15
43.71, 42.59
43.70, 41.96
43.69, 41.26
43.68, 40.70
43.66, 41.24
43.65, 41.80
43.64, 40.79
43.62, 40.03
43.60, 40.03
43.59, 40.03
43.57, 40.03
43.55, 40.67
43.55, 42.08
43.54, 42.08
43.53, 40.99
43.52, 41.53
43.51, 41.53
43.49, 40.35
43.48, 40.35
43.47, 42.04
43.46, 42.04
43.45, 40.96
43.44, 40.96
43.42, 40.96
43.41, 39.80
43.39, 39.80
43.37, 40.37
43.36, 40.37
43.35, 41.28
43.34, 42.26
43.34, 42.26
43.33, 42.26
43.33, 42.26
43.32, 41.50
43.30, 40.61
43.29, 40.61
43.27, 39.51
43.25, 39.51
43.24, 41.03
43.23, 41.95
43.22, 40.97
43.21, 39.82
43.19, 39.82
43.17, 39.82
43.16, 41.10
43.16, 42.70
43.16, 42.70
43.15, 41.57
43.14, 41.57
43.13, 41.57
43.12, 41.00
43.10, 39.43
43.08, 38.62
43.06, 38.62
43.04, 39.50
43.03, 40.74
43.03, 42.24
43.02, 41.61
43.01, 41.61
43.01, 42.69
43.00, 41.50
42.99, 39.59
42.97, 40.28
42.97, 42.17
42.96, 41.59
42.95, 41.59
42.95, 42.85
42.95, 41.97
42.94, 41.10
42.94, 42.18
42.93, 42.18
42.92, 40.15
42.90, 40.15
42.90, 41.91
42.89, 41.91
42.88, 40.79
42.88, 41.41
42.87, 41.41
42.86, 41.41
42.86, 42.41
42.86, 42.41
42.85, 40.58
42.83, 40.58
42.83, 42.63
42.83, 42.63
42.82, 41.25
42.82, 41.25
42.80, 40.28
42.79, 40.28
42.78, 41.15
42.78, 41.15
42.77, 41.15
42.76, 41.15
42.76, 42.62
42.75, 41.82
42.74, 40.67
42.73, 40.67
42.73, 41.35
42.72, 41.35
42.71, 41.35
42.71, 41.35
42.69, 40.25
42.68, 40.79
42.68, 41.70
42.67, 41.70
42.66, 40.70
42.66, 41.40
42.65, 41.40
42.64, 40.29
42.63, 41.05
42.63, 42.32
42.62, 41.47
42.62, 40.96
42.61, 42.11
42.61, 42.11
42.60, 40.92
42.59, 40.41
42.58, 39.87
42.56, 39.87
42.56, 41.05
42.56, 43.39
42.56, 43.39
42.56, 42.04
42.56, 42.04
42.55, 41.33
42.54, 39.86
42.53, 39.86
42.52, 40.58
42.51, 41.19
42.50, 41.19
42.50, 41.19
42.49, 40.38
42.48, 40.38
42.47, 40.38
42.46, 40.38
42.44, 40.38
42.43, 40.38
42.43, 42.27
42.43, 42.27
42.43, 42.27
42.43, 42.27
42.43, 41.71
42.42, 40.92
42.41, 40.92
42.40, 40.12
42.39, 40.12
42.38, 40.85
42.38, 42.15
42.38, 41.44
42.36, 39.84
42.35, 39.84
42.34, 39.84
42.33, 39.84
42.32, 40.43
42.31, 41.96
42.31, 41.96
42.30, 40.71
42.30, 40.71
42.29, 40.71
42.28, 40.71
42.27, 40.71
42.27, 40.71
42.26, 40.71
42.25, 41.48
42.26, 42.90
42.25, 41.35
42.24, 39.49
42.22, 39.49
42.21, 39.49
42.20, 39.49
42.19, 40.89
42.19, 41.99
42.19, 41.19
42.18, 41.19
42.18, 41.88
42.18, 41.88
42.18, 41.88
42.17, 40.82
42.16, 40.82
42.16, 41.36
42.16, 42.39
42.16, 42.39
42.15, 40.91
42.15, 40.91
42.14, 40.91
42.14, 40.91
42.12, 39.96
42.11, 39.96
42.11, 41.29
42.11, 41.29
42.11, 42.28
42.11, 43.64
42.12, 43.64
42.12, 41.79
42.12, 41.25
42.11, 40.51
42.09, 39.48
42.09, 40.58
42.09, 42.67
42.09, 42.67
42.09, 41.72
42.10, 42.97
42.10, 42.97
42.09, 40.95
42.09, 40.43
42.08, 40.43
42.07, 40.43
42.07, 41.22
42.06, 41.22
42.05, 40.62
42.05, 40.62
42.05, 42.45
42.05, 41.87
42.04, 41.33
42.05, 42.28
42.04, 41.48
42.03, 40.27
42.03, 41.10
42.03, 42.48
42.03, 42.48
42.04, 42.48
42.04, 42.48
42.03, 41.17
42.03, 41.17
42.03, 43.20
42.05, 44.29
42.05, 42.58
42.05, 41.84
42.06, 43.55
42.06, 43.55
42.06, 42.06
42.06, 42.06
42.06, 42.06
42.06, 41.54
42.05, 40.86
42.05, 41.92
42.06, 43.22
42.06, 42.58
42.06, 42.58
42.07, 42.58
42.06, 41.28
42.05, 39.77
42.04, 39.77
42.03, 39.77
42.02, 41.17
42.03, 42.29
42.03, 43.22
42.03, 42.06
42.03, 40.89
42.02, 41.72
42.02, 41.72
42.02, 40.76
42.01, 41.35
42.02, 43.23
42.02, 42.44
42.01, 40.56
42.01, 40.56
42.00, 40.56
41.99, 40.56
41.98, 40.03
41.97, 40.03
41.97, 40.71
41.96, 41.53
41.96, 41.53
41.95, 40.31
41.95, 40.31
41.94, 41.33
41.94, 41.33
41.93, 40.69
41.93, 40.69
41.92, 39.60
41.90, 39.60
41.90, 40.93
41.91, 43.11
41.91, 42.29
41.90, 40.89
41.90, 41.51
41.90, 41.51
41.89, 39.97
41.88, 39.38
41.86, 39.38
41.85, 39.38
41.85, 40.98
41.85, 43.30
41.86, 42.57
41.85, 40.62
41.85, 40.62
41.84, 40.62
41.83, 40.01
41.83, 41.67
41.83, 42.85
41.83, 41.54
41.83, 40.77
41.83, 41.50
41.82, 41.50
41.82, 40.31
41.80, 38.72
41.78, 38.05
41.77, 38.93
41.77, 41.33
41.77, 43.55
41.78, 42.67
41.78, 41.39
41.78, 41.92
41.77, 41.09
41.76, 39.53
41.76, 40.57
41.76, 42.53
41.77, 42.53
41.76, 41.41
41.77, 42.57
41.77, 42.57
41.77, 41.56
41.77, 41.56
41.77, 41.56
41.76, 40.15
41.75, 40.15
41.75, 42.02
41.75, 41.46
41.75, 40.57
41.74, 41.07
41.74, 41.07
41.74, 41.73
41.75, 44.39
41.77, 44.39
41.77, 42.63
41.77, 41.44
41.77, 41.44
41.76, 40.33
41.75, 39.78
41.75, 41.20
41.75, 42.64
41.75, 42.11
41.75, 41.61
41.76, 43.11
41.77, 44.27
41.77, 42.34
41.77, 40.42
41.76, 40.99
41.76, 40.99
41.75, 39.69
41.74, 40.66
41.75, 42.45
41.75, 42.45
41.75, 40.93
41.74, 40.93
41.74, 40.93
41.74, 40.93
41.73, 40.93
41.73, 41.80
41.73, 41.18
41.72, 40.65
41.72, 41.18
41.72, 41.18
41.72, 41.18
41.72, 41.85
41.72, 41.85
41.71, 40.31
41.71, 41.14
41.71, 42.99
41.71, 42.09
41.71, 40.78
41.71, 41.67
41.71, 41.67
41.70, 40.21
41.69, 40.21
41.69, 41.16
41.69, 41.16
41.69, 41.16
41.69, 42.92
41.70, 42.92
41.70, 41.24
41.69, 41.24
41.69, 40.53
41.68, 40.53
41.68, 41.55
41.69, 43.44
41.70, 43.44
41.71, 42.83
41.71, 42.83
41.71, 41.59
41.71, 40.80
41.70, 40.80
41.69, 40.00
41.68, 40.00
41.68, 41.02
41.68, 42.25
41.68, 41.22
41.68, 41.22
41.68, 42.50
41.68, 41.56
41.68, 40.40
41.67, 40.40
41.66, 40.40
41.66, 40.40
41.66, 42.51
41.68, 44.40
41.68, 42.76
41.68, 40.61
41.67, 40.61
41.66, 40.61
41.66, 40.61
41.65, 40.05
41.64, 40.05
41.64, 40.05
41.63, 41.44
41.64, 42.32
41.63, 40.94
41.63, 40.15
41.63, 41.47
41.63, 41.47
41.62, 40.83
41.62, 40.83
41.61, 40.83
41.61, 40.83
41.61, 41.60
41.62, 43.26
41.62, 42.43
41.62, 40.90
41.61, 40.90
41.61, 40.90
41.60, 39.82
41.59, 39.82
41.58, 39.82
41.58, 40.49
41.58, 41.73
41.58, 42.47
41.58, 41.33
41.58, 41.33
41.59, 42.34
41.59, 41.82
41.58, 40.25
41.58, 40.97
41.58, 42.55
41.59, 42.55
41.59, 41.93
41.59, 42.66
41.60, 42.03
41.59, 41.32
41.59, 41.32
41.59, 41.32
41.59, 41.32
41.59, 41.91
41.59, 41.91
41.59, 40.48
41.58, 40.48
41.58, 41.64
41.58, 41.64
41.59, 42.33
41.59, 42.33
41.59, 40.98
41.58, 40.98
41.58, 41.65
41.59, 41.65
41.58, 40.74
41.58, 41.39
41.58, 42.16
41.58, 41.45
41.58, 41.45
41.58, 41.45
41.58, 41.45
41.58, 42.47
41.59, 43.45
41.60, 42.52
41.60, 41.07
41.60, 41.63
41.60, 43.05
41.61, 42.06
41.60, 40.87
41.60, 41.74
41.60, 41.74
41.60, 41.74
41.60, 41.74
41.61, 41.74
41.60, 40.69
41.60, 41.52
41.61, 42.69
41.61, 42.69
41.62, 42.69
41.62, 42.69
41.62, 41.39
41.62, 40.65
41.62, 41.45
41.61, 41.45
41.61, 40.22
41.60, 41.07
41.61, 42.59
41.61, 41.95
41.61, 41.11
41.61, 41.11
41.60, 41.11
41.60, 41.11
41.60, 41.70
41.60, 40.95
41.59, 39.86
41.59, 41.19
41.60, 43.57
41.60, 42.85
41.60, 41.59
41.60, 41.59
41.60, 41.59
41.60, 41.59
41.60, 41.59
41.60, 41.59
41.60, 40.67
41.60, 41.69
41.61, 42.98
41.61, 41.89
41.61, 41.29
41.61, 42.29
41.61, 42.29
41.61, 41.45
41.61, 41.45
41.61, 40.44
41.60, 40.44
41.60, 41.00
41.60, 41.81
41.60, 41.81
41.60, 41.11
41.60, 41.88
41.60, 41.21
41.59, 40.03
41.58, 40.03
41.58, 40.76
41.57, 40.76
41.57, 41.33
41.57, 42.02
41.57, 41.24
41.57, 41.24
41.57, 41.24
41.56, 40.71
41.56, 40.71
41.56, 42.37
41.57, 42.37
41.56, 40.93
41.56, 41.54
41.57, 42.62
41.57, 41.14
41.56, 40.36
41.56, 41.84
41.56, 41.84
41.56, 40.29
41.55, 40.29
41.55, 40.84
41.54, 40.84
41.55, 41.88
41.56, 43.49
41.56, 42.63
41.56, 41.80
41.56, 41.80
41.56, 41.17
41.55, 39.69
41.54, 39.69
41.54, 40.24
41.53, 40.24
41.53, 40.95
41.53, 42.57
41.53, 41.63
41.53, 40.77
41.53, 41.70
41.53, 41.70
41.53, 40.61
41.52, 40.61
41.51, 40.00
41.50, 39.12
41.49, 39.96
41.50, 41.92
41.50, 41.92
41.49, 40.79
41.49, 41.34
41.49, 41.34
41.49, 40.61
41.48, 40.61
41.48, 40.61
41.48, 40.61
41.47, 41.24
41.48, 42.23
41.48, 42.23
41.48, 41.28
41.48, 41.93
41.49, 41.93
41.48, 40.78
41.47, 39.12
41.45, 38.24
41.44, 38.80
41.44, 40.54
41.44, 41.94
41.44, 41.94
41.44, 41.94
41.45, 41.94
41.44, 41.18
41.44, 39.83
41.43, 41.08
41.44, 43.23
41.45, 43.23
41.46, 42.12
41.46, 42.12
41.46, 41.38
41.45, 40.61
41.46, 42.38
41.47, 43.25
41.47, 41.13
41.46, 40.18
41.46, 41.67
41.46, 41.67
41.45, 39.85
41.45, 39.85
41.45, 41.55
41.44, 40.93
41.44, 40.93
41.45, 42.22
41.45, 41.53
41.44, 40.08
41.43, 40.08
41.43, 40.08
41.42, 40.08
41.42, 42.00
41.44, 44.20
41.45, 43.59
41.45, 42.71
41.46, 43.28
41.47, 42.11
41.46, 41.14
41.46, 41.77
41.46, 41.13
41.45, 39.80
41.45, 40.66
41.46, 42.77
41.46, 42.77
41.46, 41.40
41.47, 42.49
41.47, 42.49
41.47, 41.05
41.47, 41.05
41.47, 41.81
41.47, 41.28
41.47, 41.28
41.47, 42.18
41.47, 41.65
41.47, 41.65
41.48, 42.53
41.49, 42.53
41.48, 40.81
41.48, 40.81
41.48, 42.00
41.48, 42.00
41.48, 40.93
41.48, 40.93
41.48, 40.93
41.47, 40.93
41.47, 40.93
41.47, 41.98
41.48, 41.98
41.47, 40.86
41.47, 40.86
41.47, 40.86
41.46, 40.86
41.46, 41.51
41.46, 41.51
41.46, 40.85
41.46, 40.85
41.47, 42.96
41.47, 42.25
41.46, 39.98
41.45, 39.20
41.44, 39.97
41.44, 39.97
41.43, 40.65
41.44, 42.30
41.44, 42.30
41.44, 41.73
41.44, 41.73
41.44, 41.73
41.44, 41.13
41.44, 40.53
41.43, 39.59
41.42, 39.59
41.42, 41.12
41.43, 42.78
41.43, 42.21
41.43, 42.21
41.44, 42.21
41.44, 41.38
41.43, 39.91
41.42, 40.46
41.42, 41.45
41.42, 41.45
41.42, 41.45
41.42, 41.45
41.42, 41.45
41.42, 41.45
41.43, 43.24
41.44, 42.35
41.43, 40.10
41.43, 40.10
41.43, 42.04
41.43, 41.05
41.42, 41.05
41.43, 42.19
41.43, 42.19
41.43, 40.44
41.42, 40.44
41.42, 40.44
41.41, 40.44
41.41, 40.95
41.41, 41.94
41.42, 41.94
41.42, 41.41
41.42, 42.47
41.42, 41.70
41.42, 40.40
41.41, 40.93
41.41, 40.93
41.40, 39.90
41.40, 40.61
41.41, 42.76
41.41, 42.76
41.41, 41.38
41.41, 41.38
41.41, 40.27
41.40, 40.27
41.41, 41.95
41.41, 43.06
41.41, 41.37
41.41, 40.44
41.41, 41.80
41.41, 41.80
41.41, 41.80
41.42, 42.61
41.42, 41.76
41.42, 40.93
41.42, 41.79
41.43, 43.11
41.43, 42.34
41.44, 41.71
41.44, 42.94
41.45, 42.40
41.45, 41.35
41.45, 42.18
41.45, 42.18
41.46, 41.65
41.46, 41.65
41.46, 41.65
41.46, 41.65
41.46, 41.65
41.47, 42.83
41.47, 42.83
41.47, 41.15
41.47, 40.60
41.46, 40.60
41.46, 40.60
41.46, 41.91
41.47, 43.09
41.47, 42.17
41.47, 41.26
41.47, 41.89
41.47, 41.21
41.47, 41.21
41.47, 41.21
41.47, 41.21
41.46, 40.54
41.46, 40.54
41.46, 42.23
41.46, 41.60
41.46, 41.00
41.46, 42.12
41.47, 42.12
41.47, 42.12
41.47, 42.12
41.47, 41.31
41.47, 40.43
41.47, 41.13
41.47, 42.32
41.47, 41.71
41.47, 41.19
41.47, 42.03
41.48, 42.03
41.47, 40.95
41.47, 40.95
41.47, 40.40
41.46, 39.53
41.45, 41.01
41.46, 43.01
41.46, 42.03
41.46, 40.92
41.46, 41.79
41.47, 41.79
41.46, 40.78
41.46, 40.78
41.45, 40.78
41.45, 40.21
41.45, 40.96
41.45, 42.25
41.45, 42.25
41.45, 41.17
41.45, 41.17
41.45, 40.51
41.44, 40.51
41.44, 41.32
41.44, 41.32
41.44, 40.78
41.44, 41.74
41.45, 42.90
41.45, 41.57
41.44, 41.02
41.45, 42.34
41.45, 42.34
41.45, 40.58
41.44, 40.58
41.44, 40.58
41.44, 40.58
41.43, 40.58
41.44, 42.10
41.44, 42.10
41.44, 41.18
41.44, 41.96
41.44, 41.96
41.44, 40.61
41.43, 40.61
41.43, 40.61
41.43, 40.61
41.43, 41.83
41.44, 43.22
41.44, 41.36
41.43, 40.02
41.43, 41.39
41.43, 41.39
41.42, 39.83
41.41, 39.07
41.40, 39.92
41.40, 41.08
41.40, 41.71
41.40, 41.71
41.40, 40.60
41.40, 40.60
41.40, 41.68
41.40, 41.13
41.39, 39.68
41.38, 39.16
41.36, 39.16
41.36, 40.41
41.36, 42.09
41.37, 43.20
41.38, 42.06
41.37, 40.95
41.37, 40.95
41.37, 40.40
41.36, 40.40
41.36, 40.40
41.36, 42.06
41.36, 41.30
41.35, 39.78
41.34, 39.78
41.34, 39.78
41.33, 39.78
41.33, 40.62
41.33, 42.33
41.34, 42.33
41.34, 41.76
41.34, 41.76
41.34, 40.35
41.33, 40.35
41.33, 41.31
41.34, 42.69
41.34, 41.42
41.33, 40.73
41.34, 41.92
41.34, 41.92
41.34, 41.06
41.34, 42.20
41.35, 42.20
41.34, 40.72
41.34, 40.72
41.35, 42.32
41.35, 42.32
41.35, 41.43
41.36, 42.15
41.35, 41.28
41.35, 40.25
41.35, 41.05
41.35, 41.05
41.34, 40.31
41.34, 41.12
41.35, 42.37
41.35, 41.80
41.35, 41.07
41.35, 42.09
41.35, 42.09
41.35, 40.87
41.35, 41.45
41.36, 43.16
41.36, 42.00
41.36, 40.82
41.36, 41.70
41.36, 41.17
41.36, 41.17
41.36, 41.89
41.37, 41.89
41.36, 40.83
41.36, 40.83
41.36, 42.16
41.37, 42.16
41.37, 42.16
41.38, 42.16
41.38, 41.54
41.38, 41.54
41.38, 41.54
41.38, 41.54
41.37, 39.95
41.37, 40.55
41.37, 42.12
41.38, 42.12
41.38, 42.12
41.39, 42.90
41.39, 42.90
41.40, 41.89
41.40, 41.89
41.40, 41.89
41.40, 40.36
41.40, 41.03
41.40, 42.77
41.41, 42.77
41.41, 41.92
41.42, 42.62
41.42, 41.85
41.42, 41.07
41.42, 41.07
41.41, 40.53
41.40, 39.79
41.40, 41.25
41.41, 42.76
41.41, 41.98
41.41, 41.29
41.42, 42.13
41.42, 42.13
41.42, 41.18
41.42, 41.83
41.42, 41.21
41.41, 40.18
41.41, 41.09
41.42, 42.33
41.42, 42.33
41.42, 41.75
41.42, 40.68
41.41, 40.11
41.41, 41.41
41.42, 43.24
41.43, 42.43
41.42, 40.64
41.42, 40.64
41.41, 40.64
41.41, 39.96
41.40, 40.67
41.41, 41.99
41.41, 41.99
41.41, 41.40
41.41, 42.39
41.42, 42.39
41.42, 40.96
41.41, 40.29
41.41, 40.29
41.40, 40.29
41.40, 42.34
41.42, 44.15
41.43, 43.40
41.43, 42.54
41.44, 42.54
41.44, 41.49
41.43, 40.53
41.43, 40.53
41.43, 41.59
41.43, 41.59
41.43, 41.59
41.44, 42.37
41.44, 42.37
41.45, 42.37
41.45, 42.37
41.45, 41.50
41.45, 40.28
41.44, 41.07
41.45, 41.72
41.44, 41.19
41.44, 41.19
41.45, 42.30
41.45, 41.54
41.45, 41.54
41.45, 42.18
41.46, 42.18
41.46, 41.58
41.46, 41.58
41.46, 41.58
41.45, 40.29
41.45, 41.08
41.46, 43.58
41.47, 43.58
41.47, 41.23
41.47, 41.23
41.47, 41.23
41.47, 41.23
41.46, 41.23
41.46, 40.37
41.45, 40.37
41.45, 41.67
41.46, 42.33
41.46, 41.26
41.46, 41.26
41.46, 42.31
41.46, 41.58
41.46, 40.11
41.45, 40.11
41.44, 40.11
41.43, 40.11
41.43, 40.79
41.43, 41.84
41.43, 41.26
41.43, 41.26
41.43, 41.26
41.43, 41.26
41.43, 41.26
41.43, 40.58
41.42, 40.58
41.42, 40.58
41.41, 40.58
41.41, 41.82
41.42, 41.82
41.42, 41.82
41.42, 42.41
41.43, 41.73
41.42, 40.57
41.41, 39.77
41.40, 39.77
41.40, 40.62
41.40, 41.66
41.41, 42.81
41.42, 42.81
41.42, 41.90
41.42, 41.90
41.42, 40.84
41.41, 40.22
41.41, 40.93
41.41, 40.93
41.40, 40.07
41.40, 40.64
41.40, 42.07
41.40, 42.07
41.40, 41.28
41.41, 42.29
41.41, 42.29
41.41, 40.46
41.40, 39.96
41.39, 39.96
41.39, 40.97
41.39, 42.04
41.40, 42.89
41.40, 41.51
41.40, 40.72
41.40, 41.87
41.40, 41.87
41.40, 41.18
41.40, 41.18
41.41, 42.47
41.41, 41.86
41.41, 41.86
41.41, 41.86
41.41, 41.34
41.41, 40.79
41.41, 41.63
41.41, 41.63
41.41, 40.59
41.41, 41.99
41.42, 43.36
41.43, 42.44
41.43, 42.44
41.44, 43.09
41.44, 42.15
41.44, 41.48
41.45, 42.36
41.45, 41.84
41.45, 40.84
41.45, 41.91
41.46, 42.92
41.45, 41.24
41.45, 39.81
41.44, 40.61
41.44, 41.61
41.45, 42.43
41.45, 42.43
41.45, 41.39
41.45, 40.06
41.44, 40.06
41.44, 41.54
41.44, 41.54
41.44, 40.88
41.44, 41.81
41.44, 41.81
41.44, 40.61
41.43, 40.61
41.43, 40.61
41.42, 40.61
41.43, 41.92
41.44, 43.56
41.44, 43.01
41.45, 41.93
41.45, 41.93
41.45, 41.93
41.45, 41.93
41.46, 41.93
41.46, 41.32
41.45, 40.13
41.45, 40.97
41.45, 42.65
41.46, 41.94
41.45, 40.98
41.45, 41.53
41.45, 41.53
41.45, 40.55
41.45, 41.05
41.45, 41.05
41.44, 40.42
41.44, 40.42
41.44, 42.16
41.44, 42.16
41.44, 40.64
41.43, 40.64
41.43, 40.64
41.43, 40.64
41.42, 40.64
41.42, 40.64
41.41, 39.98
41.41, 40.79
41.41, 42.40
41.42, 42.40
41.42, 41.65
41.42, 41.65
41.42, 40.57
41.41, 40.57
41.41, 41.27
41.41, 41.27
41.41, 40.49
41.40, 40.49
41.41, 42.24
41.41, 42.24
41.41, 41.45
41.41, 41.45
41.40, 40.30
41.40, 40.30
41.40, 41.45
41.40, 41.45
41.40, 40.82
41.40, 41.68
41.41, 43.03
41.41, 41.88
41.40, 40.63
41.40, 41.35
41.40, 41.35
41.40, 41.35
41.40, 41.35
41.40, 40.33
41.39, 39.59
41.38, 40.35
41.39, 41.64
41.39, 41.64
41.39, 41.64
41.39, 42.31
41.40, 42.31
41.40, 41.15
41.39, 41.15
41.39, 41.15
41.39, 41.15
41.39, 41.15
41.39, 42.16
41.40, 42.16
41.40, 41.33
41.40, 41.33
41.40, 41.33
41.39, 40.06
41.38, 39.21
41.37, 39.21
41.36, 39.21
41.36, 41.18
41.36, 42.59
41.36, 41.60
41.37, 41.60
41.37, 42.48
41.37, 41.74
41.37, 40.80
41.37, 40.80
41.36, 40.80
41.36, 40.80
41.36, 41.52
41.37, 43.17
41.38, 42.27
41.38, 41.17
41.38, 42.14
41.38, 42.14
41.39, 42.14
41.39, 42.14
41.39, 41.05
41.38, 40.07
41.38, 40.07
41.37, 40.07
41.36, 40.07
41.36, 41.14
41.37, 42.67
41.37, 41.86
41.37, 40.56
41.37, 41.16
41.36, 41.16
41.36, 41.16
41.37, 41.75
41.37, 42.79
41.38, 42.79
41.38, 41.77
41.38, 41.77
41.39, 41.77
41.38, 41.20
41.39, 42.50
41.40, 42.50
41.39, 40.34
41.38, 40.34
41.39, 42.25
41.39, 42.25
41.39, 41.27
41.39, 41.27
41.39, 41.27
41.39, 41.27
41.39, 41.78
41.39, 40.87
41.38, 39.79
41.38, 41.45
41.39, 43.09
41.39, 41.86
41.39, 40.81
41.39, 41.45
41.39, 41.45
41.39, 41.45
41.39, 41.45
41.39, 41.45
41.39, 41.45
41.40, 42.15
41.40, 42.99
41.41, 41.83
41.40, 41.05
41.41, 41.85
41.40, 40.98
41.40, 40.34
41.40, 41.23
41.40, 41.23
41.40, 41.23
41.40, 41.23
41.40, 42.73
41.41, 42.22
41.41, 41.52
41.41, 41.52
41.41, 41.52
41.41, 40.91
41.40, 40.91
41.40, 41.51
41.40, 41.51
41.40, 41.51
41.41, 41.51
41.41, 41.51
41.40, 40.80
41.41, 41.92
41.41, 41.92
41.41, 41.37
41.41, 41.37
41.40, 40.75
41.40, 40.17
41.39, 40.17
41.40, 42.04
41.40, 42.04
41.40, 41.19
41.40, 41.19
41.40, 41.19
41.39, 41.19
41.39, 41.19
41.39, 41.19
41.39, 40.65
41.39, 41.29
41.39, 42.72
41.40, 42.07
41.40, 41.41
41.40, 42.13
41.40, 41.30
41.39, 39.99
41.39, 39.99
41.38, 39.99
41.38, 40.71
41.38, 42.48
41.39, 42.48
41.39, 41.06
41.38, 40.44
41.38, 41.86
41.39, 41.86
41.38, 40.74
41.37, 39.63
41.36, 38.77
41.35, 38.77
41.34, 40.55
41.35, 42.10
41.35, 42.10
41.35, 41.42
41.36, 41.93
41.36, 41.36
41.35, 40.41
41.35, 40.41
41.35, 41.56
41.35, 42.77
41.36, 42.77
41.36, 40.79
41.36, 41.36
41.37, 43.40
41.38, 43.40
41.38, 42.42
41.39, 42.42
41.39, 42.42
41.40, 41.67
41.40, 41.67
41.39, 40.88
41.39, 39.67
41.38, 40.38
41.38, 42.00
41.39, 42.00
41.39, 42.00
41.39, 42.00
41.39, 41.20
41.39, 41.20
41.39, 42.02
41.40, 42.02
41.40, 42.02
41.40, 42.02
41.41, 42.02
41.41, 42.02
41.41, 42.02
41.42, 42.56
41.42, 41.12
41.42, 41.12
41.42, 41.92
41.42, 41.92
41.41, 40.15
41.41, 40.15
41.41, 42.32
41.42, 42.32
41.42, 41.09
41.42, 41.62
41.42, 41.62
41.42, 41.62
41.42, 41.62
41.42, 40.88
41.41, 39.80
41.41, 40.79
41.41, 42.45
41.41, 41.74
41.41, 41.74
41.42, 43.04
41.43, 43.04
41.43, 41.70
41.43, 41.70
41.43, 41.70
41.43, 39.88
41.42, 40.86
41.43, 43.30
41.44, 42.62
41.44, 40.97
41.43, 40.97
41.44, 41.57
41.44, 41.57
41.44, 41.57
41.44, 41.57
41.43, 40.38
41.43, 41.00
41.43, 42.37
41.44, 41.69
41.43, 40.89
41.43, 41.74
41.44, 41.74
41.44, 41.74
41.44, 41.16
41.43, 40.44
41.43, 40.44
41.42, 41.11
41.43, 42.58
41.44, 42.58
41.44, 41.92
41.44, 41.92
41.44, 41.92
41.44, 41.28
41.44, 41.28
41.44, 41.28
41.44, 41.28
41.44, 41.28
41.44, 42.08
41.44, 41.57
41.44, 41.57
41.45, 42.37
41.45, 41.66
41.45, 40.82
41.44, 40.82
41.44, 40.82
41.44, 40.82
41.44, 41.55
41.44, 42.09
41.44, 42.09
41.44, 41.57
41.45, 41.57
41.44, 40.90
41.43, 39.80
41.43, 39.80
41.42, 40.49
41.42, 40.49
41.42, 41.55
41.42, 42.81
41.43, 42.28
41.43, 41.58
41.43, 41.58
41.43, 41.58
41.43, 41.58
41.43, 41.58
41.43, 40.96
41.42, 40.17
41.42, 40.94
41.43, 42.69
41.43, 41.96
41.43, 40.87
41.43, 41.73
41.43, 41.73
41.43, 40.69
41.42, 39.97
41.41, 39.97
41.40, 39.97
41.40, 41.12
41.41, 43.09
41.42, 42.16
41.41, 41.20
41.42, 42.45
41.42, 42.45
41.42, 40.86
41.42, 40.26
41.41, 40.26
41.40, 40.26
41.41, 41.64
41.42, 43.29
41.42, 42.63
41.42, 41.54
41.42, 41.54
41.42, 41.54
41.42, 40.76
41.42, 41.52
41.43, 42.79
41.43, 42.79
41.44, 42.79
41.45, 43.55
41.46, 43.55
41.47, 42.65
41.47, 42.65
41.47, 41.61
41.47, 40.11
41.46, 40.65
41.47, 42.65
41.48, 42.65
41.48, 41.74
41.48, 41.74
41.48, 41.74
41.48, 40.94
41.48, 42.04
41.48, 42.04
41.48, 41.24
41.48, 41.24
41.48, 41.86
41.48, 41.27
41.48, 41.27
41.48, 41.27
41.48, 41.27
41.48, 42.12
41.49, 43.08
41.49, 41.76
41.48, 40.02
41.48, 40.56
41.48, 41.88
41.48, 41.20
41.47, 40.44
41.47, 40.44
41.46, 40.44
41.46, 40.44
41.46, 41.92
41.46, 41.92
41.46, 40.34
41.45, 40.34
41.46, 42.34
41.46, 42.34
41.46, 42.34
41.47, 42.34
41.47, 41.43
41.46, 39.78
41.46, 40.79
41.47, 43.10
41.47, 43.10
41.47, 41.74
41.47, 40.98
41.47, 40.98
41.47, 40.98
41.47, 40.98
41.47, 41.70
41.46, 41.15
41.47, 41.66
41.47, 43.21
41.48, 42.51
41.48, 41.06
41.48, 41.06
41.47, 40.20
41.46, 40.20
41.46, 41.51
41.47, 43.58
41.48, 43.58
41.49, 41.76
41.49, 41.76
41.48, 41.11
41.48, 41.11
41.48, 41.11
41.48, 40.30
41.47, 40.30
41.47, 41.88
41.48, 43.92
41.49, 42.48
41.48, 40.65
41.48, 41.57
41.49, 41.57
41.48, 40.70
41.48, 40.70
41.48, 41.24
41.48, 41.24
41.48, 42.07
41.49, 42.99
41.49, 42.99
41.49, 41.41
41.49, 40.79
41.48, 40.21
41.48, 40.85
41.48, 41.92
41.48, 41.36
41.48, 40.25
41.47, 40.25
41.47, 41.38
41.47, 41.38
41.46, 40.69
41.46, 40.69
41.46, 40.69
41.45, 40.69
41.45, 41.36
41.46, 42.43
41.46, 41.61
41.46, 40.94
41.46, 41.85
41.46, 42.37
41.47, 42.37
41.47, 41.49
41.46, 40.58
41.46, 40.58
41.46, 41.29
41.46, 42.50
41.46, 41.77
41.46, 41.77
41.47, 42.90
41.48, 42.90
41.48, 41.32
41.47, 39.92
41.46, 39.92
41.46, 39.92
41.45, 41.01
41.46, 42.31
41.46, 41.38
41.46, 41.38
41.46, 42.24
41.46, 41.32
41.45, 39.55
41.44, 39.55
41.43, 39.55
41.43, 40.46
41.43, 41.44
41.43, 42.35
41.43, 40.93
41.42, 39.97
41.42, 41.29
41.42, 41.29
41.42, 40.56
41.42, 41.31
41.42, 42.36
41.42, 41.07
41.42, 41.07
41.42, 41.90
41.42, 41.28
41.41, 40.64
41.41, 41.33
41.41, 41.33
41.41, 40.67
41.41, 41.31
41.41, 41.92
41.41, 41.05
41.41, 41.05
41.41, 42.25
41.42, 42.25
41.42, 41.25
41.42, 42.24
41.42, 42.24
41.42, 40.39
41.41, 40.39
41.42, 41.98
41.42, 41.98
41.42, 40.70
41.42, 41.54
41.42, 41.54
41.41, 40.46
41.41, 41.48
41.41, 41.48
41.41, 40.87
41.41, 41.77
41.42, 42.86
41.42, 41.46
41.41, 40.54
41.41, 41.29
41.41, 41.29
41.41, 41.29
41.42, 42.38
41.42, 42.38
41.42, 40.28
41.41, 40.28
41.42, 42.33
41.42, 41.77
41.41, 40.60
41.41, 40.60
41.41, 40.60
41.40, 40.60
41.40, 41.51
41.40, 41.51
41.40, 41.51
41.41, 42.37
41.41, 42.37
41.41, 40.59
41.40, 40.59
41.41, 42.06
41.41, 42.06
41.40, 40.23
41.40, 40.23
41.39, 40.23
41.39, 40.23
41.38, 40.85
41.39, 42.11
41.39, 41.37
41.38, 40.63
41.39, 41.70
41.39, 41.70
41.39, 41.70
41.39, 41.70
41.39, 40.52
41.38, 40.52
41.38, 41.32
41.39, 42.35
41.39, 41.51
41.38, 40.71
41.38, 41.59
41.39, 41.59
41.39, 41.59
41.39, 41.59
41.38, 40.86
41.38, 40.04
41.38, 41.08
41.38, 42.99
41.39, 42.38
41.39, 41.36
41.39, 41.36
41.39, 41.36
41.39, 40.86
41.39, 41.85
41.39, 41.85
41.39, 40.54
41.38, 40.54
41.39, 42.30
41.39, 42.30
41.40, 42.30
41.40, 42.30
41.40, 41.40
41.39, 40.13
41.39, 40.13
41.38, 40.13
41.38, 40.13
41.37, 40.71
41.38, 42.55
41.38, 42.55
41.39, 41.83
41.39, 42.63
41.39, 41.62
41.39, 40.31
41.38, 40.31
41.38, 40.31
41.37, 40.31
41.37, 41.15
41.37, 42.14
41.37, 41.10
41.37, 41.10
41.38, 43.26
41.39, 43.26
41.39, 40.53
41.38, 39.66
41.37, 39.66
41.36, 40.41
41.36, 41.40
41.37, 42.23
41.37, 41.11
41.36, 40.37
41.36, 41.07
41.36, 41.07
41.36, 41.07
41.36, 41.07
41.35, 39.80
41.34, 39.16
41.33, 40.01
41.33, 41.74
41.34, 41.74
41.34, 41.74
41.34, 41.74
41.34, 41.74
41.34, 40.72
41.34, 41.32
41.34, 42.53
41.35, 41.77
41.34, 40.89
41.35, 41.80
41.35, 41.22
41.34, 40.58
41.34, 41.77
41.35, 41.77
41.34, 39.51
41.33, 40.18
41.34, 42.53
41.34, 42.53
41.34, 40.49
41.33, 40.49
41.33, 40.49
41.33, 40.49
41.32, 40.49
41.32, 40.49
41.31, 40.49
41.31, 41.10
41.32, 42.88
41.32, 41.78
41.32, 40.49
41.32, 41.26
41.32, 41.26
41.31, 40.50
41.31, 41.05
41.31, 41.05
41.31, 40.25
41.30, 40.25
41.30, 41.77
41.31, 41.77
41.30, 40.67
41.30, 41.51
41.30, 41.51
41.31, 41.51
41.31, 41.51
41.31, 41.51
41.30, 40.48
41.30, 40.48
41.30, 41.60
41.30, 41.60
41.30, 41.05
41.30, 41.05
41.30, 41.05
41.29, 40.20
41.30, 41.97
41.30, 42.51
41.30, 40.94
41.30, 40.94
41.30, 41.84
41.30, 41.84
41.30, 40.85
41.30, 40.85
41.30, 41.54
41.30, 41.54
41.30, 41.54
41.30, 41.00
41.29, 39.95
41.29, 39.95
41.29, 40.78
41.28, 40.78
41.28, 40.78
41.28, 42.16
41.29, 42.16
41.29, 40.67
41.28, 40.67
41.28, 40.67
41.28, 40.67
41.27, 40.67
41.27, 41.45
41.28, 41.45
41.27, 40.77
41.28, 41.73
41.28, 41.73
41.27, 40.38
41.27, 40.38
41.26, 40.38
41.26, 40.38
41.26, 41.23
41.27, 42.59
41.27, 41.89
41.27, 40.95
41.27, 41.49
41.27, 41.49
41.27, 40.51
41.26, 39.74
41.25, 39.74
41.24, 39.74
41.24, 40.59
41.24, 41.95
41.25, 41.95
41.25, 41.95
41.25, 41.95
41.26, 41.95
41.25, 40.51
41.25, 39.60
41.24, 39.60
41.23, 39.60
41.23, 40.49
41.23, 41.34
41.23, 41.34
41.23, 41.34
41.23, 42.66
41.24, 42.66
41.24, 40.57
41.24, 40.57
41.24, 42.72
41.25, 42.72
41.25, 41.60
41.25, 41.60
41.25, 39.88
41.24, 39.88
41.24, 41.20
41.24, 41.71
41.24, 40.74
41.24, 40.74
41.24, 42.12
41.25, 42.12
41.24, 41.05
41.24, 41.05
41.24, 41.05
41.24, 41.05
41.25, 42.68
41.25, 42.10
41.25, 40.93
41.25, 41.53
41.26, 42.70
41.27, 42.70
41.27, 42.70
41.28, 42.70
41.28, 41.49
41.28, 40.78
41.28, 40.78
41.28, 40.78
41.27, 39.67
41.26, 40.29
41.26, 41.29
41.26, 41.29
41.26, 41.29
41.27, 42.10
41.27, 40.95
41.26, 40.12
41.26, 40.76
41.25, 40.76
41.25, 39.79
41.24, 40.36
41.24, 41.21
41.24, 41.21
41.25, 42.13
41.26, 43.12
41.26, 42.05
41.26, 40.29
41.25, 40.29
41.25, 40.29
41.24, 39.75
41.23, 39.75
41.23, 41.44
41.23, 41.44
41.23, 40.88
41.23, 41.46
41.23, 41.46
41.23, 40.44
41.23, 40.44
41.22, 39.87
41.21, 39.87
41.21, 40.77
41.21, 42.04
41.21, 41.19
41.21, 40.43
41.21, 40.43
41.20, 40.43
41.20, 40.43
41.19, 40.43
41.19, 41.07
41.19, 40.32
41.19, 41.20
41.20, 42.84
41.20, 41.88
41.20, 40.98
41.20, 41.73
41.21, 41.73
41.20, 40.49
41.20, 39.84
41.19, 39.21
41.18, 39.21
41.17, 40.40
41.17, 41.50
41.17, 40.59
41.16, 40.07
41.16, 41.00
41.16, 41.00
41.16, 40.19
41.15, 40.19
41.15, 40.83
41.15, 40.83
41.15, 42.01
41.16, 43.00
41.17, 41.66
41.16, 40.43
41.16, 40.43
41.16, 40.43
41.15, 40.43
41.15, 40.43
41.14, 39.73
41.13, 39.73
41.13, 41.17
41.14, 42.84
41.14, 41.63
41.14, 40.86
41.15, 41.87
41.15, 40.92
41.14, 40.40
41.14, 41.56
41.14, 40.98
41.14, 40.07
41.13, 40.07
41.13, 40.07
41.12, 40.07
41.12, 41.38
41.13, 42.62
41.13, 41.73
41.13, 40.75
41.14, 41.84
41.14, 41.84
41.14, 41.02
41.14, 41.02
41.14, 41.97
41.15, 41.97
41.15, 41.24
41.15, 42.60
41.16, 41.92
41.15, 40.04
41.15, 40.04
41.14, 40.04
41.14, 40.58
41.14, 41.76
41.14, 40.88
41.14, 40.88
41.14, 42.02
41.14, 41.31
41.14, 40.73
41.14, 41.41
41.14, 41.41
41.14, 40.65
41.14, 41.23
41.14, 41.23
41.14, 41.23
41.14, 41.23
41.15, 43.15
41.16, 42.58
41.16, 41.01
41.16, 41.01
41.16, 41.01
41.16, 41.01
41.16, 41.67
41.17, 42.18
41.17, 41.21
41.16, 40.39
41.16, 40.39
41.15, 40.39
41.15, 40.39
41.16, 42.17
41.16, 42.17
41.16, 40.63
41.16, 41.75
41.17, 43.54
41.18, 43.54
41.19, 42.35
41.20, 42.35
41.20, 41.41
41.19, 40.65
41.19, 40.65
41.19, 40.65
41.19, 40.65
41.19, 41.84
41.20, 42.80
41.20, 41.72
41.20, 40.93
41.20, 42.05
41.21, 42.05
41.21, 40.77
41.20, 40.77
41.20, 40.77
41.20, 40.77
41.20, 40.77
41.20, 42.32
41.21, 42.32
41.21, 41.24
41.21, 42.19
41.22, 42.19
41.22, 41.11
41.22, 41.11
41.22, 41.11
41.22, 41.11
41.22, 41.11
41.22, 41.65
41.22, 41.65
41.22, 41.65
41.23, 42.49
41.23, 41.91
41.23, 40.86
41.23, 40.86
41.23, 40.86
41.22, 40.86
41.23, 41.53
41.23, 42.46
41.23, 41.56
41.24, 41.56
41.24, 41.56
41.23, 40.61
41.23, 39.45
41.22, 39.99
41.22, 41.00
41.22, 41.00
41.22, 41.00
41.21, 41.00
41.21, 41.00
41.21, 41.00
41.22, 41.90
41.22, 41.07
41.21, 39.36
41.20, 39.36
41.19, 40.39
41.19, 40.39
41.19, 41.02
41.20, 42.78
41.20, 42.14
41.20, 41.12
41.20, 41.12
41.20, 41.12
41.19, 39.70
41.18, 39.06
41.17, 39.06
41.16, 39.06
41.16, 40.77
41.16, 42.39
41.17, 41.35
41.17, 41.35
41.17, 42.56
41.18, 42.06
41.17, 40.49
41.17, 39.92
41.16, 39.92
41.16, 39.92
41.16, 41.10
41.16, 42.04
41.16, 41.30
41.16, 41.30
41.17, 42.19
41.17, 42.19
41.17, 40.18
41.16, 39.31
41.15, 39.31
41.14, 39.31
41.14, 41.01
41.14, 42.07
41.14, 41.52
41.15, 41.52
41.15, 42.29
41.15, 40.99
41.14, 39.78
41.14, 40.74
41.15, 42.13
41.15, 41.46
41.15, 40.88
41.15, 41.89
41.15, 41.89
41.15, 41.08
41.16, 41.79
41.16, 41.05
41.15, 39.63
41.14, 39.63
41.14, 41.14
41.14, 41.14
41.14, 41.14
41.15, 42.28
41.15, 41.33
41.15, 41.33
41.15, 41.33
41.15, 41.33
41.15, 41.33
41.15, 41.33
41.16, 41.86
41.16, 41.02
41.15, 40.47
41.15, 41.15
41.15, 40.54
41.15, 40.54
41.15, 42.04
41.15, 42.04
41.15, 40.56
41.15, 40.56
41.16, 42.47
41.16, 41.78
41.16, 40.79
41.16, 41.48
41.16, 41.48
41.16, 41.48
41.16, 41.48
41.17, 41.48
41.16, 40.35
41.16, 40.98
41.16, 42.00
41.16, 41.28
41.17, 41.28
41.17, 41.28
41.16, 40.41
41.16, 40.41
41.16, 40.98
41.15, 40.35
41.15, 39.70
41.15, 41.14
41.15, 42.30
41.15, 41.10
41.15, 40.60
41.15, 40.60
41.14, 40.60
41.14, 39.92
41.14, 40.67
41.13, 40.67
41.12, 39.37
41.12, 40.53
41.13, 42.02
41.13, 41.04
41.12, 40.53
41.12, 41.50
41.12, 40.88
41.12, 40.18
41.11, 40.18
41.11, 40.18
41.10, 39.16
41.10, 40.36
41.10, 41.66
41.09, 40.44
41.09, 39.84
41.09, 41.23
41.09, 41.23
41.09, 40.52
41.08, 40.52
41.07, 39.18
41.07, 39.18
41.06, 40.78
41.08, 43.33
41.08, 42.73
41.09, 41.48
41.09, 41.48
41.09, 41.48
41.08, 39.85
41.08, 39.85
41.07, 39.85
41.06, 39.85
41.06, 40.36
41.06, 41.51
41.06, 40.94
41.06, 40.36
41.06, 41.10
41.06, 40.48
41.05, 39.27
41.04, 39.81
41.04, 40.80
41.04, 40.80
41.04, 40.80
41.04, 42.12
41.04, 41.23
41.04, 40.68
41.05, 41.83
41.05, 40.94
41.04, 39.30
41.03, 39.30
41.02, 39.86
41.02, 39.86
41.02, 40.92
41.02, 42.38
41.03, 42.38
41.03, 41.49
41.03, 41.49
41.04, 41.49
41.04, 40.94
41.04, 40.94
41.03, 40.06
41.03, 40.06
41.02, 40.80
41.03, 42.30
41.04, 42.30
41.04, 41.29
41.04, 41.29
41.04, 41.29
41.04, 40.74
41.04, 40.74
41.04, 40.74
41.04, 40.74
41.03, 40.74
41.04, 41.76
41.04, 40.92
41.04, 40.92
41.04, 42.03
41.04, 41.22
41.04, 39.76
41.03, 40.32
41.04, 41.91
41.04, 41.91
41.05, 41.91
41.05, 41.91
41.05, 41.01
41.05, 41.01
41.05, 41.01
41.05, 41.01
41.05, 40.42
41.05, 41.69
41.06, 43.14
41.07, 42.21
41.07, 41.18
41.07, 41.77
41.07, 41.77
41.08, 41.77
41.09, 43.19
41.09, 42.12
41.08, 39.44
41.08, 39.44
41.07, 40.68
41.07, 39.88
41.06, 39.88
41.06, 40.74
41.06, 40.74
41.06, 40.74
41.06, 42.70
41.08, 43.37
41.07, 40.55
41.06, 37.82
41.04, 37.82
41.02, 36.94
40.99, 35.84
40.97, 35.84
40.93, 32.70
40.87, 29.55
40.81, 29.55
40.76, 29.55
40.69, 27.40
40.61, 25.41
40.53, 24.59
40.44, 21.83
40.33, 19.08
40.22, 17.99
40.10, 15.21
39.95, 11.21
39.81, 10.33
39.66, 11.07
39.50, 7.87
39.33, 4.11
39.14, 3.10
38.95, 0.73
38.75, -1.87
38.54, -2.40
38.33, -3.48
38.11, -5.61
37.89, -6.13
37.67, -6.13
37.45, -7.43
37.22, -8.44
36.99, -8.44
36.75, -10.04
36.51, -12.01
36.26, -12.62
36.02, -12.62
35.78, -12.62
35.54, -11.97
35.31, -10.43
35.07, -11.99
34.83, -13.06
34.60, -11.98
34.36, -12.99
34.11, -14.55
33.87, -14.55
33.63, -14.55
33.39, -14.55
33.15, -13.73
32.92, -12.59
32.69, -14.51
32.44, -15.80
32.21, -14.21
31.98, -14.21
31.74, -16.33
31.50, -16.33
31.26, -15.46
31.03, -15.46
30.80, -14.73
30.57, -14.73
30.34, -15.72
30.11, -15.72
29.89, -13.76
29.67, -13.76
29.45, -15.19
29.22, -15.96
28.99, -15.96
28.77, -15.96
28.55, -15.96
28.34, -13.70
28.12, -14.69
27.90, -15.96
27.69, -14.79
27.47, -14.79
27.26, -16.08
27.04, -16.68
26.82, -16.68
26.60, -16.68
26.39, -15.43
26.19, -13.71
25.99, -13.71
25.79, -14.73
25.59, -13.83
25.39, -13.83
25.18, -15.96
24.98, -15.96
24.78, -14.35
24.59, -14.35
24.39, -15.15
24.19, -14.29
24.00, -14.29
23.81, -14.80
23.62, -14.80
23.42, -15.64
23.22, -16.64
23.02, -15.57
22.84, -14.09
22.65, -14.70
22.46, -14.70
22.28, -14.70
22.09, -14.70
21.91, -14.09
21.74, -12.96
21.56, -14.79
21.37, -16.59
21.18, -15.16
21.01, -13.58
20.83, -14.73
20.65, -15.27
20.48, -14.10
20.30, -14.65
20.12, -15.28
19.95, -14.74
19.77, -15.64
19.59, -16.80
19.41, -15.27
19.25, -13.33
19.08, -14.48
18.91, -15.17
18.74, -14.00
18.58, -14.80
18.40, -16.25
18.23, -16.25
18.06, -15.65
17.89, -16.43
17.72, -15.69
17.56, -13.62
17.41, -13.62
17.24, -15.48
17.08, -15.48
16.92, -15.48
16.75, -17.08
16.58, -16.30
16.43, -14.11
16.27, -14.76
16.11, -15.71
15.96, -14.76
15.80, -14.76
15.65, -15.72
15.49, -15.72
15.33, -15.72
15.18, -15.72
15.03, -14.20
14.89, -13.22
14.75, -13.22
14.61, -14.06
14.46, -14.06
14.31, -15.58
14.16, -16.93
14.00, -16.93
13.85, -16.93
13.69, -16.41
13.55, -15.46
13.41, -14.38
13.27, -15.11
13.12, -15.11
12.99, -13.67
12.85, -14.72
12.70, -16.59
12.55, -17.41
12.40, -17.41
12.26, -16.68
12.12, -15.24
12.00, -13.07
11.87, -13.07
11.74, -14.58
11.61, -14.58
11.47, -15.22
11.33, -16.92
11.19, -16.92
11.06, -15.19
10.93, -13.43
10.81, -14.67
10.67, -16.64
10.54, -15.79
10.41, -13.84
10.29, -13.84
10.17, -15.15
10.05, -14.11
9.92, -14.11
9.80, -14.90
9.68, -14.17
9.56, -15.28
9.42, -16.76
9.30, -15.61
9.18, -14.33
9.06, -15.14
8.94, -15.14
8.82, -15.14
8.69, -16.20
8.56, -17.02
8.44, -16.00
8.33, -14.57
8.21, -15.24
8.09, -15.24
7.98, -13.16
7.87, -14.11
7.76, -15.54
7.65, -14.21
7.54, -14.21
7.42, -16.02
7.30, -16.02
7.20, -13.06
7.10, -13.66
6.99, -14.95
6.88, -14.22
6.77, -14.93
6.66, -15.69
6.55, -15.06
6.44, -15.59
6.32, -16.58
6.22, -15.50
6.11, -13.96
6.01, -15.05
5.90, -15.57
5.80, -13.84
5.70, -13.84
5.60, -16.10
5.48, -16.87
5.37, -16.87
5.26, -16.35
5.16, -15.11
5.07, -13.31
4.97, -14.61
4.86, -16.09
4.77, -14.29
4.68, -13.47
4.58, -14.33
4.48, -15.03
4.38, -15.54
4.28, -15.54
4.19, -15.04
4.10, -13.68
4.00, -14.96
3.90, -16.06
3.81, -15.02
3.71, -15.59
3.61, -17.03
3.50, -17.03
3.40, -16.48
3.31, -16.48
3.21, -16.48
3.12, -14.13
3.03, -15.02
2.93, -16.05
2.84, -14.95
2.76, -14.95
2.67, -14.95
2.57, -16.68
2.47, -17.36
2.37, -16.78
2.29, -15.01
2.21, -13.83
2.12, -15.02
2.03, -15.63
1.95, -14.43
1.86, -14.95
1.77, -16.50
1.68, -16.50
1.59, -16.50
1.50, -16.50
1.42, -15.10
1.34, -13.84
1.26, -15.04
1.18, -15.04
1.10, -13.85
1.02, -14.80
0.93, -16.91
0.85, -15.89
0.78, -13.62
0.70, -13.62
0.63, -13.62
0.57, -12.78
0.49, -14.41
0.41, -15.14
0.34, -14.17
0.26, -14.75
0.18, -16.14
0.10, -15.48
0.04, -13.71
-0.04, -14.77
-0.12, -15.85
-0.19, -15.00
-0.27, -15.62
-0.35, -15.62
-0.42, -14.43
-0.49, -15.68
-0.58, -17.38
-0.65, -16.07
-0.72, -13.74
-0.79, -14.89
-0.87, -16.02
-0.94, -14.71
-1.01, -14.71
-1.08, -15.70
-1.14, -14.30
-1.21, -14.30
-1.28, -15.93
-1.36, -15.93
-1.42, -14.46
-1.49, -15.22
-1.56, -15.22
-1.63, -14.70
-1.70, -15.98
-1.77, -15.98
-1.83, -14.01
-1.89, -14.55
-1.97, -16.29
-2.04, -16.29
-2.10, -14.39
-2.16, -14.39
-2.22, -14.39
-2.28, -13.00
-2.33, -14.00
-2.40, -15.95
-2.47, -15.95
-2.54, -15.95
-2.60, -15.95
-2.66, -14.61
-2.72, -12.88
-2.77, -13.61
-2.83, -14.58
-2.88, -13.73
-2.94, -15.01
-3.02, -17.27
-3.09, -17.27
-3.16, -17.27
-3.23, -17.27
-3.29, -15.37
-3.34, -12.85
-3.39, -13.56
-3.45, -14.95
-3.50, -14.38
-3.56, -15.26
-3.63, -16.61
-3.69, -16.61
-3.75, -16.61
-3.82, -16.61
-3.88, -15.92
-3.93, -14.65
-3.99, -14.65
-4.04, -14.65
-4.09, -14.65
-4.15, -15.84
-4.22, -17.16
-4.28, -17.16
-4.35, -17.16
-4.41, -16.58
-4.46, -14.95
-4.50, -13.17
-4.55, -14.01
-4.60, -14.75
-4.64, -13.10
-4.69, -13.61
-4.75, -15.81
-4.80, -15.81
-4.86, -15.81
-4.92, -16.79
-4.97, -16.04
-5.02, -14.07
-5.06, -14.07
-5.11, -15.24
-5.16, -13.74
-5.20, -13.74
-5.25, -15.94
-5.31, -16.52
-5.36, -16.52
-5.42, -17.34
-5.48, -16.10
-5.52, -13.45
-5.56, -13.45
-5.60, -14.30
-5.64, -14.30
-5.69, -15.25
-5.74, -16.06
-5.79, -14.66
-5.83, -13.28
-5.87, -14.50
-5.91, -14.50
-5.95, -13.87
-6.00, -14.73
-6.04, -15.46
-6.09, -14.87
-6.14, -15.93
-6.19, -17.61
-6.24, -16.21
-6.28, -13.66
-6.32, -14.87
-6.37, -16.25
-6.42, -15.13
-6.46, -15.65
-6.51, -15.65
-6.55, -14.29
-6.59, -14.99
-6.64, -17.15
-6.70, -17.15
-6.74, -14.75
-6.78, -14.75
-6.81, -13.99
-6.85, -13.24
-6.89, -15.17
-6.93, -16.17
-6.97, -14.52
-7.01, -14.52
-7.05, -15.91
-7.10, -15.91
-7.13, -14.42
-7.18, -15.48
-7.22, -16.11
-7.26, -14.18
-7.29, -14.18
-7.33, -15.21
-7.36, -14.18
-7.40, -14.97
-7.45, -16.58
-7.48, -14.73
-7.51, -12.98
-7.55, -15.24
-7.59, -16.36
-7.63, -15.05
-7.67, -15.99
-7.72, -17.74
-7.77, -17.74
-7.82, -16.51
-7.86, -16.51
-7.90, -15.47
-7.93, -13.86
-7.96, -14.69
-8.00, -15.76
-8.04, -14.85
-8.07, -14.85
-8.11, -16.03
-8.15, -16.03
-8.19, -16.03
-8.23, -16.03
-8.26, -14.73
-8.29, -13.52
-8.32, -14.91
-8.36, -15.43
-8.38, -13.57
-8.41, -14.31
-8.45, -16.34
-8.49, -16.34
-8.53, -16.34
-8.57, -16.34
-8.60, -15.13
-8.62, -13.26
-8.65, -14.03
-8.69, -15.30
-8.71, -14.50
-8.74, -14.50
-8.78, -16.40
-8.82, -16.40
-8.86, -16.40
-8.90, -17.11
-8.93, -15.89
-8.96, -14.12
-8.99, -15.09
-9.03, -16.00
-9.05, -14.86
-9.09, -15.40
-9.13, -17.28
-9.17, -17.89
-9.21, -16.94
-9.24, -15.94
-9.28, -15.94
-9.31, -15.94
-9.34, -15.94
-9.38, -15.94
-9.41, -15.94
-9.44, -15.22
-9.47, -15.22
-9.50, -16.47
-9.53, -15.56
-9.55, -13.76
-9.58, -14.61
-9.61, -15.61
-9.63, -14.33
-9.66, -14.33
-9.69, -16.41
-9.72, -16.41
-9.75, -14.98
-9.78, -14.98
-9.81, -16.30
-9.83, -14.93
-9.86, -14.42
-9.88, -14.42
-9.90, -14.42
-9.93, -14.42
-9.96, -16.28
-9.98, -14.97
-10.00, -12.66
-10.01, -13.57
-10.04, -14.66
-10.06, -13.86
-10.08, -15.19
-10.11, -16.22
-10.13, -14.42
-10.16, -14.42
-10.18, -15.61
-10.21, -15.61
-10.22, -13.25
-10.24, -14.15
-10.27, -15.54
-10.29, -14.71
-10.32, -14.71
-10.34, -14.71
-10.35, -13.17
-10.37, -14.68
-10.40, -16.79
-10.43, -15.90
-10.45, -13.72
-10.47, -13.72
-10.49, -14.69
-10.50, -13.69
-10.52, -14.31
-10.55, -15.82
-10.57, -15.82
-10.60, -15.82
-10.63, -15.82
-10.65, -14.92
-10.66, -13.11
-10.68, -14.13
-10.70, -15.42
-10.72, -14.50
-10.74, -15.55
-10.78, -17.26
-10.81, -17.26
-10.84, -17.26
-10.87, -17.26
-10.90, -15.19
-10.90, -12.74
-10.92, -13.44
-10.93, -14.23
-10.95, -14.23
-10.97, -15.66
-11.00, -17.14
-11.04, -17.14
-11.06, -16.58
-11.09, -16.58
-11.11, -14.79
-11.12, -12.88
-11.13, -14.10
-11.15, -15.26
-11.17, -14.45
-11.19, -15.31
-11.22, -16.48
-11.24, -16.48
-11.27, -16.48
-11.30, -17.35
-11.33, -16.30
-11.34, -14.36
-11.36, -14.36
-11.38, -15.32
-11.40, -15.32
-11.42, -15.89
-11.44, -16.89
-11.47, -16.89
-11.50, -16.89
-11.53, -16.89
-11.55, -15.41
-11.56, -13.50
-11.57, -14.18
-11.58, -14.18
-11.59, -13.08
-11.60, -14.02
-11.62, -16.25
-11.65, -16.25
-11.66, -14.06
-11.67, -14.06
-11.68, -14.06
-11.69, -13.33
-11.71, -14.72
-11.72, -14.72
-11.73, -13.57
-11.75, -14.61
-11.77, -15.84
-11.78, -14.62
-11.79, -14.62
-11.82, -16.46
-11.84, -16.46
-11.85, -14.04
-11.87, -14.79
-11.88, -15.48
-11.90, -15.48
-11.92, -15.48
-11.94, -15.48
-11.95, -14.26
-11.96, -14.26
-11.98, -16.02
-12.00, -15.14
-12.00, -12.96
-12.01, -13.61
-12.03, -15.01
-12.04, -14.28
-12.05, -14.28
-12.06, -14.28
-12.07, -14.28
-12.09, -15.68
-12.11, -16.78
-12.13, -15.28
-12.13, -13.51
-12.15, -14.76
-12.17, -15.63
-12.17, -13.70
-12.18, -13.70
-12.19, -14.98
-12.21, -14.98
-12.22, -14.98
-12.25, -17.52
-12.28, -17.52
-12.29, -15.27
-12.31, -15.85
-12.33, -15.85
-12.33, -14.15
-12.35, -14.83
-12.37, -16.31
-12.39, -16.31
-12.41, -16.31
-12.43, -16.31
-12.44, -15.41
-12.45, -14.10
-12.46, -14.99
-12.47, -14.99
-12.48, -13.76
-12.49, -13.76
-12.50, -15.44
-12.52, -16.43
-12.54, -16.43
-12.56, -15.82
-12.57, -15.12
-12.58, -14.56
-12.59, -15.49
-12.61, -15.49
-12.62, -14.30
-12.63, -15.40
-12.66, -17.41
-12.68, -17.41
-12.70, -17.41
-12.73, -17.41
-12.74, -15.92
-12.75, -13.73
-12.76, -14.50
-12.77, -15.19
-12.78, -14.23
-12.79, -15.00
-12.81, -16.86
-12.83, -16.86
-12.84, -15.62
-12.86, -15.62
-12.87, -15.62
-12.88, -14.28
-12.88, -14.28
-12.89, -15.18
-12.90, -14.10
-12.91, -14.10
-12.92, -15.59
-12.94, -16.51
-12.96, -17.07
-12.98, -17.07
-12.99, -15.81
-13.00, -13.72
-13.00, -13.72
-13.00, -13.72
-13.01, -13.72
-13.02, -14.79
-13.03, -16.53
-13.05, -15.89
-13.06, -14.60
-13.07, -15.24
-13.08, -15.24
-13.08, -13.75
-13.08, -13.75
-13.09, -14.76
-13.10, -14.08
-13.11, -14.85
-13.12, -16.50
-13.14, -15.81
-13.14, -14.01
-13.15, -14.01
-13.15, -14.01
-13.15, -14.01
-13.16, -14.01
-13.16, -14.01
-13.16, -13.39
-13.17, -14.50
-13.18, -15.87
-13.19, -15.09
-13.19, -13.12
-13.20, -13.71
-13.20, -14.82
-13.21, -13.97
-13.21, -14.50
-13.22, -15.19
-13.23, -14.37
-13.24, -14.37
-13.25, -15.73
-13.26, -14.94
-13.26, -13.98
-13.27, -15.03
-13.28, -15.03
-13.28, -14.29
-13.29, -14.29
-13.30, -15.05
-13.30, -14.09
-13.31, -14.09
-13.32, -15.98
-13.33, -15.98
-13.35, -15.98
-13.36, -15.98
-13.37, -15.47
-13.37, -14.58
-13.38, -14.58
-13.39, -15.13
-13.40, -14.52
-13.41, -15.39
-13.42, -16.20
-13.43, -16.20
-13.45, -16.20
-13.47, -17.28
-13.48, -15.94
-13.48, -13.29
-13.48, -13.29
-13.48, -14.92
-13.49, -14.28
-13.50, -15.20
-13.51, -17.09
-13.53, -17.09
-13.54, -15.86
-13.56, -15.86
-13.57, -15.86
-13.57, -14.40
-13.58, -15.10
-13.59, -15.10
-13.59, -15.10
-13.60, -15.61
-13.62, -16.36
-13.63, -16.36
-13.65, -16.36
-13.66, -16.36
-13.67, -15.31
-13.67, -14.02
-13.68, -15.15
-13.68, -15.15
-13.69, -14.47
-13.69, -14.47
-13.70, -16.14
-13.72, -16.77
-13.73, -16.77
-13.75, -16.77
-13.76, -15.67
-13.76, -14.39
-13.77, -14.96
-13.77, -14.96
-13.77, -13.76
-13.78, -14.62
-13.79, -17.00
-13.81, -17.00
-13.81, -14.72
-13.82, -14.72
-13.83, -16.12
-13.84, -16.12
-13.85, -16.12
-13.86, -15.20
-13.86, -13.81
-13.87, -15.37
-13.89, -17.58
-13.90, -16.67
-13.90, -14.62
-13.91, -14.62
-13.91, -14.62
-13.91, -14.62
-13.92, -14.62
-13.92, -14.62
-13.92, -13.98
-13.93, -14.77
-13.94, -17.07
-13.96, -17.07
-13.96, -14.95
-13.97, -14.95
-13.97, -14.95
-13.97, -13.45
-13.97, -14.55
-13.98, -15.34
-13.98, -13.89
-13.98, -14.40
-13.99, -16.71
-14.01, -16.71
-14.01, -14.27
-14.01, -14.27
-14.02, -15.07
-14.02, -13.96
-14.02, -14.86
-14.03, -16.30
-14.04, -16.30
-14.06, -17.00
-14.08, -17.70
-14.09, -16.45
-14.09, -14.10
-14.09, -14.10
-14.09, -14.10
-14.09, -14.10
-14.09, -15.04
-14.10, -15.89
-14.11, -15.89
-14.12, -15.89
-14.13, -16.97
-14.14, -15.48
-14.14, -13.10
-14.14, -14.29
-14.14, -15.68
-14.14, -14.09
-14.14, -14.09
-14.15, -16.01
-14.16, -16.61
-14.18, -16.61
-14.19, -16.05
-14.19, -15.10
-14.19, -14.03
-14.19, -14.83
-14.20, -14.83
-14.19, -13.19
-14.20, -14.94
-14.21, -17.29
-14.23, -17.29
-14.24, -16.32
-14.25, -16.32
-14.25, -15.33
-14.25, -14.56
-14.26, -15.56
-14.27, -15.56
-14.27, -14.73
-14.27, -14.73
-14.28, -16.18
-14.29, -16.18
-14.30, -16.18
-14.31, -16.18
-14.32, -16.18
-14.32, -14.71
-14.33, -15.58
-14.33, -15.58
-14.34, -14.91
-14.34, -14.91
-14.35, -16.01
-14.35, -14.92
-14.34, -12.86
-14.34, -13.48
-14.34, -14.78
-14.34, -14.78
-14.35, -15.79
-14.35, -15.26
-14.35, -13.30
-14.35, -14.44
-14.36, -16.64
-14.37, -16.64
-14.37, -14.66
-14.38, -14.66
-14.38, -14.66
-14.38, -13.94
-14.38, -15.25
-14.39, -16.06
-14.39, -14.82
-14.39, -14.82
-14.40, -15.75
-14.41, -16.26
-14.41, -15.11
-14.42, -15.11
-14.42, -14.41
-14.41, -13.26
-14.41, -14.26
-14.41, -15.38
-14.42, -14.88
-14.42, -14.88
-14.43, -16.52
-14.44, -15.70
-14.43, -14.08
-14.43, -14.62
-14.44, -14.62
-14.43, -13.87
-14.43, -14.68
-14.44, -16.01
-14.45, -16.01
-14.46, -16.01
-14.46, -16.01
-14.47, -15.07
-14.46, -13.60
-14.46, -14.67
-14.47, -15.38
-14.47, -15.38
-14.48, -15.38
-14.49, -16.17
-14.50, -16.17
-14.51, -17.26
-14.52, -17.26
-14.53, -15.02
-14.52, -13.18
-14.52, -14.16
-14.52, -15.53
-14.53, -15.53
-14.53, -15.53
-14.54, -16.41
-14.55, -16.41
-14.56, -16.41
-14.57, -16.41
-14.57, -15.03
-14.57, -13.98
-14.57, -14.82
-14.57, -14.82
-14.57, -13.88
-14.57, -14.83
-14.58, -16.36
-14.59, -16.36
-14.60, -16.36
-14.61, -16.97
-14.61, -15.82
-14.61, -13.64
-14.61, -14.68
-14.61, -15.74
-14.61, -14.26
-14.61, -14.76
-14.63, -17.24
-14.64, -17.83
-14.65, -16.73
-14.66, -16.73
-14.67, -16.73
-14.67, -14.52
-14.67, -14.52
-14.67, -15.12
-14.67, -13.80
-14.67, -14.74
-14.68, -16.90
-14.69, -15.93
-14.68, -13.86
-14.69, -14.99
-14.69, -16.03
-14.69, -14.78
-14.69, -14.78
-14.69, -14.78
-14.69, -13.68
-14.69, -14.67
-14.69, -15.92
-14.69, -14.74
-14.69, -14.74
-14.70, -16.32
-14.71, -15.17
-14.70, -13.22
-14.70, -14.12
-14.70, -15.03
-14.70, -14.44
-14.70, -15.04
-14.70, -15.04
-14.70, -14.39
-14.70, -14.89
-14.71, -16.34
-14.71, -15.70
-14.71, -14.17
-14.71, -15.43
-14.72, -16.22
-14.72, -14.68
-14.72, -14.68
-14.73, -16.12
-14.73, -16.12
-14.74, -15.46
-14.74, -15.98
-14.75, -15.98
-14.75, -14.84
-14.75, -14.84
-14.75, -14.84
-14.75, -14.05
-14.75, -15.20
-14.76, -15.99
-14.76, -14.95
-14.76, -14.95
-14.77, -16.52
-14.77, -15.53
-14.77, -13.91
-14.77, -14.70
-14.77, -14.70
-14.76, -12.96
-14.76, -14.66
-14.77, -17.29
-14.79, -18.40
-14.80, -18.40
-14.81, -16.34
-14.81, -14.42
-14.80, -13.44
-14.80, -14.91
-14.80, -14.91
-14.80, -13.75
-14.80, -15.30
-14.82, -17.51
-14.83, -17.51
-14.84, -17.51
-14.85, -16.82
-14.86, -15.40
-14.85, -13.40
-14.84, -14.06
-14.85, -15.26
-14.85, -15.26
-14.85, -15.26
-14.86, -16.57
-14.87, -16.57
-14.87, -15.94
-14.88, -15.94
-14.88, -15.94
-14.88, -14.02
-14.87, -14.02
-14.87, -14.59
-14.87, -13.57
-14.86, -14.23
-14.87, -16.09
-14.88, -16.76
-14.89, -16.76
-14.90, -16.76
-14.90, -15.39
-14.90, -14.26
-14.90, -14.86
-14.90, -14.86
-14.89, -13.99
-14.90, -15.60
-14.91, -17.69
-14.92, -16.69
-14.92, -14.24
-14.92, -15.18
-14.92, -15.70
-14.91, -13.23
-14.90, -13.23
-14.90, -14.83
-14.90, -14.31
-14.90, -14.81
-14.91, -16.27
-14.91, -15.57
-14.91, -13.96
-14.91, -15.29
-14.91, -16.27
-14.91, -14.31
-14.91, -14.31
-14.91, -15.15
-14.90, -14.01
-14.90, -14.01
-14.90, -15.77
-14.91, -16.48
-14.91, -15.15
-14.91, -15.15
-14.92, -15.15
-14.91, -13.82
-14.91, -14.43
-14.91, -16.17
-14.92, -16.17
-14.93, -16.17
-14.93, -16.17
-14.94, -15.47
-14.93, -13.81
-14.93, -15.22
-14.94, -16.63
-14.94, -15.21
-14.94, -15.21
-14.95, -16.34
-14.96, -16.34
-14.97, -16.86
-14.98, -16.86
-14.98, -16.10
-14.98, -13.98
-14.97, -13.98
-14.97, -14.54
-14.96, -12.79
-14.95, -14.06
-14.96, -16.60
-14.97, -16.60
-14.98, -16.60
-14.99, -17.28
-14.99, -16.01
-14.99, -14.43
-14.99, -15.25
-14.99, -15.25
-14.99, -13.95
-14.99, -14.64
-14.99, -16.22
-15.00, -16.81
-15.01, -16.81
-15.02, -16.81
-15.02, -15.62
-15.02, -14.02
-15.02, -14.58
-15.01, -14.58
-15.01, -14.58
-15.02, -15.66
-15.03, -16.95
-15.03, -16.95
-15.04, -16.31
-15.05, -16.31
-15.05, -15.24
-15.05, -14.57
-15.05, -15.37
-15.05, -15.37
-15.04, -13.94
-15.05, -15.74
-15.06, -17.66
-15.07, -17.66
-15.09, -17.66
-15.10, -17.06
-15.10, -16.09
-15.09, -13.81
-15.09, -13.81
-15.09, -14.66
-15.08, -14.66
-15.09, -15.96
-15.10, -16.79
-15.10, -16.21
-15.10, -14.60
-15.10, -14.60
-15.09, -14.60
-15.09, -14.60
-15.09, -15.59
-15.10, -15.59
-15.09, -13.87
-15.09, -14.38
-15.09, -16.33
-15.10, -16.33
-15.10, -14.73
-15.10, -14.73
-15.09, -14.73
-15.09, -13.25
-15.08, -13.89
-15.08, -14.61
-15.07, -13.52
-15.07, -14.46
-15.07, -16.47
-15.08, -15.75
-15.07, -14.30
-15.07, -15.33
-15.08, -15.33
-15.07, -13.66
-15.06, -13.66
-15.06, -14.93
-15.06, -13.97
-15.05, -13.97
-15.06, -16.25
-15.06, -16.25
-15.06, -14.54
-15.06, -14.54
-15.06, -15.12
-15.05, -13.79
-15.04, -13.79
-15.05, -15.81
-15.05, -15.81
-15.06, -15.81
-15.06, -15.81
-15.06, -14.89
-15.05, -13.92
-15.05, -15.19
-15.06, -15.71
-15.05, -14.17
-15.05, -14.17
-15.05, -16.33
-15.06, -16.99
-15.07, -16.99
-15.08, -16.19
-15.08, -14.57
-15.07, -13.53
-15.07, -15.33
-15.08, -16.11
-15.07, -14.80
-15.07, -14.80
-15.08, -16.43
-15.09, -16.43
-15.09, -16.43
-15.10, -16.43
-15.10, -15.46
-15.09, -13.69
-15.09, -14.63
-15.09, -15.44
-15.09, -14.83
-15.10, -16.00
-15.11, -17.80
-15.12, -17.80
-15.13, -17.16
-15.14, -15.86
-15.13, -14.37
-15.13, -13.61
-15.13, -15.24
-15.13, -15.24
-15.12, -14.21
-15.12, -14.89
-15.13, -16.52
-15.14, -17.34
-15.15, -17.34
-15.16, -17.34
-15.16, -14.87
-15.16, -14.25
-15.16, -15.82
-15.16, -15.82
-15.16, -13.75
-15.15, -14.55
-15.16, -15.81
-15.16, -15.81
-15.16, -15.81
-15.17, -15.81
-15.17, -15.16
-15.16, -13.42
-15.15, -13.92
-15.15, -15.00
-15.15, -14.36
-15.14, -14.36
-15.15, -16.30
-15.15, -16.30
-15.15, -13.91
-15.14, -13.91
-15.14, -14.83
-15.13, -14.23
-15.13, -14.93
-15.14, -15.58
-15.14, -15.58
-15.15, -16.57
-15.16, -17.54
-15.16, -15.95
-15.15, -13.63
-15.15, -13.63
-15.15, -15.26
-15.15, -15.26
-15.15, -15.26
-15.15, -15.26
-15.15, -14.73
-15.15, -15.49
-15.16, -16.66
-15.15, -15.00
-15.14, -12.65
-15.13, -12.65
-15.12, -14.05
-15.13, -15.63
-15.13, -16.23
-15.13, -15.37
-15.13, -15.37
-15.13, -14.39
-15.13, -14.39
-15.13, -15.41
-15.14, -16.64
-15.14, -15.67
-15.13, -13.51
-15.12, -13.51
-15.12, -14.44
-15.11, -13.52
-15.11, -14.35
-15.11, -16.15
-15.12, -16.15
-15.13, -16.97
-15.14, -17.49
-15.14, -15.88
-15.14, -13.62
-15.13, -14.52
-15.13, -15.33
-15.13, -14.11
-15.13, -15.23
-15.14, -17.21
-15.15, -17.21
-15.16, -16.53
-15.16, -16.53
-15.16, -15.56
-15.16, -13.80
-15.15, -14.48
-15.16, -15.73
-15.16, -14.68
-15.15, -14.68
-15.16, -16.39
-15.17, -16.39
-15.17, -16.39
-15.18, -16.39
-15.18, -16.39
-15.18, -14.15
-15.18, -14.76
-15.18, -15.42
-15.17, -13.74
-15.16, -13.74
-15.17, -16.39
-15.18, -17.45
-15.19, -17.45
-15.20, -16.81
-15.20, -15.21
-15.19, -13.92
-15.19, -14.88
-15.19, -14.88
-15.19, -14.28
-15.19, -15.93
-15.20, -17.92
-15.22, -18.64
-15.24, -18.10
-15.24, -16.89
-15.24, -15.21
-15.23, -13.55
-15.23, -14.43
-15.23, -15.25
-15.23, -14.13
-15.22, -14.81
-15.23, -16.75
-15.24, -16.75
-15.23, -14.51
-15.24, -15.38
-15.24, -16.30
-15.24, -15.14
-15.24, -15.14
-15.24, -15.14
-15.23, -14.38
-15.23, -14.38
-15.23, -15.91
-15.24, -15.91
-15.23, -14.26
-15.23, -14.99
-15.23, -15.68
-15.23, -14.98
-15.23, -14.98
-15.23, -14.32
-15.21, -12.74
-15.21, -14.42
-15.22, -17.08
-15.23, -16.42
-15.22, -14.02
-15.21, -14.02
-15.21, -14.02
-15.20, -13.03
-15.19, -14.42
-15.20, -15.68
-15.19, -14.59
-15.19, -14.59
-15.20, -16.48
-15.20, -15.47
-15.19, -13.56
-15.19, -14.49
-15.19, -15.27
-15.18, -14.18
-15.18, -14.88
-15.18, -14.88
-15.17, -13.81
-15.17, -14.82
-15.18, -17.16
-15.19, -17.16
-15.19, -15.28
-15.19, -15.91
-15.20, -15.91
-15.19, -14.67
-15.20, -15.50
-15.20, -16.13
-15.20, -15.22
-15.20, -15.22
-15.21, -16.84
-15.22, -16.84
-15.22, -16.84
-15.23, -16.11
-15.23, -15.43
-15.23, -14.76
-15.23, -15.34
-15.23, -15.34
-15.23, -14.50
-15.23, -15.45
-15.23, -16.73
-15.24, -16.73
-15.25, -16.73
-15.26, -16.73
-15.26, -15.73
-15.25, -12.93
-15.24, -13.49
-15.24, -15.16
-15.24, -15.16
-15.24, -15.16
-15.24, -15.16
-15.24, -15.16
-15.24, -16.15
-15.25, -16.78
-15.25, -14.83
-15.23, -12.92
-15.23, -14.33
-15.23, -15.61
-15.23, -14.36
-15.22, -14.36
-15.23, -16.06
-15.24, -17.43
-15.25, -17.43
-15.26, -17.43
-15.26, -15.57
-15.26, -14.43
-15.26, -15.55
-15.26, -15.55
-15.25, -13.87
-15.25, -13.87
-15.25, -15.68
-15.26, -16.59
-15.27, -17.16
-15.27, -17.16
-15.28, -15.56
-15.27, -14.08
-15.27, -14.84
-15.27, -15.52
-15.27, -15.52
-15.27, -15.52
-15.28, -16.55
-15.28, -16.55
-15.29, -16.55
-15.30, -16.55
-15.29, -14.54
-15.28, -13.45
-15.28, -14.86
-15.28, -15.79
-15.29, -15.79
-15.29, -15.79
-15.29, -16.30
-15.29, -14.06
-15.27, -12.48
-15.27, -14.54
-15.27, -15.72
-15.27, -14.17
-15.26, -14.17
-15.26, -14.89
-15.25, -13.72
-15.25, -14.81
-15.26, -16.39
-15.26, -15.31
-15.25, -13.57
-15.24, -14.47
-15.24, -15.34
-15.24, -13.98
-15.24, -14.96
-15.24, -16.17
-15.24, -14.45
-15.23, -14.45
-15.24, -16.21
-15.24, -15.43
-15.23, -14.07
-15.23, -14.07
-15.22, -14.07
-15.21, -13.21
-15.21, -15.16
-15.22, -16.17
-15.21, -14.80
-15.21, -14.80
-15.22, -16.45
-15.22, -16.45
-15.22, -14.28
-15.22, -14.28
-15.21, -14.28
-15.20, -13.75
-15.20, -13.75
-15.20, -15.61
-15.20, -16.25
-15.21, -16.83
-15.22, -16.83
-15.21, -14.13
-15.20, -12.91
-15.20, -14.96
-15.21, -16.22
-15.21, -15.13
-15.21, -15.13
-15.21, -15.13
-15.20, -15.13
-15.21, -16.59
-15.22, -16.59
-15.21, -14.35
-15.20, -12.76
-15.20, -14.03
-15.19, -14.87
-15.19, -13.76
-15.18, -13.76
-15.18, -14.77
-15.18, -14.77
-15.18, -15.28
-15.18, -16.08
-15.18, -14.46
-15.16, -12.06
-15.15, -13.33
-15.15, -15.19
-15.15, -15.19
-15.15, -15.19
-15.16, -16.14
-15.16, -16.14
-15.17, -16.14
-15.18, -17.00
-15.18, -16.19
-15.18, -14.47
-15.18, -15.06
-15.18, -15.06
-15.17, -14.08
-15.17, -14.86
-15.18, -16.64
-15.19, -16.64
-15.19, -16.64
-15.20, -16.64
-15.21, -16.64
-15.20, -13.99
-15.19, -13.99
-15.19, -13.99
-15.18, -13.99
-15.18, -13.99
-15.18, -15.79
-15.18, -15.79
-15.19, -15.79
-15.19, -15.79
-15.19, -15.27
-15.18, -14.21
-15.18, -15.06
-15.18, -15.06
-15.18, -14.32
-15.18, -15.18
-15.19, -16.72
-15.20, -17.65
-15.21, -17.65
-15.22, -16.52
-15.22, -15.26
-15.21, -13.89
-15.21, -14.85
-15.21, -15.56
-15.21, -14.19
-15.20, -14.19
-15.21, -16.61
-15.21, -16.61
-15.21, -14.67
-15.21, -15.40
-15.21, -15.40
-15.21, -13.87
-15.20, -14.59
-15.21, -15.64
-15.21, -15.64
-15.21, -15.64
-15.21, -15.64
-15.21, -14.70
-15.20, -13.35
-15.20, -14.38
-15.20, -15.63
-15.20, -15.63
-15.21, -16.20
-15.21, -16.20
-15.21, -15.57
-15.21, -15.57
-15.22, -15.57
-15.22, -15.57
-15.21, -14.36
-15.21, -15.17
-15.21, -15.17
-15.21, -13.87
-15.20, -14.53
-15.21, -15.78
-15.20, -14.47
-15.20, -14.47
-15.20, -16.18
-15.20, -15.07
-15.19, -13.11
-15.19, -14.66
-15.19, -15.73
-15.19, -14.73
-15.19, -15.52
-15.19, -15.52
-15.19, -14.42
-15.19, -15.22
-15.20, -17.47
-15.21, -17.47
-15.21, -15.19
-15.21, -15.19
-15.21, -15.19
-15.20, -13.03
-15.19, -13.03
-15.19, -15.31
-15.20, -16.47
-15.21, -17.16
-15.22, -17.78
-15.23, -16.67
-15.22, -14.41
-15.22, -14.41
-15.22, -15.30
-15.21, -13.98
-15.21, -14.96
-15.22, -17.12
-15.23, -17.12
-15.24, -17.12
-15.25, -17.12
-15.25, -15.74
-15.25, -14.64
-15.25, -16.13
-15.26, -16.95
-15.26, -15.28
-15.26, -15.28
-15.27, -16.64
-15.28, -16.64
-15.28, -16.64
-15.29, -16.64
-15.29, -15.81
-15.29, -14.06
-15.28, -14.06
-15.28, -15.06
-15.27, -14.00
-15.27, -14.60
-15.27, -16.06
-15.28, -16.65
-15.29, -17.20
-15.30, -17.20
-15.30, -15.79
-15.30, -14.03
-15.29, -14.86
-15.29, -14.86
-15.29, -14.08
-15.29, -15.34
-15.30, -17.69
-15.31, -17.69
-15.32, -17.11
-15.33, -17.11
-15.33, -15.69
-15.32, -14.40
-15.33, -15.68
-15.33, -16.58
-15.33, -15.40
-15.33, -15.40
-15.34, -16.35
-15.35, -17.13
-15.36, -17.13
-15.37, -17.13
-15.37, -15.81
-15.36, -14.31
-15.36, -14.98
-15.36, -15.61
-15.36, -15.61
-15.36, -15.61
-15.37, -16.89
-15.37, -15.31
-15.36, -13.50
-15.36, -14.20
-15.35, -14.20
-15.34, -14.20
-15.34, -14.20
-15.33, -14.20
-15.33, -14.20
-15.33, -15.27
-15.34, -17.17
-15.34, -16.25
-15.34, -14.49
-15.34, -15.30
-15.34, -16.28
-15.34, -15.65
-15.35, -16.17
-15.35, -16.17
-15.35, -14.53
-15.35, -15.32
-15.36, -17.14
-15.36, -15.88
-15.35, -13.52
-15.34, -14.35
-15.34, -15.45
-15.35, -15.45
-15.35, -16.45
-15.36, -16.45
-15.36, -15.28
-15.36, -15.28
-15.36, -17.00
-15.37, -17.00
-15.37, -15.37
-15.37, -15.37
-15.37, -15.37
-15.36, -13.78
-15.36, -14.55
-15.36, -15.58
-15.35, -14.09
-15.35, -14.09
-15.35, -15.82
-15.35, -15.82
-15.35, -13.98
-15.34, -14.86
-15.35, -15.71
-15.34, -14.44
-15.34, -14.44
-15.33, -14.44
-15.33, -14.44
-15.33, -15.02
-15.33, -16.17
-15.33, -15.30
-15.32, -14.03
-15.32, -15.18
-15.33, -15.93
-15.32, -14.45
-15.32, -14.45
-15.32, -16.23
-15.33, -16.23
-15.33, -16.23
-15.34, -17.00
-15.34, -15.86
-15.33, -13.71
-15.33, -14.45
-15.33, -15.50
-15.33, -14.74
-15.32, -14.74
-15.33, -16.36
-15.33, -16.36
-15.34, -17.10
-15.35, -17.10
-15.35, -14.86
-15.34, -13.18
-15.34, -14.92
-15.34, -16.53
-15.34, -15.51
-15.34, -15.51
-15.35, -15.51
-15.35, -15.51
-15.35, -15.51
-15.35, -16.88
-15.36, -16.18
-15.35, -14.27
-15.35, -14.98
-15.35, -15.68
-15.35, -13.98
-15.34, -13.98
-15.34, -16.38
-15.35, -17.32
-15.36, -17.32
-15.38, -17.91
-15.38, -16.31
-15.37, -13.39
-15.36, -13.39
-15.36, -14.38
-15.35, -14.38
-15.35, -15.72
-15.37, -17.67
-15.38, -17.67
-15.39, -17.67
-15.40, -16.84
-15.40, -15.64
-15.39, -13.44
-15.38, -13.44
-15.37, -14.45
-15.37, -14.45
-15.37, -15.02
-15.37, -16.67
-15.38, -16.67
-15.39, -17.25
-15.40, -17.77
-15.41, -16.51
-15.40, -14.41
-15.40, -15.14
-15.40, -15.90
-15.40, -15.04
-15.40, -15.04
-15.40, -15.57
-15.40, -14.90
-15.39, -14.16
-15.39, -15.72
-15.39, -15.72
-15.39, -14.32
-15.39, -15.27
-15.39, -16.19
-15.39, -14.87
-15.39, -14.87
-15.39, -16.04
-15.39, -15.01
-15.38, -14.22
-15.39, -16.17
-15.39, -16.93
-15.39, -14.99
-15.39, -14.99
-15.39, -14.45
-15.37, -13.01
-15.37, -13.77
-15.37, -15.67
-15.37, -15.16
-15.36, -13.74
-15.35, -14.60
-15.35, -15.22
-15.35, -14.19
-15.34, -14.72
-15.35, -15.49
-15.35, -15.49
-15.35, -15.49
-15.35, -15.99
-15.35, -15.25
-15.35, -14.52
-15.35, -15.92
-15.35, -15.92
-15.34, -13.85
-15.34, -13.85
-15.33, -14.70
-15.33, -14.70
-15.33, -15.59
-15.34, -17.03
-15.34, -15.51
-15.33, -13.66
-15.33, -14.97
-15.33, -15.90
-15.33, -14.60
-15.33, -14.60
-15.33, -15.78
-15.33, -15.78
-15.33, -15.78
-15.33, -15.78
-15.33, -14.74
-15.32, -13.94
-15.32, -14.94
-15.32, -14.94
-15.31, -13.61
-15.31, -14.42
-15.31, -15.38
-15.31, -15.38
-15.31, -16.48
-15.33, -17.41
-15.33, -16.22
-15.32, -13.54
-15.31, -13.54
-15.31, -15.14
-15.31, -14.59
-15.31, -15.44
-15.32, -16.98
-15.32, -16.98
-15.33, -16.98
-15.34, -16.98
-15.34, -15.75
-15.34, -14.02
-15.33, -14.89
-15.33, -14.89
-15.33, -14.11
-15.32, -14.11
-15.32, -15.55
-15.32, -15.55
-15.33, -16.39
-15.33, -16.39
-15.34, -15.77
-15.33, -14.51
-15.33, -14.51
-15.33, -15.10
-15.32, -14.44
-15.32, -15.12
-15.33, -16.62
-15.34, -17.62
-15.35, -17.62
-15.36, -17.62
-15.36, -15.67
-15.35, -13.73
-15.35, -14.83
-15.35, -15.75
-15.35, -14.26
-15.35, -14.95
-15.36, -17.22
-15.37, -17.98
-15.38, -17.98
-15.39, -16.65
-15.39, -15.08
-15.37, -12.60
-15.36, -12.60
-15.36, -15.25
-15.37, -17.03
-15.37, -16.49
-15.37, -14.94
-15.37, -14.94
-15.37, -15.77
-15.37, -14.91
-15.37, -15.55
-15.38, -16.76
-15.38, -15.30
-15.36, -13.21
-15.36, -14.57
-15.36, -15.67
-15.36, -14.37
-15.35, -14.37
-15.35, -15.16
-15.35, -14.16
-15.34, -14.16
-15.34, -15.63
-15.34, -15.09
-15.33, -13.64
-15.33, -15.19
-15.34, -16.80
-15.34, -15.30
-15.33, -14.69
-15.33, -14.69
-15.32, -13.70
-15.32, -14.89
-15.33, -16.59
-15.33, -16.59
-15.33, -14.57
-15.33, -14.57
-15.32, -14.57
-15.31, -13.18
-15.31, -14.59
-15.31, -16.41
-15.32, -15.86
-15.32, -15.86
-15.33, -17.06
-15.33, -15.54
-15.32, -13.55
-15.31, -14.39
-15.32, -15.60
-15.32, -15.60
-15.32, -15.60
-15.32, -16.43
-15.33, -16.43
-15.34, -16.43
-15.34, -16.43
-15.35, -16.43
-15.34, -14.88
-15.34, -14.88
-15.34, -14.88
-15.33, -13.48
-15.33, -14.74
-15.34, -17.22
-15.35, -17.22
-15.36, -17.22
-15.36, -17.22
-15.37, -15.78
-15.36, -14.35
-15.36, -15.03
-15.36, -15.03
-15.35, -13.52
-15.34, -14.18
-15.35, -16.06
-15.35, -16.06
-15.35, -16.06
-15.36, -16.74
-15.36, -15.90
-15.36, -14.19
-15.35, -14.19
-15.35, -15.32
-15.35, -14.23
-15.34, -14.97
-15.35, -16.88
-15.36, -16.88
-15.37, -16.88
-15.37, -16.88
-15.37, -15.17
-15.37, -14.06
-15.37, -15.27
-15.37, -15.27
-15.36, -13.68
-15.35, -14.34
-15.36, -16.25
-15.37, -17.10
-15.37, -17.10
-15.38, -17.10
-15.39, -15.81
-15.38, -14.82
-15.39, -15.93
-15.39, -15.93
-15.39, -14.80
-15.38, -14.80
-15.39, -15.97
-15.39, -17.03
-15.40, -17.03
-15.41, -17.03
-15.41, -14.79
-15.40, -13.26
-15.39, -14.96
-15.40, -15.83
-15.39, -14.12
-15.39, -14.66
-15.39, -16.84
-15.41, -17.85
-15.42, -17.85
-15.42, -16.63
-15.42, -14.35
-15.40, -12.72
-15.40, -14.27
-15.40, -15.94
-15.40, -15.94
-15.41, -15.94
-15.41, -16.55
-15.41, -15.38
-15.40, -13.70
-15.40, -14.51
-15.40, -14.51
-15.38, -12.81
-15.37, -12.81
-15.36, -13.93
-15.35, -13.00
-15.34, -13.98
-15.34, -15.08
-15.34, -15.08
-15.34, -15.08
-15.35, -16.89
-15.35, -16.11
-15.34, -14.07
-15.34, -14.07
-15.34, -15.21
-15.34, -15.21
-15.34, -15.21
-15.34, -15.21
-15.33, -14.18
-15.32, -14.18
-15.32, -15.38
-15.32, -14.61
-15.31, -13.62
-15.31, -14.77
-15.32, -16.72
-15.32, -16.72
-15.32, -14.56
-15.32, -15.39
-15.32, -15.99
-15.32, -14.55
-15.32, -15.24
-15.33, -16.78
-15.33, -16.78
-15.34, -16.78
-15.35, -16.78
-15.35, -15.94
-15.35, -14.40
-15.34, -14.94
-15.35, -15.89
-15.35, -15.10
-15.35, -15.62
-15.35, -16.25
-15.35, -14.98
-15.35, -14.98
-15.35, -16.55
-15.36, -16.55
-15.37, -16.55
-15.37, -15.66
-15.36, -14.52
-15.35, -13.67
-15.35, -14.97
-15.36, -15.79
-15.35, -14.94
-15.35, -14.94
-15.36, -16.57
-15.36, -16.57
-15.37, -16.57
-15.38, -17.09
-15.38, -15.96
-15.38, -14.56
-15.38, -15.25
-15.38, -15.25
-15.37, -14.30
-15.37, -14.99
-15.38, -17.07
-15.39, -17.07
-15.39, -17.07
-15.40, -16.21
-15.40, -14.92
-15.38, -13.07
-15.38, -14.31
-15.38, -15.89
-15.38, -14.98
-15.38, -14.98
-15.38, -15.90
-15.39, -16.63
-15.39, -16.63
-15.40, -16.63
-15.39, -14.59
-15.38, -12.78
-15.37, -13.88
-15.37, -15.31
-15.37, -15.31
-15.38, -15.95
-15.38, -15.95
-15.38, -15.95
-15.38, -15.95
-15.39, -16.73
-15.39, -15.72
-15.39, -13.94
-15.38, -14.45
-15.38, -15.48
-15.38, -14.88
-15.38, -14.88
-15.38, -16.47
-15.39, -16.47
-15.38, -14.67
-15.38, -14.67
-15.38, -14.67
-15.37, -14.67
-15.37, -15.46
-15.37, -15.46
-15.37, -14.65
-15.37, -14.65
-15.37, -16.45
-15.38, -16.45
-15.37, -14.37
-15.37, -14.37
-15.37, -14.96
-15.36, -14.40
-15.36, -15.46
-15.36, -15.99
-15.36, -14.92
-15.36, -15.71
-15.37, -15.71
-15.36, -14.01
-15.35, -14.01
-15.36, -16.19
-15.36, -16.19
-15.35, -14.08
-15.35, -14.08
-15.35, -15.39
-15.35, -15.39
-15.35, -16.24
-15.36, -16.24
-15.35, -14.28
-15.35, -14.28
-15.35, -16.15
-15.35, -16.15
-15.35, -14.02
-15.34, -14.02
-15.34, -14.63
-15.33, -13.21
-15.32, -14.19
-15.32, -15.28
-15.32, -15.28
-15.32, -15.28
-15.32, -16.18
-15.33, -15.47
-15.32, -14.11
-15.32, -14.87
-15.32, -15.69
-15.32, -14.74
-15.32, -15.36
-15.32, -16.08
-15.32, -15.53
-15.32, -15.53
-15.33, -16.27
-15.33, -15.37
-15.32, -14.53
-15.32, -15.57
-15.33, -15.57
-15.32, -14.16
-15.31, -14.16
-15.32, -16.35
-15.33, -17.14
-15.34, -17.14
-15.35, -17.14
-15.35, -15.24
-15.33, -13.06
-15.33, -13.94
-15.33, -15.12
-15.32, -14.51
-15.32, -15.25
-15.33, -16.04
-15.33, -16.04
-15.33, -16.04
-15.34, -16.73
-15.34, -15.91
-15.34, -14.28
-15.33, -14.28
-15.33, -14.92
-15.32, -13.94
-15.32, -14.80
-15.33, -16.37
-15.33, -16.92
-15.34, -16.92
-15.35, -17.45
-15.36, -16.69
-15.35, -14.63
-15.35, -13.93
-15.34, -13.93
-15.33, -13.21
-15.32, -14.26
-15.33, -15.45
-15.33, -15.45
-15.33, -16.21
-15.33, -16.21
-15.34, -15.55
-15.33, -14.66
-15.34, -15.86
-15.34, -15.86
-15.34, -15.86
-15.34, -15.86
-15.35, -15.86
-15.35, -15.86
-15.35, -16.37
-15.36, -15.87
-15.35, -14.25
-15.34, -13.70
-15.34, -15.57
-15.34, -15.57
-15.34, -13.73
-15.33, -13.73
-15.33, -15.95
-15.33, -15.95
-15.33, -14.30
-15.32, -14.30
-15.32, -15.47
-15.32, -14.82
-15.32, -15.38
-15.32, -15.38
-15.32, -14.53
-15.31, -14.53
-15.32, -15.54
-15.32, -15.54
-15.31, -13.77
-15.31, -14.65
-15.31, -15.34
-15.30, -14.01
-15.29, -14.01
-15.29, -15.25
-15.29, -15.25
-15.30, -16.16
-15.31, -17.79
-15.32, -16.43
-15.31, -13.60
-15.30, -13.60
-15.29, -14.57
-15.29, -14.57
-15.29, -15.60
-15.29, -15.60
-15.29, -14.09
-15.28, -14.69
-15.29, -16.35
-15.29, -15.37
-15.28, -13.51
-15.28, -14.50
-15.28, -15.45
-15.28, -14.69
-15.27, -14.69
-15.27, -14.69
-15.27, -14.69
-15.27, -15.26
-15.27, -16.69
-15.28, -15.92
-15.27, -13.93
-15.26, -13.93
-15.26, -14.65
-15.25, -13.56
-15.25, -14.46
-15.25, -15.62
-15.25, -15.62
-15.26, -16.56
-15.27, -17.57
-15.27, -16.21
-15.27, -13.92
-15.26, -14.51
-15.26, -15.21
-15.26, -13.98
-15.25, -14.70
-15.26, -17.05
-15.28, -17.56
-15.28, -16.42
-15.28, -15.81
-15.28, -15.06
-15.28, -14.15
-15.27, -14.80
-15.27, -14.80
-15.26, -13.46
-15.26, -15.04
-15.27, -17.28
-15.29, -17.93
-15.30, -17.93
-15.31, -17.26
-15.31, -15.59
-15.30, -12.89
-15.29, -12.89
-15.28, -14.81
-15.28, -14.17
-15.27, -14.17
-15.28, -16.57
-15.29, -17.66
-15.30, -17.66
-15.31, -16.70
-15.31, -15.10
-15.30, -13.35
-15.29, -14.46
-15.30, -15.71
-15.29, -14.82
-15.29, -14.82
-15.30, -16.41
-15.31, -17.16
-15.32, -17.74
-15.33, -17.74
-15.34, -16.17
-15.32, -12.12
-15.30, -11.58
-15.30, -14.84
-15.31, -17.13
-15.31, -16.53
-15.31, -14.94
-15.31, -14.94
-15.31, -14.94
-15.31, -14.94
-15.31, -15.90
-15.32, -16.92
-15.32, -15.88
-15.31, -14.21
-15.31, -15.07
-15.31, -15.58
-15.31, -13.87
-15.30, -14.40
-15.30, -15.18
-15.30, -13.94
-15.29, -13.94
-15.29, -15.29
-15.28, -14.34
-15.28, -13.68
-15.28, -15.41
-15.28, -15.41
-15.27, -14.16
-15.27, -14.91
-15.27, -15.51
-15.26, -14.16
-15.26, -15.10
-15.27, -17.19
Right Bumper Hit
Actuator Went Out of Bounds, Ending Test for Safety.
