=~=~=~=~=~=~=~=~=~=~=~= PuTTY log 2022.04.02 13:48:51 =~=~=~=~=~=~=~=~=~=~=~=
Beginning Test Setup/Calibration
BendLabs Calibration routine
Press a key when the sensor is flat and straight on a table
a
Good. Now press a key when the sensor is flat on table but bent at 90 degrees (along X axis).
a
BendLabsCalibration complete.
Actuator Centering...
Left Bumper Hit
Left Bumper Hit
Left Bumper Hit
Left Bumper Hit
Left Bumper Hit
Left Bumper Hit
Left Bumper Hit
Left Bumper Hit
Left Bumper Hit
Left Bumper Hit
Left Bumper Hit
Left Bumper Hit
Left Bumper Hit
Left Bumper Hit
Left Bumper Hit
Left Bumper Hit
Left Bumper Hit
Left Bumper Hit
Left Bumper Hit
Left Bumper Hit
Left Bumper Hit
Left Bumper Hit
Left Bumper Hit
Left Bumper Hit
Left Bumper Hit
Left Bumper Hit
Left Bumper Hit
Left Bumper Hit
Right Bumper Hit
Right Bumper Hit
Right Bumper Hit
Right Bumper Hit
Right Bumper Hit
Right Bumper Hit
Right Bumper Hit
Right Bumper Hit
Right Bumper Hit
Right Bumper Hit
Right Bumper Hit
Right Bumper Hit
Right Bumper Hit
Please enter the height of the tether attachment point on the user (from the actuator attachment) (in):
5
Please enter the distance between the attachement point on the user and actuator (in):
56
Good. Now press a key when ready to begin the test.
a
The NO Lean Tether Angle is: 41.65
41.65, 42.64
41.65, 44.39
41.66, 45.95
41.66, 45.95
41.66, 45.95
41.66, 46.52
41.67, 46.52
41.67, 55.23
41.69, 75.87
41.71, 90.50
41.73, 83.75
41.74, 62.17
41.75, 47.40
41.75, 45.62
41.75, 46.78
41.75, 46.78
41.76, 46.78
41.76, 46.78
41.76, 46.78
41.76, 46.78
41.77, 47.43
41.77, 48.32
41.77, 48.95
41.78, 48.95
41.78, 47.36
41.78, 46.53
41.79, 46.53
41.79, 46.53
41.79, 45.38
41.79, 44.73
41.79, 45.64
41.80, 48.05
41.80, 49.75
41.80, 49.75
41.81, 51.90
41.82, 57.17
41.83, 61.01
41.84, 59.11
41.84, 53.10
41.84, 48.98
41.85, 47.92
41.85, 46.92
41.85, 46.06
41.85, 46.06
41.86, 46.06
41.86, 46.59
41.86, 46.59
41.86, 46.59
41.87, 47.25
41.87, 47.25
41.87, 47.25
41.87, 47.25
41.88, 46.75
41.88, 46.75
41.88, 52.79
41.90, 67.08
41.91, 77.20
41.93, 72.63
41.94, 57.94
41.94, 47.90
41.94, 46.60
41.95, 47.16
41.95, 47.16
41.95, 47.16
41.95, 47.16
41.96, 46.29
41.96, 46.29
41.96, 46.89
41.96, 49.26
41.97, 50.93
41.97, 50.93
41.98, 50.93
41.98, 49.86
41.99, 49.86
41.99, 48.98
41.99, 47.96
41.99, 47.21
42.00, 47.21
42.00, 48.35
42.00, 48.96
42.01, 48.96
42.01, 48.96
42.01, 47.76
42.02, 47.22
42.02, 47.22
42.02, 47.22
42.02, 47.22
42.03, 48.14
42.03, 49.73
42.04, 50.86
42.04, 50.86
42.04, 49.97
42.05, 47.95
42.05, 46.59
42.05, 46.59
42.05, 48.17
42.06, 49.00
42.06, 49.00
42.06, 49.00
42.07, 48.40
42.07, 48.40
42.07, 48.40
42.08, 48.40
42.08, 48.40
42.08, 47.85
42.09, 47.85
42.09, 47.85
42.09, 49.33
42.10, 50.17
42.10, 50.17
42.10, 50.17
42.11, 48.76
42.11, 48.12
42.11, 48.12
42.12, 48.12
42.12, 48.12
42.12, 48.12
42.13, 49.50
42.13, 50.28
42.14, 50.28
42.14, 50.28
42.14, 50.28
42.15, 50.28
42.15, 50.28
42.16, 49.59
42.16, 48.83
42.16, 48.28
42.16, 48.28
42.17, 48.86
42.17, 50.19
42.18, 51.11
42.18, 51.11
42.18, 50.49
42.19, 49.13
42.19, 48.21
42.19, 48.21
42.20, 48.94
42.20, 48.94
42.20, 48.94
42.21, 48.29
42.21, 47.76
42.21, 47.76
42.22, 47.76
42.22, 47.76
42.22, 47.76
42.22, 48.55
42.23, 49.55
42.23, 50.27
42.24, 49.75
42.24, 48.22
42.24, 47.16
42.24, 47.16
42.25, 47.16
42.25, 47.78
42.25, 47.78
42.26, 48.41
42.26, 49.33
42.26, 50.00
42.27, 49.47
42.27, 47.95
42.27, 46.89
42.27, 46.89
42.28, 46.89
42.28, 47.42
42.28, 47.42
42.28, 48.26
42.29, 49.77
42.29, 50.85
42.30, 50.06
42.30, 47.76
42.30, 46.16
42.30, 46.16
42.31, 54.32
42.32, 73.48
42.35, 86.97
42.37, 80.61
42.37, 60.42
42.38, 46.60
42.38, 44.99
42.38, 46.18
42.38, 46.18
42.38, 46.18
42.39, 46.18
42.39, 45.59
42.39, 45.59
42.39, 45.59
42.39, 47.69
42.40, 48.90
42.40, 48.90
42.40, 47.72
42.40, 47.08
42.41, 47.08
42.41, 47.08
42.41, 47.73
42.41, 47.73
42.42, 47.73
42.42, 46.87
42.42, 46.30
42.42, 46.30
42.43, 46.30
42.43, 46.30
42.43, 46.81
42.43, 47.36
42.43, 48.61
42.44, 49.52
42.44, 49.52
42.44, 47.72
42.45, 46.78
42.45, 46.78
42.45, 46.78
42.45, 46.78
42.46, 46.09
42.46, 46.70
42.46, 48.29
42.46, 49.41
42.47, 49.41
42.47, 48.14
42.47, 47.46
42.47, 47.46
42.48, 51.16
42.49, 59.84
42.50, 65.94
42.51, 62.97
42.52, 53.63
42.52, 47.22
42.52, 45.98
42.52, 45.36
42.52, 44.67
42.52, 44.67
42.52, 44.67
42.53, 53.12
42.54, 73.12
42.56, 79.97
42.57, 63.92
42.58, 49.33
42.58, 47.08
42.58, 48.43
42.59, 48.43
42.59, 46.91
42.59, 46.91
42.59, 47.50
42.60, 48.01
42.60, 48.01
42.60, 49.08
42.60, 49.59
42.61, 49.59
42.61, 48.85
42.61, 47.14
42.62, 45.95
42.62, 45.95
42.62, 47.60
42.62, 48.47
42.63, 48.47
42.63, 47.93
42.63, 47.93
42.63, 47.93
42.64, 47.93
42.64, 47.93
42.64, 47.93
42.64, 47.93
42.65, 47.93
42.65, 48.52
42.65, 48.52
42.66, 49.87
42.66, 50.53
42.66, 50.53
42.67, 49.35
42.67, 46.60
42.67, 44.69
42.67, 45.22
42.67, 47.20
42.68, 48.53
42.68, 49.13
42.68, 50.07
42.69, 50.79
42.69, 50.79
42.70, 49.86
42.70, 47.68
42.70, 46.17
42.70, 46.78
42.70, 48.76
42.71, 50.11
42.71, 50.11
42.71, 48.90
42.72, 48.24
42.72, 48.24
42.72, 47.61
42.72, 45.99
42.73, 44.80
42.73, 44.80
42.73, 46.78
42.73, 47.83
42.73, 47.83
42.74, 46.83
42.74, 46.29
42.74, 46.29
42.74, 46.29
42.74, 47.13
42.75, 47.13
42.75, 47.84
42.75, 48.54
42.75, 49.06
42.76, 49.06
42.76, 48.03
42.76, 47.49
42.76, 47.49
42.77, 47.49
42.77, 46.75
42.77, 46.75
42.77, 46.75
42.77, 46.75
42.78, 46.75
42.78, 46.22
42.78, 46.22
42.78, 45.56
42.78, 45.56
42.78, 45.56
42.79, 45.56
42.79, 45.56
42.79, 45.56
42.79, 46.69
42.79, 47.38
42.80, 47.38
42.80, 46.88
42.80, 46.88
42.80, 46.88
42.81, 54.69
42.82, 73.82
42.85, 87.36
42.86, 80.69
42.87, 59.72
42.87, 45.35
42.87, 43.76
42.88, 45.23
42.88, 45.23
42.88, 45.23
42.88, 45.23
42.88, 43.78
42.88, 42.98
42.88, 42.98
42.88, 44.69
42.88, 45.57
42.88, 45.57
42.88, 45.57
42.89, 44.98
42.89, 44.98
42.89, 44.98
42.89, 46.25
42.89, 47.00
42.89, 46.50
42.89, 45.02
42.89, 44.00
42.90, 44.00
42.90, 44.00
42.90, 44.00
42.90, 44.00
42.90, 44.00
42.90, 45.57
42.90, 46.49
42.90, 46.49
42.90, 45.24
42.90, 44.58
42.91, 44.58
42.91, 47.76
42.91, 55.20
42.92, 60.44
42.93, 60.44
42.94, 59.94
42.95, 59.21
42.96, 59.21
42.96, 56.24
42.97, 49.61
42.97, 44.88
42.97, 44.88
42.97, 44.88
42.97, 45.43
42.97, 45.43
42.97, 45.43
42.97, 44.67
42.97, 44.67
42.98, 44.67
42.98, 46.59
42.98, 47.71
42.98, 47.71
42.98, 46.90
42.99, 46.90
42.99, 46.90
42.99, 53.68
43.01, 70.76
43.03, 82.84
43.04, 77.03
43.05, 58.69
43.05, 46.12
43.05, 44.83
43.06, 46.32
43.06, 46.88
43.06, 46.88
43.06, 46.11
43.06, 44.79
43.06, 43.89
43.06, 45.20
43.07, 48.63
43.07, 51.03
43.07, 51.03
43.08, 49.79
43.08, 47.10
43.08, 45.33
43.08, 46.07
43.08, 48.43
43.09, 50.02
43.09, 50.02
43.09, 49.01
43.10, 46.83
43.10, 45.38
43.10, 45.38
43.10, 46.06
43.10, 46.06
43.10, 46.68
43.11, 46.68
43.11, 47.47
43.11, 47.47
43.11, 46.75
43.11, 45.05
43.11, 43.86
43.11, 44.68
43.12, 47.06
43.12, 48.70
43.12, 48.70
43.12, 48.70
43.13, 48.04
43.13, 48.04
43.13, 48.04
43.13, 47.00
43.13, 46.45
43.14, 46.45
43.14, 47.58
43.14, 48.17
43.14, 48.17
43.15, 47.67
43.15, 47.67
43.15, 47.67
43.15, 47.67
43.15, 47.07
43.16, 47.07
43.16, 47.07
43.16, 47.07
43.16, 47.59
43.17, 47.59
43.17, 47.59
43.17, 47.59
43.17, 47.59
43.17, 47.59
43.18, 46.09
43.18, 45.22
43.18, 45.22
43.18, 46.75
43.18, 47.55
43.18, 47.55
43.19, 47.55
43.19, 48.10
43.19, 48.10
43.19, 47.45
43.19, 45.89
43.19, 44.80
43.20, 45.54
43.20, 47.70
43.20, 49.20
43.20, 49.20
43.21, 47.44
43.21, 46.51
43.21, 46.51
43.21, 46.51
43.21, 45.02
43.21, 44.20
43.21, 45.41
43.22, 48.62
43.22, 50.87
43.22, 50.17
43.23, 47.69
43.23, 46.01
43.23, 46.01
43.23, 46.01
43.23, 46.01
43.23, 46.01
43.23, 46.88
43.24, 48.34
43.24, 49.39
43.24, 48.62
43.24, 46.40
43.25, 44.86
43.25, 44.86
43.25, 53.66
43.27, 74.36
43.29, 88.95
43.31, 82.31
43.32, 61.04
43.32, 46.50
43.32, 45.29
43.33, 55.81
43.34, 76.16
43.37, 89.73
43.39, 82.90
43.40, 61.97
43.40, 47.71
43.40, 45.83
43.40, 46.52
43.40, 46.52
43.40, 46.52
43.41, 46.52
43.41, 47.88
43.41, 48.71
43.41, 48.71
43.42, 48.71
43.42, 47.86
43.42, 47.86
43.42, 47.86
43.43, 49.28
43.43, 53.42
43.44, 56.34
43.44, 55.52
43.45, 52.48
43.45, 50.43
43.45, 49.32
43.46, 47.40
43.46, 45.96
43.46, 45.96
43.46, 45.96
43.46, 45.14
43.46, 44.64
43.46, 45.63
43.46, 48.21
43.47, 50.03
43.47, 49.13
43.47, 46.33
43.47, 44.41
43.47, 44.41
43.47, 44.41
43.47, 45.44
43.48, 45.44
43.48, 46.54
43.48, 48.20
43.48, 49.41
43.48, 48.77
43.49, 46.78
43.49, 45.41
43.49, 45.41
43.49, 49.89
43.50, 60.35
43.51, 67.69
43.52, 64.68
43.53, 54.80
43.53, 48.07
43.53, 47.52
43.53, 47.52
43.54, 45.13
43.54, 43.10
43.53, 43.10
43.53, 43.10
43.54, 44.91
43.54, 45.73
43.54, 46.59
43.54, 48.38
43.54, 49.68
43.55, 49.68
43.55, 49.09
43.55, 47.76
43.55, 46.90
43.55, 46.90
43.56, 45.62
43.56, 45.00
43.56, 46.04
43.56, 48.78
43.56, 50.70
43.57, 50.70
43.57, 49.58
43.57, 47.12
43.57, 45.48
43.57, 46.06
43.58, 48.01
43.58, 49.33
43.58, 49.33
43.59, 49.33
43.59, 49.33
43.59, 49.33
43.59, 48.77
43.60, 46.32
43.60, 44.58
43.60, 45.48
43.60, 48.27
43.60, 50.18
43.61, 50.18
43.61, 50.18
43.61, 50.18
43.62, 50.18
43.62, 50.18
43.62, 48.59
43.62, 47.72
43.63, 47.72
43.63, 49.42
43.63, 50.31
43.63, 50.31
43.64, 50.31
43.64, 49.63
43.64, 49.63
43.65, 49.63
43.65, 49.63
43.65, 48.98
43.66, 48.98
43.66, 48.98
43.66, 48.98
43.66, 48.98
43.67, 48.98
43.67, 48.98
43.67, 48.98
43.67, 48.98
43.68, 48.98
43.68, 48.98
43.68, 48.98
43.69, 50.26
43.69, 51.09
43.69, 51.09
43.70, 49.93
43.70, 49.32
43.70, 49.32
43.70, 48.40
43.70, 46.13
43.71, 44.48
43.71, 45.48
43.71, 48.52
43.71, 50.61
43.72, 50.61
43.72, 48.89
43.72, 47.95
43.72, 47.95
43.72, 47.95
43.73, 46.83
43.73, 46.19
43.73, 46.19
43.73, 48.04
43.73, 49.00
43.74, 49.00
43.74, 49.00
43.74, 47.94
43.74, 47.94
43.74, 47.94
43.75, 47.94
43.75, 47.94
43.75, 47.94
43.75, 47.94
43.76, 47.94
43.76, 47.94
43.76, 56.36
43.78, 76.96
43.80, 91.55
43.82, 84.82
43.83, 63.30
43.84, 48.57
43.84, 46.56
43.84, 47.13
43.84, 47.13
43.84, 47.13
43.85, 55.67
43.87, 76.85
43.89, 91.86
43.91, 85.23
43.92, 63.77
43.92, 49.11
43.92, 46.67
43.93, 46.67
43.93, 45.28
43.93, 45.28
43.93, 45.28
43.93, 45.28
43.93, 45.28
43.93, 46.52
43.93, 48.29
43.94, 49.56
43.94, 49.56
43.94, 47.55
43.94, 46.49
43.94, 46.49
43.94, 46.49
43.94, 46.49
43.95, 46.49
43.95, 46.49
43.95, 48.02
43.95, 48.85
43.95, 48.85
43.96, 47.88
43.96, 47.36
43.96, 47.36
43.96, 50.10
43.97, 56.50
43.98, 61.01
43.99, 61.01
43.99, 57.81
44.00, 50.65
44.00, 45.83
44.00, 45.83
44.00, 46.69
44.00, 48.09
44.00, 48.79
44.01, 48.13
44.01, 46.44
44.01, 45.29
44.01, 45.29
44.01, 45.29
44.01, 46.40
44.01, 46.40
44.01, 47.34
44.02, 48.35
44.02, 49.08
44.02, 49.08
44.02, 49.08
44.03, 54.98
44.04, 69.20
44.06, 79.30
44.08, 80.24
44.09, 78.61
44.11, 72.32
44.12, 59.29
44.12, 50.20
44.12, 47.73
44.12, 45.29
44.12, 43.22
44.12, 43.22
44.12, 44.58
44.12, 47.96
44.13, 50.24
44.13, 50.24
44.13, 49.59
44.13, 49.59
44.14, 49.59
44.14, 49.59
44.14, 48.92
44.14, 48.92
44.15, 48.92
44.15, 48.92
44.15, 49.71
44.15, 50.23
44.16, 51.33
44.16, 52.13
44.17, 52.13
44.17, 51.53
44.17, 50.19
44.18, 49.28
44.18, 49.28
44.18, 50.09
44.18, 50.09
44.19, 50.09
44.19, 50.09
44.19, 50.09
44.20, 50.09
44.20, 49.22
44.20, 48.21
44.20, 47.48
44.20, 47.48
44.21, 48.35
44.21, 48.35
44.21, 49.37
44.21, 50.50
44.22, 51.33
44.22, 51.33
44.22, 51.33
44.23, 49.85
44.23, 49.17
44.23, 49.17
44.23, 50.06
44.24, 50.06
44.24, 50.94
44.24, 51.76
44.25, 52.37
44.25, 52.37
44.26, 51.60
44.26, 49.82
44.26, 48.59
44.26, 48.59
44.27, 49.20
44.27, 50.51
44.27, 51.36
44.28, 51.36
44.28, 50.46
44.28, 50.46
44.29, 50.46
44.29, 51.04
44.29, 51.57
44.30, 51.57
44.30, 50.88
44.30, 49.29
44.30, 48.20
44.31, 48.20
44.31, 48.20
44.31, 48.20
44.31, 48.20
44.31, 49.16
44.32, 51.09
44.32, 52.47
44.33, 51.94
44.33, 50.18
44.33, 48.97
44.33, 48.97
44.34, 48.97
44.34, 48.97
44.34, 48.46
44.34, 48.46
44.34, 48.46
44.35, 48.46
44.35, 48.46
44.35, 49.35
44.35, 49.35
44.36, 49.35
44.36, 49.35
44.36, 48.43
44.36, 48.43
44.36, 48.43
44.37, 49.41
44.37, 49.41
44.37, 50.03
44.37, 50.03
44.38, 50.03
44.38, 50.03
44.38, 49.37
44.39, 48.80
44.39, 48.80
44.39, 57.31
44.41, 77.43
44.43, 91.65
44.45, 84.94
44.46, 63.60
44.47, 49.00
44.47, 47.78
44.47, 49.94
44.47, 50.49
44.48, 50.49
44.48, 50.49
44.48, 50.49
44.49, 51.56
44.49, 51.56
44.49, 50.48
44.49, 47.92
44.50, 46.14
44.50, 46.91
44.50, 49.39
44.50, 51.08
44.51, 51.08
44.51, 49.84
44.51, 49.16
44.51, 49.16
44.51, 49.16
44.52, 50.11
44.52, 50.11
44.52, 50.11
44.53, 50.91
44.53, 51.91
44.53, 52.65
44.54, 51.93
44.54, 49.95
44.54, 48.57
44.54, 48.57
44.55, 48.57
44.55, 47.77
44.55, 47.26
44.55, 48.36
44.55, 51.20
44.56, 53.21
44.56, 52.30
44.57, 49.40
44.57, 47.42
44.57, 47.42
44.57, 50.19
44.58, 56.52
44.59, 60.89
44.59, 59.69
44.60, 55.25
44.60, 52.26
44.61, 51.03
44.61, 49.15
44.61, 47.69
44.61, 47.69
44.61, 47.69
44.61, 47.69
44.61, 47.02
44.62, 47.82
44.62, 49.85
44.62, 51.29
44.63, 51.29
44.63, 49.09
44.63, 47.93
44.63, 47.93
44.64, 54.05
44.65, 68.41
44.66, 78.53
44.68, 73.92
44.69, 59.16
44.69, 49.08
44.69, 47.53
44.69, 47.53
44.69, 47.53
44.69, 46.97
44.70, 46.97
44.70, 48.13
44.70, 48.68
44.70, 48.68
44.70, 48.68
44.71, 48.68
44.71, 48.68
44.71, 49.56
44.71, 50.51
44.72, 51.19
44.72, 51.19
44.72, 50.69
44.72, 50.69
44.73, 50.69
44.73, 51.62
44.74, 52.24
44.74, 52.24
44.74, 51.70
44.75, 50.50
44.75, 49.68
44.75, 49.68
44.75, 50.58
44.76, 50.58
44.76, 51.33
44.76, 51.33
44.77, 52.20
44.77, 52.20
44.77, 52.20
44.78, 51.69
44.78, 51.69
44.78, 51.69
44.79, 52.31
44.79, 52.31
44.80, 52.31
44.80, 52.31
44.80, 50.30
44.80, 49.11
44.81, 49.11
44.81, 49.84
44.81, 49.84
44.81, 50.72
44.82, 51.68
44.82, 52.38
44.83, 52.38
44.83, 51.88
44.83, 50.73
44.83, 49.95
44.84, 49.95
44.84, 49.95
44.84, 49.95
44.84, 51.01
44.85, 52.52
44.85, 53.60
44.86, 53.60
44.86, 52.66
44.86, 50.52
44.87, 49.06
44.87, 49.76
44.87, 51.94
44.88, 53.42
44.88, 52.89
44.88, 51.10
44.89, 49.89
44.89, 49.89
44.89, 49.89
44.89, 48.44
44.89, 47.61
44.90, 48.14
44.90, 49.75
44.90, 50.87
44.90, 50.87
44.91, 50.87
44.91, 50.87
44.91, 50.87
44.92, 50.87
44.92, 51.41
44.92, 51.41
44.93, 51.41
44.93, 51.41
44.93, 51.41
44.94, 51.41
44.94, 49.84
44.94, 48.88
44.94, 48.88
44.94, 48.88
44.95, 49.95
44.95, 49.95
44.95, 49.95
44.95, 49.95
44.96, 49.95
44.96, 49.95
44.96, 50.46
44.96, 50.46
44.97, 50.46
44.97, 50.46
44.97, 49.76
44.97, 49.76
44.98, 49.76
44.98, 49.76
44.98, 50.64
44.99, 50.64
44.99, 50.06
44.99, 50.06
44.99, 50.06
45.00, 58.55
45.02, 79.34
45.04, 94.07
45.06, 87.10
45.07, 64.98
45.07, 49.83
45.08, 48.11
45.08, 49.52
45.08, 49.52
45.08, 49.52
45.09, 49.52
45.09, 48.72
45.09, 48.72
45.09, 48.72
45.09, 50.33
45.10, 51.37
45.10, 51.37
45.10, 50.11
45.10, 49.43
45.11, 49.43
45.11, 51.86
45.12, 57.51
45.12, 61.47
45.13, 59.42
45.14, 53.04
45.14, 48.67
45.14, 48.67
45.14, 49.22
45.14, 50.01
45.15, 50.01
45.15, 50.01
45.15, 50.92
45.15, 50.92
45.16, 50.92
45.16, 50.92
45.16, 50.01
45.16, 50.01
45.17, 50.01
45.17, 51.17
45.17, 51.72
Left Bumper Hit
Actuator Went Out of Bounds, Ending Test for Safety.
