=~=~=~=~=~=~=~=~=~=~=~= PuTTY log 2022.04.02 14:16:29 =~=~=~=~=~=~=~=~=~=~=~=
Beginning Test Setup/Calibration
BendLabs Calibration routine
Press a key when the sensor is flat and straight on a table
a
Good. Now press a key when the sensor is flat on table but bent at 90 degrees (along X axis).
a
BendLabsCalibration complete.
Actuator Centering...
Left Bumper Hit
Left Bumper Hit
Left Bumper Hit
Left Bumper Hit
Left Bumper Hit
Left Bumper Hit
Left Bumper Hit
Left Bumper Hit
Left Bumper Hit
Left Bumper Hit
Left Bumper Hit
Left Bumper Hit
Left Bumper Hit
Left Bumper Hit
Left Bumper Hit
Left Bumper Hit
Left Bumper Hit
Left Bumper Hit
Left Bumper Hit
Left Bumper Hit
Left Bumper Hit
Left Bumper Hit
Left Bumper Hit
Left Bumper Hit
Left Bumper Hit
Left Bumper Hit
Left Bumper Hit
Left Bumper Hit
Right Bumper Hit
Right Bumper Hit
Right Bumper Hit
Right Bumper Hit
Right Bumper Hit
Right Bumper Hit
Right Bumper Hit
Right Bumper Hit
Right Bumper Hit
Right Bumper Hit
Right Bumper Hit
Right Bumper Hit
Please enter the height of the tether attachment point on the user (from the actuator attachment) (in):
50
Please enter the distance between the attachement point on the user and actuator (in):
56
Good. Now press a key when ready to begin the test.
a
Looping ... 
The NO Lean Tether Angle is: 45.20
45.20, 44.37
45.20, 43.80
45.20, 44.59
45.20, 46.14
45.20, 47.13
45.20, 48.48
45.20, 51.38
45.21, 53.48
45.21, 52.76
45.21, 50.21
45.21, 48.48
45.22, 48.48
45.22, 47.75
45.22, 45.81
45.22, 44.34
45.22, 45.89
45.22, 50.18
45.22, 53.18
45.23, 53.18
45.23, 50.83
45.23, 49.54
45.23, 49.54
45.24, 55.63
45.25, 69.88
45.27, 79.89
45.28, 74.87
45.29, 59.18
45.29, 48.43
45.29, 47.53
45.30, 49.30
45.30, 50.14
45.30, 50.14
45.30, 50.14
45.31, 50.14
45.31, 50.14
45.31, 50.14
45.31, 50.14
45.31, 49.24
45.32, 49.24
45.32, 48.73
45.32, 47.48
45.32, 46.57
45.32, 47.26
45.32, 49.26
45.33, 50.65
45.33, 50.65
45.33, 50.65
45.33, 49.32
45.33, 48.76
45.34, 48.76
45.34, 48.76
45.34, 48.76
45.34, 48.76
45.34, 48.76
45.35, 48.76
45.35, 48.76
45.35, 48.76
45.35, 48.76
45.35, 48.76
45.35, 48.76
45.36, 49.94
45.36, 50.71
45.36, 50.71
45.36, 50.71
45.37, 51.36
45.37, 51.36
45.37, 50.57
45.37, 48.70
45.38, 47.38
45.38, 48.11
45.38, 50.32
45.38, 51.85
45.39, 51.85
45.39, 52.43
45.39, 52.43
45.40, 52.43
45.40, 52.43
45.40, 50.42
45.40, 49.31
45.41, 49.31
45.41, 50.30
45.41, 50.85
45.41, 50.85
45.42, 51.50
45.42, 51.50
45.42, 51.50
45.43, 51.50
45.43, 49.34
45.43, 48.12
45.43, 48.12
45.43, 48.12
45.43, 48.12
45.44, 48.65
45.44, 50.58
45.44, 51.95
45.44, 51.95
45.45, 51.95
45.45, 50.53
45.45, 49.93
45.45, 49.93
45.46, 50.91
45.46, 51.42
45.46, 51.42
45.47, 50.25
45.47, 49.65
45.47, 49.65
45.47, 50.22
45.48, 51.48
45.48, 52.34
45.48, 52.34
45.49, 53.18
45.49, 53.18
45.49, 53.18
45.50, 52.38
45.50, 49.56
45.50, 47.59
45.50, 47.59
45.50, 47.59
45.50, 48.61
45.51, 50.32
45.51, 51.50
45.51, 51.50
45.52, 51.50
45.52, 51.50
45.52, 52.09
45.52, 52.09
45.53, 52.09
45.53, 50.44
45.53, 49.00
45.53, 47.42
45.53, 46.50
45.53, 45.56
45.53, 43.58
45.53, 42.13
45.53, 44.12
45.53, 49.42
45.54, 52.29
45.54, 49.72
45.54, 45.56
45.54, 44.68
45.54, 47.27
45.54, 48.58
45.54, 46.81
45.54, 45.03
45.54, 46.44
45.54, 50.74
45.55, 53.77
45.55, 53.77
45.55, 51.43
45.56, 50.13
45.56, 50.13
45.56, 50.13
45.56, 50.13
45.57, 49.28
45.57, 49.95
45.57, 51.71
45.57, 52.95
45.58, 52.95
45.58, 52.95
45.58, 52.38
45.59, 51.46
45.59, 50.82
45.59, 50.82
45.60, 50.82
45.60, 50.82
45.60, 50.82
45.60, 50.82
45.61, 50.82
45.61, 50.82
45.61, 50.82
45.61, 50.24
45.62, 50.24
45.62, 50.24
45.62, 53.01
45.63, 54.61
45.63, 53.55
45.63, 50.44
45.63, 48.29
45.64, 48.29
45.64, 48.29
45.64, 48.29
45.64, 48.29
45.64, 49.14
45.64, 51.22
45.65, 52.70
45.65, 52.70
45.65, 51.78
45.66, 51.26
45.66, 51.26
45.66, 50.38
45.66, 48.21
45.66, 46.64
45.66, 47.36
45.67, 49.68
45.67, 51.26
45.67, 51.26
45.68, 51.26
45.68, 51.26
45.68, 51.26
45.69, 59.96
45.71, 81.11
45.73, 96.10
45.75, 88.60
45.76, 65.12
45.76, 49.02
45.76, 47.19
45.77, 48.69
45.77, 48.69
45.77, 48.69
45.78, 58.56
45.79, 81.52
45.82, 97.84
45.84, 90.45
45.85, 66.69
45.85, 50.44
45.85, 47.85
45.86, 47.85
45.86, 46.79
45.86, 46.79
45.86, 46.79
45.86, 47.69
45.86, 48.22
45.86, 50.00
45.87, 54.05
45.87, 56.95
45.88, 55.50
45.88, 50.97
45.88, 47.86
45.88, 47.86
45.88, 50.46
45.89, 56.27
45.90, 60.21
45.90, 59.14
45.91, 55.20
45.91, 52.57
45.91, 52.57
45.92, 52.57
45.92, 52.57
45.92, 52.57
45.93, 51.33
45.93, 48.91
45.93, 47.19
45.93, 47.19
45.93, 48.63
45.93, 49.42
45.93, 49.42
45.94, 49.42
45.94, 49.42
45.94, 49.42
45.94, 49.42
45.94, 53.16
45.95, 62.29
45.96, 68.77
45.98, 69.38
45.99, 68.33
46.00, 67.14
46.01, 65.52
46.02, 64.46
46.03, 64.46
46.03, 64.46
46.04, 64.46
46.05, 65.45
46.06, 65.45
46.07, 65.45
46.08, 63.51
46.09, 58.06
46.09, 54.22
46.10, 54.22
46.10, 54.22
46.10, 53.16
46.11, 52.33
46.11, 51.50
46.11, 49.98
46.11, 48.88
46.11, 48.88
46.12, 51.97
46.12, 59.19
46.13, 64.24
46.14, 64.24
46.15, 61.52
46.15, 55.56
46.16, 51.63
46.16, 51.63
46.16, 51.63
46.16, 49.47
46.16, 48.04
46.17, 48.04
46.17, 50.38
46.17, 51.65
46.17, 51.65
46.18, 50.85
46.18, 50.85
46.18, 50.85
46.18, 50.20
46.18, 49.66
46.19, 49.66
46.19, 49.66
46.19, 50.60
46.19, 51.29
46.19, 51.29
46.20, 49.82
46.20, 49.05
46.20, 49.05
46.20, 53.79
46.21, 64.91
46.23, 72.75
46.24, 69.77
46.24, 59.72
46.25, 52.88
46.25, 51.33
46.25, 50.11
46.25, 48.97
46.25, 48.97
46.26, 52.28
46.26, 60.30
46.27, 65.92
46.28, 64.08
46.29, 57.60
46.29, 53.21
46.30, 53.21
46.30, 53.21
46.30, 50.98
46.30, 49.50
46.30, 49.50
46.31, 50.62
46.31, 51.30
46.31, 51.30
46.31, 50.42
46.32, 50.42
46.32, 50.42
46.32, 50.42
46.32, 50.42
46.32, 50.95
46.33, 50.95
46.33, 51.93
46.33, 51.93
46.34, 52.46
46.34, 51.70
46.34, 50.02
46.34, 48.86
46.34, 48.86
46.35, 50.97
46.35, 52.07
46.35, 52.07
46.35, 53.31
46.36, 53.88
46.36, 53.88
46.37, 53.88
46.37, 52.70
46.37, 52.14
46.37, 52.14
46.38, 52.14
46.38, 51.63
46.38, 52.21
46.39, 53.65
46.39, 54.67
46.39, 54.67
46.40, 54.03
46.40, 52.60
46.40, 51.64
46.41, 51.64
46.41, 53.15
46.41, 53.94
46.42, 53.94
46.42, 52.96
46.42, 52.44
46.43, 52.44
46.43, 52.44
46.43, 51.61
46.44, 51.61
46.44, 51.61
46.44, 51.61
46.44, 51.61
46.45, 51.61
46.45, 52.40
46.45, 52.40
46.45, 52.40
46.46, 52.40
46.46, 50.82
46.46, 49.91
46.46, 50.56
46.47, 52.42
46.47, 53.70
46.47, 53.70
46.48, 52.79
46.48, 52.28
46.48, 52.28
46.49, 51.64
46.49, 50.04
46.49, 48.88
46.49, 49.64
46.49, 51.89
46.50, 53.44
46.50, 53.44
46.50, 54.23
46.51, 54.23
46.51, 54.23
46.51, 53.30
46.52, 50.28
46.52, 48.15
46.52, 48.15
46.52, 50.24
46.52, 51.37
46.53, 52.36
46.53, 54.31
46.53, 55.74
46.54, 55.74
46.54, 54.70
46.55, 52.30
46.55, 50.68
46.55, 50.68
46.55, 50.68
46.55, 50.68
46.56, 50.68
46.56, 52.34
46.56, 53.36
46.57, 53.36
46.57, 52.78
46.57, 51.49
46.57, 50.64
46.58, 51.57
46.58, 54.07
46.58, 55.81
46.59, 55.81
46.59, 53.64
46.59, 52.49
46.60, 52.49
46.60, 51.75
46.60, 49.84
46.60, 48.42
46.60, 49.39
46.61, 52.25
46.61, 54.23
46.61, 54.23
46.62, 53.57
46.62, 53.57
46.63, 53.57
46.63, 52.80
46.63, 51.83
46.63, 51.12
46.64, 51.12
46.64, 52.08
46.64, 52.59
46.64, 52.59
46.65, 51.12
46.65, 50.37
46.65, 50.37
46.65, 50.37
46.65, 51.40
46.66, 51.40
46.66, 52.09
46.66, 52.09
46.67, 52.83
46.67, 52.83
46.67, 51.80
46.67, 51.27
46.68, 51.27
46.68, 52.16
46.68, 54.19
46.69, 55.61
46.69, 55.61
46.70, 55.61
46.70, 54.93
46.70, 54.20
46.71, 52.54
46.71, 51.34
46.71, 51.34
46.71, 51.34
46.72, 51.92
46.72, 51.92
46.72, 52.97
46.73, 54.93
46.73, 56.33
46.73, 55.40
46.74, 52.68
46.74, 50.80
46.74, 50.80
46.74, 50.80
46.75, 49.77
46.75, 49.11
46.75, 49.11
46.75, 50.73
46.75, 51.60
46.75, 51.60
46.76, 50.31
46.76, 49.64
46.76, 49.64
46.76, 49.64
46.76, 48.64
46.76, 48.08
46.76, 48.68
46.76, 50.34
46.77, 51.49
46.77, 51.49
46.77, 50.80
46.77, 50.80
46.78, 50.80
46.78, 59.76
46.80, 81.86
46.82, 97.49
46.85, 90.15
46.86, 66.77
46.86, 50.78
46.86, 48.57
46.86, 49.13
46.86, 49.13
46.86, 49.13
46.86, 48.47
46.86, 48.47
46.86, 47.66
46.87, 48.65
46.87, 51.13
46.87, 52.88
46.87, 52.88
46.88, 50.93
46.88, 49.88
46.88, 49.88
46.88, 49.88
46.88, 48.23
46.88, 47.31
46.88, 48.20
46.88, 50.70
46.89, 52.44
46.89, 52.44
46.89, 51.19
46.89, 50.50
46.90, 50.50
46.90, 53.05
46.90, 58.96
46.91, 63.11
46.92, 61.49
46.92, 56.11
46.93, 52.45
46.93, 51.24
46.93, 49.71
46.93, 48.47
46.93, 48.47
46.93, 48.47
46.93, 48.47
46.93, 47.69
46.93, 48.45
46.94, 50.42
46.94, 51.81
46.94, 51.81
46.94, 50.80
46.94, 50.24
46.95, 50.24
46.95, 50.24
46.95, 49.62
46.95, 49.62
46.95, 49.62
46.95, 51.82
46.96, 53.12
46.96, 52.09
46.96, 49.16
46.96, 47.14
46.96, 47.14
46.96, 50.61
46.97, 58.62
46.98, 64.18
46.99, 62.62
46.99, 56.85
46.99, 52.98
47.00, 51.65
47.00, 49.88
47.00, 48.46
47.00, 48.46
47.00, 48.46
47.00, 48.46
47.00, 48.46
47.00, 49.44
47.00, 51.87
47.01, 53.60
47.01, 53.60
47.01, 51.86
47.02, 50.91
47.02, 50.91
47.02, 50.36
47.02, 48.94
47.02, 47.87
47.02, 48.87
47.02, 51.69
47.03, 53.65
47.03, 53.65
47.03, 54.41
47.04, 54.41
47.04, 54.41
47.04, 51.98
47.05, 50.59
47.05, 50.59
47.05, 57.47
47.07, 73.64
47.09, 85.02
47.10, 79.34
47.11, 61.57
47.11, 49.40
47.11, 48.11
47.11, 49.47
47.11, 49.47
47.11, 49.47
47.12, 52.15
47.12, 57.83
47.13, 61.90
47.14, 60.42
47.14, 55.34
47.14, 51.88
47.14, 51.88
47.15, 51.88
47.15, 51.88
47.15, 49.08
47.15, 47.35
47.15, 47.35
47.15, 49.69
47.15, 50.94
47.16, 50.94
47.16, 50.94
47.16, 50.94
47.16, 50.94
47.16, 50.94
47.16, 49.98
47.16, 48.48
47.17, 47.42
47.17, 47.42
47.17, 47.42
47.17, 48.90
47.17, 49.56
47.17, 50.23
47.17, 51.62
47.17, 52.63
47.18, 52.63
47.18, 52.06
47.18, 52.06
47.18, 52.06
47.19, 51.10
47.19, 49.56
47.19, 48.45
47.19, 49.00
47.19, 50.74
47.19, 51.94
47.20, 51.94
47.20, 52.86
47.20, 52.86
47.20, 52.86
47.21, 52.86
47.21, 50.69
47.21, 49.43
47.21, 49.43
47.21, 49.43
47.21, 49.43
47.21, 50.07
47.22, 51.12
47.22, 51.87
47.22, 51.87
47.22, 51.87
47.23, 52.47
47.23, 52.47
47.23, 52.47
47.23, 52.47
47.24, 50.87
47.24, 49.91
47.24, 49.91
47.24, 49.91
47.24, 50.51
47.24, 50.51
47.24, 50.51
47.25, 50.51
47.25, 50.51
47.25, 50.51
47.25, 49.60
47.25, 49.09
47.25, 49.09
47.25, 49.83
47.25, 49.83
47.26, 50.62
47.26, 51.41
47.26, 51.99
47.26, 51.99
47.27, 51.99
47.27, 50.50
47.27, 49.79
47.27, 50.64
47.27, 52.90
47.28, 54.47
47.28, 53.94
47.28, 52.11
47.28, 50.87
47.29, 50.87
47.29, 50.87
47.29, 49.46
47.29, 48.64
47.29, 48.64
47.29, 50.60
47.29, 51.62
47.30, 51.62
47.30, 51.04
47.30, 51.04
47.30, 51.04
47.30, 51.04
47.31, 50.16
47.31, 50.16
47.31, 50.16
47.31, 50.68
47.31, 50.68
47.31, 51.41
47.32, 51.98
47.32, 51.98
47.32, 51.98
47.32, 51.98
47.32, 49.61
47.32, 48.24
47.32, 48.24
47.33, 49.26
47.33, 49.82
47.33, 50.40
47.33, 51.59
47.33, 52.46
47.34, 52.46
47.34, 51.84
47.34, 50.42
47.34, 49.46
47.34, 49.46
47.34, 51.06
47.35, 51.90
47.35, 51.36
47.35, 49.79
47.35, 48.71
47.35, 48.71
47.35, 49.31
47.35, 50.61
47.35, 51.47
47.36, 51.47
47.36, 51.47
47.36, 51.47
47.36, 51.47
47.37, 51.47
47.37, 49.92
47.37, 49.05
47.37, 49.05
47.37, 49.05
47.37, 49.05
47.37, 49.05
47.37, 50.03
47.37, 52.10
47.38, 53.57
47.38, 52.72
47.38, 50.12
47.38, 48.34
47.38, 48.34
47.38, 48.34
47.38, 47.71
47.38, 47.71
47.38, 47.71
47.39, 50.58
47.39, 52.29
47.39, 52.29
47.39, 50.14
47.39, 48.99
47.39, 48.99
47.39, 48.99
47.40, 49.89
47.40, 49.89
47.40, 49.89
47.40, 49.89
47.40, 49.89
47.40, 49.89
47.40, 49.32
47.40, 49.32
47.40, 49.32
47.41, 49.32
47.41, 49.32
47.41, 49.32
47.41, 49.32
47.41, 49.32
47.41, 50.23
47.41, 50.23
47.41, 50.23
47.41, 50.23
47.42, 50.23
47.42, 60.53
47.44, 84.02
47.47, 100.67
47.49, 92.40
47.50, 66.44
47.50, 48.64
47.50, 46.27
47.50, 47.14
47.50, 47.14
47.50, 47.14
47.50, 56.70
47.52, 80.21
47.54, 96.88
47.57, 89.55
47.57, 65.79
47.58, 49.56
47.58, 48.01
47.58, 50.19
47.58, 51.09
47.58, 51.09
47.58, 49.34
47.58, 45.86
47.58, 43.45
47.58, 44.47
47.58, 47.79
47.58, 50.05
47.58, 50.05
47.58, 49.45
47.58, 49.45
47.58, 49.45
47.58, 49.45
47.58, 48.56
47.58, 48.56
47.58, 48.56
47.59, 49.79
47.59, 50.57
47.59, 50.57
47.59, 50.57
47.59, 50.57
47.59, 50.57
47.59, 49.80
47.59, 48.24
47.59, 47.13
47.59, 47.13
47.60, 49.91
47.60, 56.43
47.61, 60.98
47.61, 59.09
47.61, 52.92
47.62, 48.72
47.62, 48.72
47.62, 48.72
47.62, 48.72
47.62, 48.72
47.62, 48.72
47.62, 48.09
47.62, 48.09
47.62, 48.09
47.62, 50.42
47.62, 51.82
47.62, 51.10
47.62, 48.87
47.62, 47.34
47.62, 47.34
47.63, 50.72
47.63, 58.56
47.64, 64.02
47.65, 62.00
47.65, 55.19
47.65, 50.56
47.65, 49.43
47.65, 48.41
47.65, 47.50
47.65, 47.50
47.65, 50.77
47.66, 58.63
47.67, 64.15
47.68, 62.15
47.68, 55.33
47.68, 50.70
47.68, 49.96
47.68, 49.96
47.68, 49.96
47.69, 49.96
47.69, 48.67
47.69, 46.55
47.68, 45.03
47.68, 46.04
47.68, 48.99
47.69, 51.04
47.69, 51.04
47.69, 49.05
47.69, 47.98
47.69, 47.98
47.69, 52.87
47.70, 64.31
47.71, 72.35
47.72, 68.29
47.73, 55.64
47.73, 46.96
47.72, 46.27
47.72, 47.77
47.73, 48.49
47.73, 48.49
47.73, 48.49
47.73, 56.84
47.75, 77.21
47.76, 83.54
47.77, 65.68
47.77, 49.73
47.77, 46.91
47.77, 48.16
47.77, 48.75
47.77, 48.75
47.77, 48.06
47.77, 46.73
47.77, 45.83
47.77, 46.93
47.77, 49.86
47.78, 51.91
47.78, 51.91
47.78, 49.51
47.78, 48.24
47.78, 48.24
47.78, 48.24
47.78, 47.04
47.78, 46.33
47.78, 46.87
47.78, 48.48
47.78, 49.60
47.78, 49.60
47.78, 49.60
47.78, 50.44
47.78, 50.95
47.78, 50.44
47.79, 49.01
47.79, 48.01
47.79, 48.01
47.79, 48.01
47.79, 48.01
47.79, 48.01
47.79, 48.01
47.79, 47.41
47.79, 46.90
47.79, 47.46
47.79, 48.97
47.79, 50.03
47.79, 50.03
47.79, 49.23
47.79, 49.23
47.79, 49.23
47.79, 48.38
47.79, 47.35
47.79, 46.59
47.79, 47.14
47.79, 48.76
47.79, 49.88
47.79, 49.88
47.79, 50.61
47.79, 50.61
47.80, 50.61
47.80, 49.78
47.80, 47.04
47.80, 45.11
47.79, 45.70
47.79, 47.80
47.79, 49.22
47.80, 49.96
47.80, 51.22
47.80, 52.18
47.80, 52.18
47.80, 51.08
47.80, 48.50
47.80, 46.73
47.80, 47.33
47.80, 49.41
47.81, 50.81
47.81, 50.81
47.81, 50.81
47.81, 50.28
47.81, 50.28
47.81, 49.74
47.81, 48.40
47.81, 47.43
47.81, 47.43
47.81, 48.41
47.81, 48.94
47.81, 48.94
47.81, 48.28
47.81, 48.28
47.81, 48.28
47.81, 47.55
47.81, 46.58
47.81, 45.87
47.81, 45.87
47.81, 47.13
47.81, 47.79
47.81, 47.79
47.81, 48.65
47.81, 48.65
47.81, 48.65
47.81, 48.65
47.81, 47.28
47.81, 46.42
47.81, 47.40
47.81, 50.04
47.81, 51.88
47.82, 51.88
47.82, 51.88
47.82, 51.88
47.82, 51.88
47.82, 51.88
47.83, 50.59
47.83, 47.73
47.83, 45.70
47.82, 46.36
47.82, 48.68
47.83, 50.25
47.83, 50.25
47.83, 49.30
47.83, 48.77
47.83, 48.77
47.83, 48.77
47.83, 48.26
47.83, 48.26
47.83, 48.26
47.83, 49.09
47.83, 49.67
47.83, 49.67
47.83, 48.51
47.83, 47.90
47.83, 47.90
47.83, 47.90
47.83, 49.42
47.83, 50.13
47.84, 50.13
47.84, 49.56
47.84, 49.56
47.84, 48.90
47.84, 48.17
47.84, 47.64
47.84, 47.64
47.84, 47.64
47.84, 46.39
47.84, 45.72
47.84, 46.56
47.84, 48.80
47.84, 50.37
47.84, 50.37
47.84, 49.36
47.84, 47.09
47.84, 45.58
47.84, 45.58
47.84, 45.58
47.83, 45.58
47.83, 45.58
47.83, 45.58
47.83, 46.73
47.83, 47.34
47.83, 48.00
47.83, 49.32
47.83, 50.28
47.83, 50.28
47.84, 49.31
47.84, 48.78
47.84, 48.78
47.84, 48.20
47.84, 46.74
47.84, 45.68
47.83, 45.68
47.83, 47.67
47.83, 48.72
47.83, 48.72
47.83, 47.42
47.83, 46.73
47.83, 46.73
47.83, 46.73
47.83, 46.73
47.83, 46.22
47.83, 46.73
47.83, 48.05
47.83, 48.98
47.83, 48.98
47.83, 47.60
47.83, 46.87
47.83, 46.87
47.83, 46.87
47.83, 46.07
47.83, 46.07
47.83, 46.07
47.83, 46.07
47.83, 46.07
47.83, 46.07
47.82, 46.07
47.82, 45.48
47.82, 45.48
47.83, 55.66
47.84, 79.74
47.87, 96.79
47.89, 88.98
47.90, 63.95
47.89, 46.82
47.89, 44.86
47.89, 46.40
47.89, 46.40
47.89, 46.40
47.89, 55.84
47.91, 77.88
47.93, 93.54
47.95, 86.39
47.96, 63.45
47.96, 47.75
47.96, 45.87
47.96, 47.10
47.96, 47.10
47.96, 47.10
47.96, 47.10
47.96, 47.10
47.96, 47.72
47.96, 47.72
47.96, 47.11
47.96, 47.11
47.95, 47.11
47.95, 47.11
47.95, 46.23
47.95, 46.23
47.95, 46.23
47.95, 47.65
47.95, 48.53
47.95, 47.77
47.95, 45.63
47.95, 44.15
47.95, 44.15
47.95, 47.64
47.95, 55.75
47.96, 61.42
47.96, 59.24
47.97, 51.96
47.96, 47.02
47.96, 46.04
47.96, 45.50
Right Bumper Hit
Actuator Went Out of Bounds, Ending Test for Safety.
