43.68, 43.03
43.68, 44.02
43.69, 45.52
43.70, 44.57
43.70, 43.59
43.70, 43.59
43.70, 43.59
43.70, 43.59
43.69, 42.83
43.69, 42.83
43.68, 42.83
43.68, 43.76
43.69, 45.57
43.70, 44.90
43.70, 44.04
43.71, 45.05
43.71, 45.05
43.71, 43.39
43.71, 43.39
43.71, 43.39
43.71, 43.39
43.71, 44.88
43.73, 46.24
43.73, 45.40
43.74, 44.35
43.74, 44.35
43.74, 44.35
43.74, 43.06
43.74, 43.06
43.74, 44.38
43.75, 45.10
43.75, 44.40
43.75, 43.66
43.75, 44.49
43.76, 45.49
43.77, 44.52
43.77, 43.92
43.77, 44.80
43.77, 44.30
43.78, 44.30
43.78, 45.14
43.79, 44.37
43.78, 42.86
43.78, 43.52
43.79, 45.16
43.79, 45.16
43.80, 44.09
43.80, 44.09
43.80, 44.09
43.80, 44.09
43.81, 45.29
43.82, 45.29
43.82, 43.79
43.82, 43.79
43.83, 45.81
43.84, 45.81
43.84, 44.81
43.85, 45.32
43.85, 44.17
43.85, 43.61
43.85, 44.65
43.86, 44.65
43.85, 43.20
43.85, 43.89
43.86, 45.41
43.87, 45.41
43.87, 44.71
43.88, 45.69
43.89, 44.73
43.88, 43.64
43.89, 44.21
43.89, 44.21
43.89, 44.21
43.90, 45.24
43.91, 46.15
43.91, 44.91
43.91, 43.96
43.92, 44.77
43.92, 44.77
43.93, 44.77
43.93, 44.14
43.93, 44.14
43.93, 44.14
43.93, 44.14
43.94, 45.60
43.95, 45.60
43.95, 44.71
43.96, 45.49
43.96, 44.92
43.96, 44.17
43.96, 44.17
43.96, 43.59
43.96, 42.92
43.96, 43.93
43.96, 45.30
43.97, 44.59
43.97, 44.59
43.98, 45.90
43.99, 45.09
43.98, 43.39
43.98, 42.51
43.97, 42.51
43.97, 43.77
43.97, 44.73
43.98, 45.54
43.98, 44.65
43.99, 44.65
43.99, 45.23
43.99, 44.59
43.99, 43.26
43.99, 43.26
43.98, 42.67
43.97, 42.67
43.98, 44.97
43.99, 46.05
43.99, 44.52
43.99, 43.39
43.99, 44.39
43.99, 44.39
43.99, 43.60
43.99, 43.60
43.99, 43.60
43.99, 43.60
43.98, 43.60
43.99, 45.53
44.00, 45.53
44.00, 44.91
44.01, 44.91
44.01, 44.09
44.00, 43.31
44.01, 44.16
44.01, 45.62
44.02, 45.62
44.03, 45.62
44.04, 46.51
44.05, 45.67
44.05, 44.77
44.06, 44.77
44.06, 44.19
44.06, 44.19
44.06, 44.87
44.07, 45.42
44.07, 44.18
44.07, 44.18
44.07, 44.76
44.07, 43.99
44.07, 43.99
44.08, 45.51
44.08, 44.39
44.08, 43.76
44.08, 44.92
44.09, 44.24
44.08, 42.72
44.08, 43.52
44.08, 45.27
44.09, 45.27
44.09, 43.81
44.08, 43.81
44.08, 43.81
44.08, 43.81
44.09, 45.67
44.10, 45.67
44.10, 43.95
44.10, 43.95
44.11, 46.06
44.11, 45.32
44.11, 44.36
44.12, 45.51
44.13, 45.51
44.13, 44.11
44.13, 44.11
44.13, 44.11
44.12, 42.94
44.12, 44.18
44.13, 46.10
44.14, 45.38
44.14, 44.35
44.15, 45.47
44.15, 45.47
44.15, 43.91
44.15, 43.34
44.14, 43.34
44.14, 43.34
44.14, 44.71
44.15, 46.17
44.16, 45.54
44.16, 44.87
44.17, 44.87
44.17, 44.19
44.17, 44.19
44.17, 44.19
44.16, 43.68
44.16, 43.06
44.16, 43.94
44.16, 44.89
44.16, 43.86
44.16, 43.86
44.16, 45.30
44.17, 45.30
44.17, 44.00
44.16, 43.39
44.16, 43.39
44.16, 43.39
44.15, 43.39
44.16, 45.02
44.16, 45.02
44.17, 45.02
44.17, 45.60
44.17, 44.40
44.17, 43.11
44.16, 43.11
44.16, 43.66
44.16, 43.66
44.16, 44.38
44.17, 45.78
44.17, 44.91
44.17, 44.08
44.17, 44.08
44.17, 44.08
44.17, 43.46
44.16, 43.46
44.16, 43.46
44.16, 43.46
44.15, 43.46
44.15, 44.58
44.15, 43.50
44.15, 43.50
44.15, 44.40
44.15, 44.40
44.15, 43.60
44.15, 43.60
44.15, 44.50
44.15, 44.50
44.15, 44.50
44.15, 44.50
44.15, 44.50
44.16, 44.50
44.16, 45.65
44.17, 44.81
44.16, 43.86
44.17, 44.70
44.18, 45.95
44.18, 45.07
44.18, 44.24
44.18, 44.91
44.19, 44.91
44.19, 44.22
44.19, 44.22
44.19, 43.63
44.18, 43.63
44.18, 44.21
44.19, 45.06
44.19, 44.44
44.19, 44.44
44.20, 45.66
44.20, 45.66
44.21, 44.26
44.21, 44.26
44.21, 44.26
44.20, 43.38
44.20, 43.38
44.20, 45.06
44.20, 44.48
44.20, 44.48
44.21, 45.43
44.22, 45.43
44.22, 44.77
44.22, 44.77
44.22, 44.77
44.22, 44.10
44.23, 44.85
44.23, 45.59
44.24, 44.83
44.24, 44.83
44.24, 44.83
44.24, 43.81
44.24, 43.81
44.24, 44.62
44.24, 44.62
44.24, 43.08
44.23, 43.08
44.23, 44.90
44.24, 44.90
44.25, 45.78
44.25, 45.78
44.25, 44.42
44.25, 43.66
44.25, 43.66
44.25, 43.66
44.24, 43.66
44.24, 44.57
44.26, 46.56
44.27, 46.56
44.27, 45.02
44.27, 45.02
44.28, 45.02
44.28, 44.07
44.28, 44.07
44.28, 44.07
44.27, 42.93
44.27, 43.81
44.27, 45.44
44.28, 45.44
44.28, 44.37
44.28, 45.06
44.29, 45.06
44.28, 43.99
44.28, 43.99
44.28, 43.99
44.28, 43.24
44.28, 44.16
44.28, 46.05
44.29, 46.05
44.30, 44.73
44.30, 44.73
44.30, 44.73
44.30, 44.73
44.30, 43.92
44.30, 43.92
44.30, 43.92
44.29, 43.92
44.30, 45.18
44.30, 44.59
44.30, 44.59
44.31, 45.50
44.31, 45.50
44.31, 43.65
44.30, 42.95
44.30, 42.95
44.29, 42.95
44.29, 43.61
44.29, 44.67
44.29, 44.67
44.29, 44.67
44.29, 44.67
44.30, 44.67
44.29, 43.34
44.29, 43.34
44.28, 43.34
44.27, 42.75
44.27, 44.11
44.28, 46.16
44.29, 45.53
44.29, 44.29
44.29, 44.29
44.29, 44.29
44.29, 44.29
44.29, 45.44
44.30, 46.08
44.31, 45.07
44.31, 45.07
44.32, 46.24
44.32, 44.67
44.32, 43.82
44.33, 45.52
44.33, 45.52
44.33, 43.44
44.32, 43.44
44.33, 45.17
44.33, 45.17
44.34, 45.17
44.34, 45.17
44.34, 44.55
44.34, 43.92
44.34, 44.45
44.34, 43.75
44.33, 42.68
44.33, 44.10
44.34, 46.30
44.34, 44.95
44.33, 43.19
44.33, 44.05
44.33, 44.05
44.33, 43.47
44.33, 44.23
44.33, 44.23
44.32, 43.57
44.32, 43.57
44.32, 44.95
44.33, 44.95
44.33, 44.95
44.33, 45.48
44.34, 44.56
44.33, 43.54
44.33, 43.54
44.32, 43.54
44.31, 42.54
44.31, 43.17
44.31, 44.78
44.31, 44.78
44.32, 44.78
44.32, 45.31
44.32, 44.29
44.32, 43.63
44.32, 44.43
44.32, 44.43
44.31, 43.11
44.31, 43.81
44.31, 45.22
44.32, 45.22
44.32, 45.22
44.33, 45.85
44.33, 44.90
44.33, 43.93
44.33, 43.93
44.33, 43.93
44.33, 43.93
44.32, 43.93
44.33, 45.24
44.33, 45.24
44.33, 44.20
44.33, 44.20
44.33, 43.52
44.32, 42.90
44.31, 42.90
44.31, 42.90
44.30, 42.90
44.30, 43.88
44.30, 45.06
44.30, 45.06
44.30, 44.22
44.30, 44.22
44.30, 44.22
44.30, 42.98
44.29, 42.98
44.29, 43.74
44.28, 43.74
44.29, 44.59
44.29, 45.25
44.29, 44.39
44.29, 44.39
44.30, 45.21
44.30, 44.62
44.29, 42.80
44.28, 42.80
44.28, 42.80
44.27, 43.35
44.27, 44.90
44.29, 47.09
44.30, 46.11
44.30, 44.58
44.30, 44.58
44.30, 44.58
44.30, 42.96
44.29, 44.03
44.30, 45.69
44.30, 45.00
44.30, 44.24
44.31, 45.59
44.32, 45.59
44.32, 44.33
44.32, 44.33
44.31, 43.70
44.31, 42.72
44.30, 43.57
44.31, 45.57
44.31, 45.57
44.32, 44.86
44.32, 44.86
44.32, 43.98
44.32, 44.68
44.33, 46.44
44.34, 45.86
44.33, 43.57
44.33, 43.57
44.34, 45.45
44.34, 45.45
44.34, 44.71
44.35, 45.27
44.35, 45.27
44.36, 44.75
44.36, 45.39
44.36, 44.78
44.36, 43.11
44.35, 43.62
44.36, 45.54
44.36, 44.82
44.36, 43.28
44.35, 43.93
44.35, 44.68
44.36, 44.68
44.36, 44.68
44.36, 43.82
44.35, 42.80
44.35, 44.00
44.36, 46.19
44.36, 45.27
44.36, 43.98
44.36, 45.28
44.37, 45.28
44.36, 43.93
44.36, 43.26
44.35, 43.26
44.35, 43.26
44.35, 44.06
44.35, 45.37
44.35, 44.72
44.35, 43.96
44.35, 44.91
44.36, 44.91
44.36, 44.09
44.35, 44.09
44.35, 44.09
44.35, 43.27
44.35, 43.99
44.35, 44.92
44.35, 44.12
44.35, 44.12
44.35, 45.78
44.36, 45.78
44.36, 44.85
44.36, 44.19
44.36, 44.19
44.36, 43.54
44.36, 44.53
44.37, 45.92
44.37, 45.04
44.37, 43.79
44.36, 43.79
44.36, 43.79
44.35, 43.10
44.35, 43.10
44.34, 43.10
44.34, 43.10
44.34, 44.52
44.34, 45.80
44.35, 45.80
44.36, 45.26
44.36, 45.88
44.37, 45.88
44.37, 44.34
44.37, 43.33
44.36, 42.82
44.35, 42.82
44.35, 44.41
44.36, 45.41
44.36, 44.51
44.35, 43.77
44.35, 44.46
44.35, 44.46
44.35, 43.64
44.35, 45.05
44.36, 46.34
44.37, 44.94
44.37, 44.01
44.37, 44.83
44.37, 44.83
44.37, 44.83
44.38, 46.21
44.39, 45.44
44.38, 43.88
44.38, 43.88
44.39, 45.50
44.40, 46.04
44.40, 45.50
44.41, 45.50
44.40, 43.84
44.40, 43.12
44.40, 44.64
44.40, 45.16
44.40, 44.19
44.40, 44.19
44.41, 46.26
44.42, 46.26
44.43, 45.60
44.43, 45.60
44.43, 44.15
44.43, 44.15
44.44, 45.91
44.44, 45.91
44.44, 43.97
44.44, 43.97
44.44, 45.17
44.44, 44.27
44.44, 44.27
44.44, 45.31
44.45, 44.73
44.44, 44.05
44.44, 44.05
44.44, 44.05
44.44, 44.57
44.44, 45.23
44.45, 45.87
44.46, 45.09
44.46, 44.50
44.46, 44.50
44.46, 44.50
44.46, 44.50
44.46, 44.50
44.45, 43.66
44.45, 43.08
44.44, 43.58
44.44, 44.59
44.44, 44.59
44.44, 43.96
44.44, 45.07
44.45, 45.07
44.44, 43.57
44.44, 43.57
44.43, 43.57
44.43, 43.57
44.43, 44.46
44.44, 46.05
44.45, 46.05
44.45, 44.99
44.45, 45.71
44.46, 45.71
44.46, 44.33
44.46, 44.33
44.46, 44.33
44.46, 44.33
44.46, 45.71
44.47, 45.71
44.47, 44.98
44.47, 44.00
44.47, 44.00
44.47, 44.00
44.46, 43.33
44.46, 44.03
44.46, 44.03
44.45, 44.03
44.45, 44.03
44.45, 45.10
44.46, 45.10
44.46, 44.51
44.46, 45.37
44.46, 44.52
44.46, 43.13
44.45, 43.13
44.44, 43.13
44.44, 43.13
44.44, 44.81
44.45, 46.07
44.45, 44.62
44.44, 43.79
44.45, 44.99
44.45, 44.99
44.45, 44.99
44.45, 43.64
44.44, 42.96
44.43, 42.96
44.43, 44.28
44.44, 45.43
44.44, 44.73
44.44, 44.06
44.44, 45.02
44.44, 45.02
44.44, 44.43
44.45, 45.12
44.45, 45.68
44.45, 44.78
44.46, 44.78
44.46, 45.44
44.46, 44.83
44.46, 44.83
44.47, 45.98
44.48, 45.38
44.48, 44.25
44.47, 44.25
44.48, 45.57
44.49, 45.57
44.49, 44.45
44.48, 44.45
44.48, 44.45
44.48, 43.90
44.48, 44.49
44.48, 44.49
44.48, 44.49
44.49, 45.58
44.50, 46.49
44.50, 45.10
44.50, 43.86
44.50, 44.56
44.50, 44.56
44.49, 43.31
44.49, 43.31
44.49, 45.21
44.49, 45.21
44.50, 45.21
44.50, 45.21
44.50, 43.89
44.49, 43.16
44.49, 44.17
44.49, 44.17
44.48, 42.93
44.48, 43.72
44.48, 44.88
44.48, 44.22
44.48, 44.22
44.48, 44.83
44.48, 44.20
44.47, 43.43
44.47, 43.43
44.46, 43.43
44.45, 43.43
44.46, 45.17
44.47, 46.52
44.47, 45.45
44.47, 44.14
44.47, 44.85
44.48, 44.85
44.47, 43.96
44.47, 43.96
44.47, 43.96
44.47, 43.96
44.47, 44.62
44.47, 45.48
44.47, 44.60
44.47, 44.03
44.47, 45.04
44.48, 45.04
44.47, 43.34
44.46, 43.34
44.46, 43.34
44.46, 44.04
44.46, 44.73
44.46, 45.56
44.47, 45.56
44.47, 45.04
44.47, 45.04
44.47, 44.54
44.47, 43.44
44.46, 43.44
44.46, 43.44
44.45, 43.44
44.45, 44.22
44.46, 45.26
44.46, 45.26
44.47, 45.26
44.47, 45.80
44.47, 44.46
44.46, 42.92
44.46, 42.92
44.45, 42.92
44.44, 42.92
44.44, 44.02
44.44, 45.56
44.45, 44.85
44.44, 44.08
44.45, 45.45
44.45, 45.45
44.46, 44.68
44.46, 44.68
44.46, 44.13
44.45, 43.17
44.45, 43.79
44.45, 45.12
44.45, 45.12
44.46, 45.12
44.46, 45.82
44.47, 45.82
44.47, 44.64
44.48, 45.72
44.48, 45.72
44.48, 44.08
44.48, 44.08
44.48, 45.36
44.48, 44.41
44.48, 43.56
44.48, 44.72
44.48, 44.72
44.48, 44.72
44.48, 44.72
44.48, 44.72
44.48, 43.38
44.48, 43.88
44.48, 45.71
44.49, 45.71
44.49, 44.70
44.49, 45.34
44.49, 44.53
44.49, 44.00
44.50, 45.35
44.50, 45.35
44.50, 43.71
44.50, 44.75
44.50, 46.11
44.51, 44.83
44.50, 43.98
44.51, 44.86
44.50, 44.28
44.50, 43.40
44.49, 43.40
44.49, 44.23
44.49, 44.23
44.49, 44.90
44.50, 45.63
44.50, 45.12
44.50, 44.45
44.50, 44.45
44.50, 44.45
44.50, 44.45
44.50, 44.45
44.50, 43.56
44.49, 43.56
44.49, 45.02
44.50, 46.58
44.51, 46.58
44.52, 46.06
44.53, 46.06
44.53, 44.28
44.52, 43.20
44.52, 43.20
44.51, 43.78
44.51, 43.78
44.51, 44.50
44.52, 46.08
44.52, 45.57
44.52, 44.71
44.52, 44.71
44.52, 44.71
44.52, 43.91
44.52, 43.91
44.51, 42.67
44.50, 42.67
44.50, 43.76
44.50, 45.49
44.50, 44.98
44.51, 44.98
44.51, 45.73
44.51, 44.91
44.51, 43.33
44.50, 42.57
44.49, 42.57
44.49, 44.48
44.49, 45.35
44.50, 45.35
44.49, 44.02
44.49, 44.02
44.50, 45.81
44.51, 45.81
44.50, 43.80
44.49, 42.78
44.48, 42.78
44.48, 43.43
44.48, 44.87
44.49, 46.15
44.50, 45.58
44.50, 45.58
44.51, 46.55
44.51, 45.22
44.51, 43.15
44.50, 43.93
44.51, 45.76
44.51, 45.10
44.51, 44.44
44.52, 45.14
44.52, 44.33
44.51, 43.65
44.51, 44.55
44.51, 44.55
44.51, 44.02
44.51, 44.58
44.52, 45.61
44.52, 45.02
44.52, 44.42
44.52, 45.46
44.53, 45.46
44.53, 45.46
44.54, 45.46
44.54, 45.46
44.54, 43.87
44.53, 43.87
44.54, 45.22
44.54, 44.61
44.54, 44.03
44.54, 45.21
44.54, 45.21
44.54, 44.70
44.54, 44.70
44.54, 44.70
44.54, 43.34
44.53, 43.34
44.53, 45.00
44.54, 45.00
44.54, 44.43
44.54, 45.36
44.54, 45.36
44.55, 44.63
44.55, 44.63
44.54, 43.99
44.53, 42.83
44.53, 43.84
44.54, 45.63
44.54, 44.94
44.53, 43.89
44.54, 44.76
44.54, 44.76
44.53, 44.05
44.53, 43.55
44.52, 42.79
44.51, 42.79
44.51, 44.29
44.52, 45.53
44.52, 44.50
44.52, 44.50
44.52, 45.23
44.52, 44.31
44.51, 43.23
44.51, 43.83
44.51, 43.83
44.50, 43.83
44.50, 44.43
44.51, 45.49
44.51, 44.61
44.50, 43.90
44.51, 45.06
44.51, 45.06
44.50, 43.21
44.49, 42.39
44.48, 42.39
44.47, 43.04
44.48, 44.52
44.48, 45.63
44.48, 44.77
44.48, 44.77
44.49, 44.77
44.48, 43.69
44.47, 42.36
44.46, 42.36
44.45, 42.36
44.44, 42.97
44.44, 44.06
44.44, 45.37
44.45, 44.77
44.45, 44.24
44.45, 44.94
44.45, 44.94
44.45, 43.98
44.45, 43.98
44.44, 43.98
44.44, 43.98
44.44, 43.98
44.44, 45.46
44.45, 45.46
44.45, 44.33
44.45, 44.88
44.45, 44.88
44.45, 44.31
44.45, 44.31
44.45, 43.74
44.44, 43.74
44.45, 44.67
44.45, 45.52
44.45, 44.00
44.44, 43.48
44.45, 44.82
44.44, 44.10
44.44, 43.53
44.44, 44.73
44.44, 44.73
44.44, 43.36
44.44, 44.13
44.44, 45.65
44.44, 45.02
44.44, 44.09
44.45, 45.16
44.45, 45.16
44.45, 45.16
44.45, 44.54
44.45, 43.75
44.45, 44.29
44.46, 45.69
44.46, 44.92
44.45, 43.44
44.45, 44.05
44.45, 45.19
44.45, 44.21
44.45, 43.52
44.45, 44.37
44.45, 44.37
44.45, 44.37
44.45, 45.26
44.45, 44.66
44.45, 43.23
44.44, 44.07
44.45, 46.10
44.46, 45.54
44.46, 44.48
44.46, 45.33
44.46, 44.78
44.46, 43.28
44.45, 43.28
44.45, 44.00
44.44, 43.25
44.44, 43.81
44.45, 45.38
44.45, 44.79
44.45, 44.06
44.45, 44.95
44.45, 44.95
44.45, 44.95
44.46, 45.68
44.46, 44.53
44.45, 43.52
44.45, 44.23
44.46, 45.43
44.46, 44.84
44.46, 43.94
44.46, 44.53
44.46, 44.53
44.45, 43.27
44.44, 42.68
44.43, 42.68
44.43, 42.68
44.42, 43.90
44.43, 45.80
44.44, 45.80
44.44, 44.67
44.44, 44.67
44.43, 43.26
44.42, 42.57
44.41, 42.57
44.41, 43.30
44.40, 43.30
44.40, 43.30
44.40, 45.25
44.40, 44.66
44.40, 43.52
44.40, 44.44
44.40, 44.44
44.40, 43.91
44.39, 43.16
44.38, 43.16
44.38, 43.16
44.38, 44.80
44.39, 46.29
44.39, 45.28
44.39, 44.30
44.39, 44.30
44.39, 44.30
44.39, 43.56
44.39, 43.56
44.38, 43.56
44.38, 43.56
44.38, 45.07
44.38, 45.07
44.38, 44.05
44.38, 44.05
44.38, 44.63
44.38, 43.65
44.37, 42.03
44.36, 42.57
44.36, 44.47
44.36, 44.47
44.36, 44.47
44.36, 45.47
44.36, 44.27
44.36, 43.54
44.36, 44.89
44.37, 44.89
44.36, 42.85
44.35, 43.51
44.36, 45.43
44.36, 45.43
44.36, 44.27
44.37, 44.89
44.37, 44.19
44.36, 42.84
44.35, 43.55
44.36, 45.47
44.36, 45.47
44.37, 44.51
44.37, 44.51
44.37, 44.51
44.37, 44.51
44.37, 44.51
44.36, 43.15
44.35, 42.20
44.35, 43.65
44.35, 45.39
44.36, 44.75
44.35, 43.94
44.36, 44.84
44.36, 44.84
44.36, 43.76
44.36, 44.45
44.36, 44.45
44.35, 43.34
44.35, 44.10
44.35, 45.30
44.36, 45.30
44.36, 44.44
44.36, 45.16
44.36, 44.65
44.36, 43.61
44.36, 43.61
44.35, 43.61
44.35, 43.61
44.35, 44.76
44.36, 46.81
44.38, 46.81
44.38, 45.73
44.39, 45.73
44.40, 45.73
44.40, 44.62
44.40, 44.62
44.40, 44.62
44.39, 43.15
44.39, 43.15
44.39, 44.78
44.39, 44.78
44.39, 44.78
44.40, 44.78
44.40, 44.78
44.39, 43.54
44.39, 43.54
44.38, 43.54
44.38, 42.74
44.37, 43.68
44.38, 44.98
44.37, 43.91
44.37, 43.18
44.37, 44.31
44.37, 44.31
44.37, 44.31
44.37, 44.31
44.37, 45.53
44.38, 45.02
44.38, 45.02
44.38, 45.02
44.38, 44.45
44.37, 42.68
44.36, 41.50
44.35, 41.50
44.34, 43.35
44.34, 45.03
44.35, 45.70
44.35, 44.29
44.35, 44.29
44.35, 45.01
44.35, 44.15
44.35, 42.98
44.34, 43.87
44.35, 45.00
44.35, 44.17
44.34, 44.17
44.35, 45.47
44.35, 44.53
44.35, 44.53
44.36, 45.54
44.36, 45.54
44.36, 44.22
44.36, 44.22
44.36, 44.80
44.36, 44.27
44.36, 44.27
44.36, 44.27
44.36, 44.27
44.36, 44.27
44.37, 45.96
44.37, 45.15
44.37, 43.12
44.36, 43.12
44.36, 45.07
44.37, 44.49
44.36, 43.86
44.37, 44.81
44.37, 44.81
44.37, 44.81
44.37, 44.81
44.37, 44.23
44.36, 43.09
44.36, 44.10
44.37, 45.54
44.37, 44.95
44.37, 44.20
44.37, 44.20
44.37, 44.20
44.37, 44.20
44.37, 44.92
44.37, 44.22
44.37, 43.31
44.36, 44.00
44.37, 44.88
44.37, 44.18
44.36, 44.18
44.37, 44.98
44.37, 44.98
44.37, 44.98
44.38, 44.98
44.37, 43.37
44.36, 42.05
44.36, 43.42
44.36, 45.75
44.37, 45.09
44.37, 44.28
44.37, 45.24
44.37, 44.55
44.36, 43.21
44.36, 43.21
44.36, 43.92
44.35, 43.92
44.35, 43.92
44.36, 45.55
44.36, 45.55
44.36, 44.29
44.36, 44.29
44.36, 44.29
44.36, 43.11
44.35, 42.53
44.34, 42.53
44.33, 43.23
44.34, 44.82
44.34, 45.96
44.34, 44.39
44.34, 43.15
44.34, 44.33
44.34, 44.33
44.33, 43.40
44.32, 42.31
44.31, 42.31
44.31, 42.84
44.31, 44.21
44.31, 45.60
44.31, 44.82
44.32, 44.82
44.32, 45.45
44.32, 44.80
44.32, 43.47
44.32, 43.47
44.32, 45.20
44.33, 45.20
44.32, 43.84
44.32, 44.40
44.32, 44.40
44.32, 44.40
44.33, 45.29
44.33, 44.48
44.32, 43.18
44.32, 44.27
44.33, 45.61
44.33, 44.48
44.33, 43.80
44.33, 44.82
44.33, 44.82
44.34, 44.82
44.34, 44.82
44.34, 44.82
44.34, 43.31
44.34, 44.47
44.34, 45.29
44.34, 44.03
44.34, 44.03
44.34, 45.19
44.34, 44.36
44.34, 43.83
44.34, 44.96
44.35, 44.96
44.34, 43.83
44.34, 44.38
44.35, 45.78
44.35, 45.17
44.36, 44.54
44.36, 44.54
44.35, 43.97
44.35, 43.97
44.35, 44.83
44.36, 44.83
44.35, 43.79
44.35, 43.79
44.36, 45.37
44.36, 44.42
44.35, 43.63
44.35, 44.55
44.36, 44.55
44.35, 43.50
44.35, 44.17
44.35, 43.63
44.34, 42.48
44.33, 43.06
44.33, 44.17
44.33, 43.58
44.32, 43.58
44.33, 45.15
44.33, 45.15
44.33, 43.56
44.32, 42.83
44.31, 42.23
44.30, 42.23
44.30, 44.06
44.31, 46.35
44.31, 45.63
44.31, 44.32
44.31, 44.32
44.31, 44.32
44.31, 43.34
44.30, 43.34
44.30, 43.34
44.29, 42.81
44.29, 44.01
44.30, 45.38
44.30, 44.78
44.30, 44.78
44.30, 44.78
44.30, 44.06
44.30, 43.28
44.29, 43.28
44.29, 43.28
44.28, 43.28
44.29, 44.98
44.29, 46.14
44.30, 44.46
44.29, 43.19
44.29, 44.51
44.29, 44.51
44.29, 43.32
44.28, 41.99
44.26, 41.99
44.26, 43.34
44.26, 45.07
44.27, 46.19
44.28, 44.87
44.28, 44.22
44.28, 45.78
44.29, 45.78
44.29, 44.46
44.29, 43.96
44.29, 43.96
44.29, 43.96
44.29, 43.96
44.29, 46.01
44.30, 45.03
44.29, 43.27
44.29, 43.93
44.29, 43.93
44.29, 43.93
44.29, 43.93
44.29, 44.53
44.29, 44.53
44.28, 43.60
44.29, 44.40
44.29, 44.40
44.28, 43.75
44.28, 44.58
44.28, 43.99
44.28, 42.70
44.27, 43.35
44.27, 45.16
44.28, 45.16
44.28, 45.16
44.29, 45.16
44.29, 45.16
44.30, 45.16
44.30, 45.16
44.30, 44.14
44.29, 42.87
44.29, 43.86
44.30, 45.55
44.30, 45.01
44.30, 44.27
44.30, 44.27
44.30, 44.27
44.30, 44.27
44.30, 44.27
44.30, 43.52
44.29, 43.52
44.29, 44.41
44.30, 45.72
44.30, 45.10
44.31, 44.50
44.31, 45.14
44.31, 44.39
44.31, 43.54
44.31, 44.79
44.31, 45.37
44.31, 43.63
44.30, 43.12
44.31, 44.76
44.31, 44.76
44.31, 44.76
44.32, 45.37
44.32, 44.45
44.31, 43.02
44.30, 43.02
44.30, 43.02
44.29, 43.02
44.29, 44.51
44.30, 45.21
44.29, 43.82
44.29, 43.82
44.30, 45.08
44.30, 45.08
44.29, 43.18
44.29, 42.47
44.28, 42.47
44.27, 42.47
44.26, 43.30
44.26, 44.46
44.26, 43.85
44.26, 43.85
44.26, 44.88
44.27, 44.88
44.26, 43.71
44.25, 42.68
44.25, 42.68
44.24, 42.68
44.24, 44.13
44.24, 45.51
44.25, 45.51
44.25, 44.46
44.26, 45.43
44.26, 44.79
44.26, 43.24
44.26, 44.16
44.26, 45.47
44.26, 44.47
44.26, 44.47
44.26, 44.47
44.27, 44.47
44.26, 43.20
44.25, 43.20
44.25, 43.20
44.24, 43.20
44.25, 44.45
44.25, 44.45
44.24, 43.08
44.23, 43.08
44.24, 44.46
44.24, 44.46
44.23, 43.73
44.24, 45.26
44.24, 45.26
44.24, 44.01
44.24, 44.01
44.24, 44.65
44.25, 44.65
44.25, 44.65
44.25, 43.85
44.24, 43.85
44.25, 45.41
44.25, 44.30
44.24, 42.57
44.23, 42.57
44.23, 44.13
44.24, 44.90
44.24, 44.90
44.24, 43.96
44.23, 43.18
44.23, 43.91
44.23, 43.91
44.22, 42.96
44.22, 43.71
44.22, 43.71
44.21, 43.16
44.21, 44.03
44.22, 45.42
44.22, 44.30
44.21, 43.30
44.21, 44.27
44.21, 44.27
44.21, 43.18
44.20, 43.18
44.20, 43.18
44.19, 43.18
44.19, 44.29
44.20, 45.67
44.21, 44.86
44.20, 43.78
44.20, 44.40
44.21, 44.40
44.20, 43.33
44.20, 43.33
44.19, 43.33
44.19, 43.33
44.19, 44.77
44.20, 45.56
44.20, 44.13
44.20, 44.13
44.20, 44.98
44.20, 44.98
44.20, 43.96
44.21, 44.55
44.21, 44.55
44.20, 43.66
44.20, 43.66
44.21, 45.30
44.21, 44.77
44.21, 44.05
44.21, 44.69
44.21, 44.16
44.21, 43.05
44.20, 43.05
44.20, 43.67
44.19, 43.67
44.19, 43.67
44.20, 45.08
44.20, 45.08
44.20, 44.52
44.20, 44.52
44.20, 43.59
44.19, 43.09
44.20, 44.41
44.20, 45.47
44.20, 44.45
44.20, 43.71
44.20, 44.42
44.20, 44.42
44.20, 44.42
44.21, 45.52
44.21, 44.50
44.21, 42.88
44.20, 43.40
44.21, 45.35
44.21, 45.35
44.22, 45.35
44.22, 45.35
44.23, 44.66
44.23, 44.66
44.23, 44.66
44.23, 43.39
44.22, 42.43
44.22, 43.79
44.22, 45.79
44.23, 45.14
44.23, 44.35
44.23, 45.20
44.24, 44.68
44.24, 44.13
44.24, 44.85
44.24, 44.17
44.23, 42.92
44.23, 43.93
44.24, 45.95
44.24, 45.38
44.24, 44.37
44.25, 44.98
44.25, 44.43
44.25, 44.43
44.25, 44.43
44.25, 44.43
44.25, 42.99
44.24, 43.56
44.25, 44.91
44.25, 44.15
44.24, 43.16
44.24, 44.17
44.24, 44.17
44.23, 43.24
44.23, 43.24
44.22, 43.24
44.22, 43.24
44.21, 43.24
44.22, 44.58
44.22, 44.58
44.22, 44.58
44.22, 45.12
44.23, 45.12
44.22, 43.44
44.22, 42.90
44.21, 42.90
44.21, 42.90
44.21, 44.52
44.22, 46.47
44.23, 46.47
44.24, 45.50
44.24, 45.50
44.24, 44.27
44.24, 43.07
44.23, 43.07
44.22, 43.07
44.22, 43.07
44.22, 44.17
44.22, 45.07
44.23, 45.07
44.23, 45.07
44.24, 45.07
44.23, 43.78
44.22, 42.56
44.22, 42.56
44.21, 42.56
44.20, 42.56
44.20, 44.27
44.21, 45.25
44.20, 43.93
44.20, 43.38
44.20, 44.95
44.21, 44.95
44.21, 44.44
44.21, 44.44
44.21, 43.37
44.20, 42.56
44.19, 43.58
44.20, 45.30
44.21, 45.30
44.20, 43.97
44.20, 43.97
44.20, 43.97
44.20, 43.33
44.20, 44.21
44.20, 45.48
44.21, 44.65
44.21, 44.10
44.21, 44.68
44.21, 43.72
44.20, 43.72
44.21, 44.80
44.21, 44.80
44.20, 42.90
44.20, 42.90
44.20, 44.52
44.20, 44.52
44.20, 43.50
44.20, 44.30
44.20, 44.30
44.20, 44.30
44.20, 45.21
44.20, 44.54
44.20, 43.35
44.20, 43.35
44.20, 44.23
44.20, 44.23
44.19, 43.32
44.19, 44.12
44.19, 44.12
44.19, 43.51
44.19, 44.23
44.19, 44.23
44.18, 43.38
44.18, 44.29
44.19, 45.89
44.20, 44.81
44.19, 43.60
44.20, 44.76
44.20, 44.76
44.19, 43.23
44.19, 43.23
44.18, 43.23
44.18, 43.23
44.18, 43.77
44.18, 44.71
44.18, 44.11
44.18, 44.11
44.18, 44.67
44.18, 44.67
44.19, 44.67
44.19, 44.67
44.19, 43.80
44.19, 43.80
44.18, 43.80
44.19, 45.51
44.19, 44.97
44.19, 44.05
44.19, 44.05
44.19, 44.05
44.18, 42.54
44.18, 42.54
44.17, 42.54
44.16, 43.09
44.16, 44.50
44.18, 46.60
44.18, 45.40
44.18, 43.86
44.18, 44.87
44.19, 44.87
44.18, 42.95
44.17, 42.05
44.16, 42.05
44.15, 42.66
44.15, 44.03
44.16, 45.75
44.16, 44.94
44.16, 43.83
44.16, 44.47
44.16, 44.47
44.16, 43.68
44.16, 43.68
44.16, 43.68
44.16, 43.68
44.16, 44.36
44.17, 47.15
44.19, 47.98
44.19, 44.86
44.18, 41.67
44.17, 42.23
44.17, 44.61
44.18, 44.61
44.18, 44.61
44.18, 44.61
44.18, 44.61
44.18, 43.73
44.18, 43.73
44.18, 44.81
44.18, 44.81
44.18, 43.82
44.18, 44.40
44.18, 44.40
44.19, 44.40
44.20, 46.16
44.20, 44.93
44.19, 42.52
44.18, 42.52
44.18, 44.76
44.19, 44.76
44.19, 45.42
44.20, 45.42
44.20, 44.78
44.20, 44.06
44.20, 44.75
44.21, 44.75
44.20, 43.04
44.20, 43.84
44.21, 45.33
44.21, 44.62
44.21, 44.62
44.22, 45.41
44.22, 44.41
44.21, 43.63
44.22, 44.90
44.22, 44.90
44.22, 43.63
44.21, 43.63
44.22, 44.91
44.22, 44.91
44.22, 44.38
44.23, 45.17
44.23, 45.17
44.23, 43.87
44.23, 43.87
44.23, 43.87
44.22, 42.78
44.22, 44.36
44.23, 46.30
44.24, 45.29
44.23, 44.04
44.24, 44.80
44.24, 44.80
44.24, 43.33
44.23, 43.33
44.23, 44.13
44.23, 44.13
44.23, 44.98
44.24, 44.98
44.24, 44.21
44.24, 44.21
44.24, 44.88
44.24, 44.37
44.24, 43.06
44.23, 43.06
44.22, 43.06
44.22, 43.06
44.22, 44.44
44.23, 45.77
44.23, 44.74
44.23, 44.74
44.23, 44.74
44.23, 44.12
44.23, 42.91
44.22, 42.91
44.21, 42.91
44.21, 43.68
44.21, 43.68
44.21, 44.96
44.22, 44.96
44.22, 44.45
44.22, 44.98
44.22, 44.98
44.22, 43.60
44.22, 42.99
44.21, 42.99
44.20, 42.99
44.20, 43.91
44.21, 45.58
44.22, 45.58
44.22, 44.47
44.22, 44.47
44.21, 43.36
44.21, 43.36
44.21, 44.41
44.22, 45.93
44.22, 45.31
44.23, 45.31
44.24, 45.31
44.24, 44.49
44.23, 43.66
44.24, 45.10
44.24, 45.10
44.24, 43.98
44.24, 43.47
44.24, 44.89
44.24, 44.89
44.24, 44.25
44.25, 44.95
44.25, 44.95
44.25, 43.74
44.25, 43.74
44.24, 43.74
44.24, 42.97
44.23, 42.97
44.23, 44.35
44.23, 44.35
44.24, 45.07
44.24, 45.07
44.24, 44.49
44.24, 44.49
44.24, 44.49
44.24, 44.49
44.24, 43.68
44.24, 44.21
44.25, 45.26
44.25, 44.76
44.25, 44.76
44.26, 45.38
44.26, 45.38
44.26, 44.54
44.27, 44.54
44.26, 43.75
44.26, 43.16
44.26, 43.99
44.26, 44.91
44.26, 44.07
44.26, 44.07
44.26, 45.25
44.27, 45.25
44.26, 43.08
44.25, 42.32
44.24, 42.32
44.23, 42.32
44.23, 43.49
44.23, 44.69
44.23, 44.11
44.23, 44.11
44.23, 44.70
44.23, 44.04
44.22, 42.27
44.21, 42.27
44.21, 42.92
44.20, 43.54
44.20, 43.54
44.20, 44.37
44.20, 44.37
44.21, 45.04
44.21, 45.83
44.22, 44.80
44.21, 43.19
44.21, 43.19
44.20, 42.56
44.19, 42.56
44.19, 44.12
44.20, 46.21
44.21, 45.49
44.21, 44.45
44.21, 44.45
44.21, 43.68
44.20, 42.79
44.20, 44.04
44.20, 45.65
44.21, 44.88
44.21, 44.07
44.21, 44.97
44.22, 44.97
44.22, 44.25
44.22, 44.25
44.21, 43.73
44.21, 42.75
44.20, 43.71
44.21, 45.38
44.21, 44.55
44.21, 44.55
44.21, 44.55
44.21, 43.78
44.21, 43.78
44.21, 45.09
44.22, 44.55
44.21, 42.86
44.21, 43.41
44.21, 45.51
44.22, 45.51
44.22, 44.00
44.22, 44.61
44.22, 44.61
44.22, 44.04
44.22, 44.74
44.23, 44.74
44.22, 43.49
44.22, 43.49
44.22, 45.30
44.23, 45.30
44.23, 44.33
44.23, 45.06
44.24, 45.06
44.24, 45.06
44.25, 45.06
44.25, 44.13
44.24, 43.57
44.24, 44.38
44.25, 45.21
44.25, 44.41
44.25, 44.41
44.25, 45.12
44.26, 45.12
44.26, 43.87
44.25, 43.87
44.25, 43.87
44.25, 43.29
44.24, 43.29
44.25, 45.02
44.25, 45.02
44.25, 43.72
44.25, 44.42
44.25, 44.42
44.24, 43.37
44.24, 44.08
44.24, 44.08
44.24, 42.62
44.23, 43.57
44.24, 45.94
44.25, 45.94
44.25, 44.22
44.25, 45.12
44.26, 45.12
44.26, 43.96
44.26, 44.82
44.26, 44.82
44.26, 43.85
44.25, 43.04
44.25, 43.04
44.24, 43.04
44.24, 43.85
44.25, 45.47
44.25, 45.47
44.25, 44.55
44.25, 44.55
44.26, 44.55
44.25, 43.85
44.25, 43.85
44.25, 43.85
44.24, 43.00
44.24, 43.00
44.24, 44.46
44.24, 44.46
44.23, 43.05
44.23, 43.94
44.24, 46.22
44.25, 46.22
44.26, 45.35
44.27, 45.95
44.27, 44.86
44.27, 43.71
44.27, 44.50
44.27, 44.50
44.26, 43.10
44.26, 43.10
44.26, 45.37
44.27, 45.37
44.27, 44.53
44.27, 44.53
44.27, 44.53
44.27, 44.53
44.28, 45.17
44.28, 43.73
44.27, 42.66
44.27, 44.23
44.28, 46.09
44.29, 46.09
44.29, 44.93
44.29, 44.93
44.29, 44.93
44.29, 43.95
44.29, 44.58
44.30, 44.58
44.29, 43.93
44.29, 43.93
44.30, 45.12
44.30, 45.12
44.30, 43.83
44.30, 44.66
44.30, 44.66
44.30, 43.50
44.29, 43.50
44.29, 43.50
44.29, 43.50
44.28, 44.11
44.29, 44.83
44.29, 44.83
44.29, 44.83
44.30, 46.62
44.31, 45.39
44.31, 44.09
44.31, 44.70
44.31, 44.70
44.31, 43.61
44.31, 43.61
44.31, 45.68
44.32, 45.68
44.32, 45.02
44.33, 45.02
44.33, 44.40
44.32, 43.60
44.32, 43.60
44.32, 43.60
44.31, 42.56
44.31, 43.94
44.32, 46.42
44.32, 45.87
44.32, 44.57
44.33, 44.57
44.32, 43.80
44.32, 42.95
44.31, 42.95
44.31, 43.47
44.30, 43.47
44.30, 43.47
44.30, 45.71
44.31, 45.71
44.31, 44.88
44.32, 44.88
44.32, 44.26
44.31, 42.79
44.30, 42.79
44.29, 42.79
44.29, 42.79
44.29, 44.27
44.30, 46.39
44.30, 45.71
44.31, 44.89
44.31, 45.45
44.31, 44.48
44.31, 42.89
44.30, 43.62
44.31, 45.27
44.31, 45.27
44.31, 44.64
44.32, 45.28
44.32, 44.63
44.32, 44.02
44.32, 44.69
44.32, 44.69
44.32, 43.97
44.32, 43.97
44.32, 44.78
44.32, 44.12
44.32, 44.12
44.32, 44.12
44.32, 44.12
44.32, 44.12
44.32, 44.93
44.32, 44.11
44.31, 42.80
44.31, 43.47
44.31, 44.73
44.31, 44.13
44.31, 44.13
44.31, 45.73
44.32, 45.73
44.32, 44.60
44.33, 45.26
44.33, 44.73
44.33, 43.57
44.33, 44.29
44.33, 45.67
44.33, 44.60
44.33, 43.55
44.33, 44.33
44.33, 44.33
44.32, 43.27
44.32, 43.27
44.31, 43.27
44.31, 42.77
44.30, 42.77
44.30, 44.93
44.30, 44.93
44.31, 44.93
44.31, 45.45
44.32, 44.68
44.31, 43.72
44.31, 43.72
44.31, 43.72
44.30, 43.72
44.30, 44.37
44.31, 45.22
44.31, 44.32
44.31, 44.32
44.31, 45.05
44.32, 45.05
44.31, 43.70
44.31, 43.02
44.30, 43.02
44.30, 43.73
44.30, 45.46
44.31, 46.41
44.32, 44.77
44.31, 43.91
44.32, 44.88
44.32, 44.20
44.31, 42.69
44.30, 42.69
44.30, 43.52
44.29, 43.52
44.29, 43.52
44.29, 44.44
44.29, 43.82
44.28, 43.82
44.29, 44.57
44.29, 44.57
44.29, 44.57
44.29, 44.57
44.29, 43.96
44.29, 43.96
44.28, 43.96
44.29, 45.38
44.29, 44.76
44.29, 44.76
44.30, 44.76
44.30, 44.19
44.29, 43.27
44.29, 44.25
44.30, 45.69
44.30, 44.98
44.30, 44.05
44.30, 44.68
44.30, 44.68
44.31, 44.68
44.31, 44.68
44.31, 44.68
44.31, 43.86
44.31, 44.43
44.31, 45.28
44.31, 44.56
44.32, 44.56
44.32, 45.29
44.32, 44.39
44.32, 43.83
44.32, 44.98
44.32, 44.98
44.32, 43.66
44.32, 43.66
44.32, 45.00
44.32, 45.00
44.33, 45.00
44.34, 46.04
44.34, 44.68
44.33, 43.24
44.33, 44.13
44.33, 44.84
44.34, 44.84
44.34, 44.84
44.34, 44.84
44.34, 44.84
44.35, 44.84
44.35, 44.84
44.35, 44.84
44.35, 44.84
44.36, 44.84
44.35, 43.78
44.35, 42.98
44.35, 44.31
44.36, 46.37
44.36, 45.77
44.36, 44.38
44.36, 44.38
44.36, 44.38
44.36, 44.38
44.37, 44.90
44.37, 44.90
44.37, 44.19
44.37, 45.16
44.38, 46.42
44.39, 45.60
44.39, 44.84
44.40, 45.53
44.40, 45.53
44.40, 43.56
44.39, 43.56
44.39, 43.56
44.39, 43.56
44.39, 44.39
44.39, 45.06
44.39, 44.30
44.38, 43.60
44.38, 43.60
44.38, 44.74
44.39, 46.16
44.40, 45.06
44.39, 43.39
44.39, 43.39
44.38, 42.79
44.37, 42.79
44.37, 44.02
44.38, 46.11
44.38, 46.11
44.39, 44.74
44.39, 45.41
44.39, 44.66
44.39, 42.99
44.38, 42.99
44.37, 42.99
44.37, 42.99
44.37, 44.97
44.38, 46.35
44.38, 45.27
44.38, 44.52
44.39, 45.37
44.39, 45.37
44.39, 44.75
44.40, 45.37
44.40, 45.37
44.40, 44.36
44.41, 44.96
44.41, 44.96
44.41, 44.00
44.41, 44.57
44.41, 44.57
44.41, 43.76
44.41, 45.46
44.42, 46.83
44.43, 45.12
44.42, 43.88
44.43, 44.67
44.43, 44.67
44.43, 44.67
44.43, 45.61
44.43, 44.51
44.43, 42.74
44.42, 43.24
44.42, 44.75
44.42, 44.15
44.42, 44.15
44.42, 44.88
44.42, 44.88
44.43, 44.88
44.43, 44.88
44.43, 44.20
44.42, 43.23
44.42, 44.43
44.43, 45.68
44.43, 44.86
44.43, 44.16
44.43, 44.16
44.43, 44.16
44.42, 44.16
44.43, 44.86
44.43, 44.34
44.42, 43.29
44.42, 44.31
44.43, 46.68
44.44, 46.68
44.44, 44.69
44.44, 44.69
44.45, 44.69
44.44, 43.72
44.44, 43.72
44.44, 43.72
44.43, 43.72
44.43, 43.72
44.43, 45.16
44.44, 45.16
44.43, 44.19
44.43, 44.19
44.43, 43.65
44.42, 43.01
44.41, 43.01
44.41, 43.01
44.40, 43.01
44.40, 43.65
44.40, 45.11
44.40, 45.11
44.40, 43.73
44.40, 43.73
44.39, 43.73
44.39, 43.73
44.39, 43.73
44.38, 43.73
44.38, 43.73
44.38, 43.73
44.38, 44.89
44.38, 44.24
44.38, 44.24
44.38, 45.50
44.39, 44.89
44.38, 43.55
44.38, 43.03
44.37, 43.03
44.36, 43.03
44.36, 44.82
44.37, 46.37
44.38, 45.07
44.38, 44.06
44.39, 46.26
44.40, 47.82
44.41, 46.24
44.41, 44.93
44.42, 44.93
44.42, 44.93
44.42, 44.93
44.43, 44.93
44.42, 44.11
44.42, 42.79
44.41, 42.79
44.41, 45.01
44.41, 45.01
44.41, 44.44
44.42, 45.28
44.42, 45.28
44.43, 45.28
44.43, 44.75
44.43, 44.15
44.42, 43.38
44.42, 44.26
44.43, 45.57
44.43, 44.67
44.43, 44.08
44.43, 45.04
44.43, 44.46
44.43, 43.74
44.42, 43.74
44.42, 43.74
44.41, 42.96
44.41, 44.07
44.42, 45.71
44.42, 45.71
44.43, 45.13
44.43, 46.10
44.44, 44.99
44.43, 43.26
44.43, 43.26
44.42, 43.26
44.41, 43.26
44.41, 44.35
44.42, 45.19
44.42, 44.41
44.42, 44.41
44.42, 45.22
44.42, 44.70
44.42, 43.64
44.42, 43.64
44.41, 43.64
44.40, 43.01
44.40, 44.22
44.41, 45.47
44.41, 44.25
44.40, 43.43
44.40, 44.49
44.40, 44.49
44.40, 43.59
44.40, 43.59
44.39, 42.96
44.38, 42.96
44.38, 43.74
44.38, 44.92
44.38, 44.25
44.38, 44.25
44.38, 45.03
44.38, 44.42
44.38, 43.10
44.37, 43.10
44.37, 43.95
44.37, 43.95
44.36, 43.95
44.37, 46.32
44.38, 45.77
44.38, 44.53
44.38, 44.53
44.38, 44.53
44.38, 42.84
44.37, 42.84
44.36, 42.84
44.35, 42.84
44.35, 44.43
44.36, 45.97
44.36, 44.66
44.36, 43.45
44.36, 44.36
44.36, 44.36
44.35, 43.48
44.35, 44.03
44.36, 46.07
44.37, 46.95
44.38, 44.93
44.37, 43.96
44.38, 45.62
44.39, 45.62
44.39, 44.58
44.39, 44.58
44.39, 44.58
44.39, 43.59
44.38, 43.59
44.38, 44.82
44.39, 44.82
44.39, 44.82
44.40, 45.89
44.40, 45.08
44.40, 44.04
44.40, 45.18
44.40, 45.18
44.41, 45.18
44.41, 44.48
44.41, 44.48
44.41, 43.65
44.40, 44.17
44.41, 45.46
44.41, 44.78
44.41, 44.22
44.41, 45.20
44.42, 44.63
44.41, 43.75
44.41, 44.48
44.41, 44.48
44.41, 43.80
44.41, 44.46
44.42, 46.16
44.42, 45.61
44.42, 44.37
44.43, 45.07
44.43, 45.07
44.43, 44.29
44.43, 44.29
44.42, 43.36
44.42, 43.36
44.42, 44.29
44.42, 45.55
44.43, 44.76
44.43, 44.76
44.43, 44.76
44.43, 44.76
44.42, 43.25
44.42, 43.25
44.41, 43.25
44.41, 43.25
44.41, 44.15
44.41, 45.65
44.42, 45.65
44.42, 44.76
44.43, 45.62
44.43, 45.62
44.43, 44.38
44.43, 44.38
44.43, 44.38
44.43, 43.36
44.43, 44.27
44.43, 45.73
44.43, 44.63
44.43, 44.03
44.44, 45.45
44.44, 45.45
44.44, 43.79
44.43, 43.79
44.43, 43.79
44.43, 43.79
44.43, 44.34
44.43, 45.64
44.44, 45.05
44.44, 44.26
44.44, 44.26
44.43, 44.26
44.43, 43.56
44.43, 43.56
44.42, 42.99
44.41, 42.99
44.40, 42.99
44.41, 45.06
44.41, 45.06
44.41, 45.06
44.42, 45.06
44.42, 44.45
44.41, 43.71
44.41, 43.71
44.41, 45.29
44.42, 45.29
44.42, 44.51
44.42, 45.02
44.42, 43.87
44.42, 43.87
44.42, 45.00
44.42, 45.00
44.43, 45.00
44.43, 45.00
44.43, 45.00
44.43, 44.46
44.43, 44.46
44.44, 45.30
44.44, 44.67
44.44, 44.67
44.44, 45.25
44.45, 45.25
44.44, 44.11
44.44, 44.11
44.45, 45.88
44.45, 45.38
44.46, 44.60
44.46, 44.60
44.45, 43.46
44.45, 43.46
44.45, 44.64
44.45, 44.64
44.44, 43.61
44.44, 44.57
44.45, 46.08
44.46, 45.33
44.46, 44.73
44.47, 45.86
44.47, 45.86
44.47, 43.91
44.47, 44.62
44.48, 46.35
44.48, 45.00
44.48, 43.64
44.48, 44.73
44.48, 44.73
44.48, 44.73
44.48, 44.73
44.48, 44.73
44.48, 44.11
44.48, 44.90
44.50, 46.81
44.51, 46.81
44.51, 44.63
44.51, 44.63
44.51, 44.63
44.51, 43.74
44.50, 43.74
44.50, 43.74
44.49, 43.74
44.50, 45.47
44.50, 45.47
44.51, 44.78
44.50, 44.06
44.50, 44.06
44.50, 44.06
44.50, 44.06
44.50, 44.90
44.51, 45.86
44.50, 44.29
44.49, 42.35
44.48, 42.35
44.47, 42.35
44.47, 43.35
44.47, 44.88
44.48, 45.96
44.48, 44.73
44.47, 43.87
44.48, 44.74
44.48, 44.74
44.47, 43.90
44.47, 43.90
44.47, 43.36
44.46, 43.36
44.46, 44.64
44.47, 46.32
44.48, 46.32
44.48, 44.95
44.49, 45.47
44.49, 44.87
44.48, 43.55
44.48, 43.55
44.48, 43.55
44.47, 42.93
44.46, 43.91
44.47, 45.53
44.47, 44.99
44.47, 44.42
44.48, 45.23
44.48, 45.23
44.48, 43.56
44.47, 43.56
44.48, 45.41
44.48, 45.41
44.48, 44.37
44.48, 45.14
44.49, 45.14
44.48, 44.00
44.48, 44.53
44.48, 44.53
44.48, 43.89
44.48, 45.13
44.49, 46.10
44.50, 45.07
44.50, 44.47
44.50, 45.18
44.50, 45.18
44.51, 45.18
44.51, 46.27
44.52, 46.27
44.52, 44.09
44.52, 44.09
44.52, 45.05
44.52, 44.47
44.52, 44.47
44.53, 45.40
44.53, 45.40
44.53, 44.22
44.53, 44.22
44.53, 44.22
44.52, 43.40
44.52, 44.21
44.52, 45.26
44.52, 44.54
44.52, 44.54
44.53, 45.70
44.53, 45.04
44.53, 44.38
44.53, 44.94
44.53, 44.94
44.53, 43.96
44.53, 44.46
44.53, 45.42
44.53, 44.42
44.53, 43.74
44.53, 44.70
44.53, 44.70
44.53, 43.48
44.52, 43.48
44.52, 43.48
44.51, 43.48
44.51, 43.48
44.51, 44.85
44.51, 44.01
44.50, 44.01
44.51, 45.63
44.51, 44.82
44.50, 43.19
44.50, 43.19
44.50, 44.94
44.50, 44.94
44.50, 44.42
44.50, 45.32
44.51, 45.32
44.51, 44.29
44.50, 43.39
44.50, 43.39
44.50, 44.82
44.51, 46.17
44.52, 46.80
44.52, 45.51
44.52, 44.60
44.52, 44.60
44.52, 44.60
44.52, 44.60
44.53, 44.60
44.52, 43.97
44.52, 43.97
44.52, 43.97
44.52, 45.98
44.53, 45.98
44.53, 44.46
44.53, 44.46
44.53, 44.46
44.53, 43.66
44.52, 43.66
44.52, 43.66
44.51, 43.66
44.51, 44.28
44.52, 45.68
44.52, 44.95
44.52, 44.09
44.52, 44.09
44.51, 44.09
44.51, 43.50
44.51, 44.62
44.52, 45.91
44.52, 45.04
44.52, 44.26
44.52, 44.26
44.51, 44.26
44.51, 44.26
44.51, 44.26
44.51, 44.26
44.51, 44.26
44.51, 44.88
44.52, 45.85
44.52, 44.52
44.51, 43.38
44.51, 44.73
44.51, 44.73
44.52, 44.73
44.52, 46.29
44.54, 47.20
44.54, 45.09
44.54, 44.02
44.54, 44.59
44.54, 44.02
44.53, 42.88
44.52, 42.88
44.52, 44.82
44.52, 44.82
44.52, 44.82
44.53, 44.82
44.52, 43.87
44.52, 43.87
44.52, 45.06
44.52, 44.12
44.51, 42.52
44.50, 43.10
44.51, 45.47
44.51, 45.47
44.51, 44.58
44.51, 44.58
44.51, 43.24
44.50, 42.73
44.49, 43.30
44.49, 43.30
44.48, 43.30
44.48, 44.28
44.49, 46.01
44.49, 45.40
44.49, 43.48
44.48, 43.48
44.48, 45.21
44.49, 44.69
44.49, 44.69
44.49, 46.07
44.50, 45.09
44.49, 43.59
44.49, 44.51
44.50, 45.52
44.50, 44.24
44.49, 43.68
44.49, 44.84
44.50, 44.84
44.49, 43.21
44.48, 43.21
44.49, 45.07
44.49, 45.66
44.49, 45.02
44.50, 45.02
44.49, 43.96
44.48, 42.48
44.47, 42.48
44.46, 42.48
44.45, 42.48
44.45, 44.08
44.46, 46.68
44.48, 46.68
44.48, 45.91
44.49, 45.91
44.49, 44.89
44.49, 43.55
44.48, 42.97
44.47, 42.97
44.46, 42.97
44.46, 44.21
44.47, 46.04
44.48, 45.43
44.48, 44.53
44.48, 44.53
44.48, 44.53
44.47, 43.80
44.47, 43.80
44.46, 42.68
44.45, 42.68
44.45, 43.71
44.45, 44.98
44.45, 44.43
44.45, 44.43
44.45, 45.30
44.46, 45.30
44.46, 45.30
44.47, 45.30
44.47, 45.30
44.47, 44.59
44.47, 43.65
44.47, 44.64
44.47, 44.64
44.47, 44.64
44.47, 44.64
44.47, 43.66
44.46, 42.99
44.46, 43.86
44.46, 45.39
44.47, 45.39
44.47, 44.34
44.47, 44.97
44.47, 44.97
44.47, 44.97
44.48, 45.60
44.48, 44.86
44.48, 43.81
44.47, 43.81
44.48, 45.02
44.48, 44.41
44.48, 44.41
44.49, 46.81
44.50, 46.81
44.50, 45.38
44.50, 44.61
44.50, 43.21
44.49, 42.43
44.48, 43.51
44.49, 45.21
44.49, 45.21
44.49, 44.54
44.49, 44.54
44.49, 43.91
44.48, 43.41
44.48, 43.94
44.48, 43.94
44.47, 43.18
44.47, 43.96
44.47, 45.39
44.48, 45.39
44.48, 44.37
44.48, 45.04
44.48, 45.04
44.48, 44.41
44.48, 44.41
44.48, 43.57
44.47, 42.96
44.47, 44.11
44.47, 45.54
44.48, 45.01
44.48, 45.01
44.49, 46.02
44.49, 45.11
44.48, 43.32
44.48, 43.32
44.47, 43.32
44.46, 42.72
44.46, 43.61
44.46, 45.07
44.46, 45.07
44.47, 45.07
44.47, 45.07
44.47, 44.54
44.46, 43.03
44.46, 43.03
44.46, 44.82
44.46, 44.82
44.46, 44.12
44.46, 44.77
44.46, 44.77
44.46, 43.21
44.45, 43.21
44.44, 43.21
44.44, 43.21
44.44, 44.20
44.44, 45.25
44.44, 44.23
44.43, 43.59
44.43, 44.40
44.43, 43.79
44.42, 43.20
44.43, 44.75
44.43, 46.15
44.44, 45.13
44.44, 44.53
44.44, 45.61
44.45, 44.95
44.45, 44.05
44.45, 44.92
44.45, 44.92
44.45, 44.06
44.45, 44.06
44.45, 45.91
44.46, 45.37
44.46, 44.31
44.46, 44.88
44.46, 44.88
44.46, 44.88
44.47, 45.96
44.48, 45.28
44.47, 44.21
44.47, 44.21
44.48, 45.64
44.48, 44.75
44.48, 43.81
44.48, 44.48
44.48, 44.48
44.47, 43.92
44.47, 43.92
44.47, 43.92
44.46, 43.24
44.46, 43.24
44.46, 44.67
44.46, 44.67
44.46, 43.97
44.46, 45.10
44.46, 45.10
44.46, 43.77
44.46, 43.77
44.45, 43.77
44.45, 43.20
44.44, 43.98
44.44, 44.82
44.44, 44.03
44.44, 44.03
44.44, 44.60
44.44, 44.60
44.44, 43.86
44.44, 43.86
44.43, 43.20
44.42, 43.20
44.42, 43.72
44.43, 45.79
44.43, 45.79
44.44, 44.87
44.44, 44.87
44.44, 44.02
44.43, 42.94
44.42, 42.94
44.42, 43.61
44.41, 43.61
44.41, 44.32
44.42, 45.49
44.42, 44.89
44.42, 44.13
44.42, 44.13
44.42, 44.13
44.42, 44.13
44.41, 44.13
44.41, 42.87
44.40, 42.87
44.40, 44.28
44.40, 45.45
44.40, 44.53
44.40, 43.90
44.40, 45.05
44.41, 45.05
44.40, 43.29
44.39, 42.40
44.38, 42.40
44.37, 42.40
44.37, 44.49
44.38, 45.92
44.38, 44.57
44.38, 44.57
44.39, 45.26
44.39, 44.67
44.38, 43.31
44.38, 43.31
44.37, 43.31
44.37, 43.31
44.36, 43.31
44.36, 43.92
44.36, 43.92
44.35, 43.92
44.36, 45.82
44.36, 44.89
44.36, 42.81
44.35, 42.25
44.34, 42.87
44.34, 43.62
44.33, 43.62
44.33, 43.62
44.32, 43.62
44.33, 44.92
44.34, 45.87
44.34, 45.03
44.34, 45.03
44.35, 45.92
44.36, 46.46
44.36, 44.88
44.36, 44.36
44.37, 45.52
44.38, 45.52
44.38, 44.86
44.38, 45.71
44.39, 44.69
44.38, 42.83
44.37, 42.83
44.37, 43.81
44.37, 45.36
44.38, 45.36
44.37, 43.56
44.37, 42.77
44.36, 43.70
44.36, 44.87
44.37, 44.87
44.37, 44.87
44.38, 45.74
44.38, 45.74
44.38, 44.64
44.39, 45.32
44.40, 46.76
44.41, 46.14
44.41, 45.10
44.42, 46.02
44.43, 46.02
44.44, 46.72
44.46, 47.44
44.46, 46.27
44.47, 44.59
44.47, 45.23
44.48, 46.74
44.49, 46.74
44.50, 45.99
44.51, 46.86
44.52, 46.86
44.53, 45.90
44.54, 46.88
44.55, 46.88
44.56, 46.06
44.57, 46.06
44.58, 47.76
44.60, 47.76
44.62, 47.76
44.63, 47.76
44.65, 47.76
44.66, 47.76
44.68, 47.76
44.69, 46.75
44.70, 46.75
44.71, 47.45
44.74, 49.42
44.76, 50.00
44.79, 49.41
44.81, 49.41
44.83, 48.58
44.84, 47.52
44.85, 47.52
44.87, 47.52
44.88, 47.52
44.90, 48.35
44.92, 49.53
44.94, 48.71
44.96, 48.71
44.98, 49.96
45.01, 49.96
45.03, 49.12
45.04, 47.91
45.06, 47.91
45.07, 47.91
45.09, 49.16
45.12, 50.18
45.14, 50.18
45.17, 50.18
45.20, 51.37
45.23, 50.77
45.25, 50.02
45.27, 49.31
45.29, 48.39
45.30, 48.39
45.32, 49.17
45.35, 50.42
45.37, 50.42
45.40, 50.42
45.43, 52.47
45.47, 52.47
45.50, 50.63
45.52, 49.69
45.54, 49.69
45.55, 48.96
45.58, 50.22
45.61, 51.55
45.63, 51.01
45.66, 51.01
45.69, 52.32
45.72, 51.48
45.75, 50.10
45.77, 50.10
45.80, 51.89
45.83, 51.89
45.86, 51.89
45.89, 52.51
45.92, 52.51
45.95, 51.61
45.98, 51.61
46.01, 51.61
46.03, 50.83
46.07, 52.24
46.10, 53.66
46.14, 52.70
46.16, 51.44
46.19, 51.44
46.22, 51.44
46.24, 51.44
46.28, 53.12
46.31, 53.12
46.33, 51.04
46.36, 51.04
46.39, 52.83
46.42, 52.05
46.45, 52.05
46.48, 52.59
46.51, 52.59
46.54, 52.59
46.57, 53.37
46.60, 52.16
46.62, 50.48
46.64, 51.21
46.67, 52.61
46.70, 52.61
46.73, 52.61
46.77, 54.06
46.80, 52.80
46.82, 50.64
46.84, 50.64
46.86, 50.64
46.87, 50.09
46.89, 50.95
46.92, 52.62
46.95, 52.62
46.97, 51.57
47.00, 51.57
47.02, 51.57
47.04, 51.57
47.06, 51.57
47.08, 50.52
47.10, 50.52
47.12, 51.43
47.15, 53.25
47.18, 52.66
47.20, 51.61
47.22, 51.61
47.24, 50.86
47.25, 50.09
47.27, 50.09
47.28, 50.09
47.30, 50.09
47.31, 50.64
47.34, 51.85
47.36, 51.85
47.38, 51.85
47.41, 52.75
47.43, 51.84
47.45, 50.67
47.46, 50.67
47.48, 50.67
47.49, 50.67
47.52, 51.75
47.54, 52.88
47.57, 52.07
47.59, 51.54
47.61, 53.02
47.64, 53.02
47.66, 51.38
47.67, 50.37
47.69, 50.37
47.70, 50.37
47.72, 51.21
47.74, 53.00
47.77, 52.45
47.78, 50.79
47.80, 50.79
47.81, 50.79
47.83, 50.79
47.84, 50.18
47.85, 50.18
47.86, 50.18
47.88, 50.90
47.90, 52.26
47.92, 51.40
47.93, 50.82
47.95, 51.97
47.97, 51.97
47.99, 51.06
48.00, 50.28
48.01, 51.42
48.04, 53.20
48.07, 53.20
48.08, 50.93
48.10, 50.93
48.12, 52.59
48.14, 52.59
48.16, 51.68
48.18, 53.26
48.21, 53.26
48.23, 53.26
48.26, 53.26
48.28, 51.61
48.28, 49.59
48.29, 49.59
48.31, 52.10
48.33, 52.61
48.35, 52.61
48.37, 52.61
48.39, 51.64
48.40, 50.91
48.42, 51.96
48.44, 51.96
48.45, 50.58
48.46, 51.59
48.49, 53.39
48.51, 52.28
48.52, 51.45
48.54, 52.66
48.56, 52.02
48.57, 51.15
48.59, 51.87
48.61, 51.87
48.62, 51.00
48.64, 52.42
48.66, 53.64
48.68, 52.00
48.69, 50.97
48.71, 51.94
48.72, 51.94
48.74, 51.94
48.76, 53.18
48.78, 52.49
48.79, 51.43
48.81, 51.43
48.82, 52.12
48.84, 52.12
48.85, 52.12
48.88, 53.05
48.90, 53.05
48.91, 52.02
48.93, 52.02
48.94, 51.32
48.95, 51.32
48.96, 51.32
48.98, 52.28
48.99, 51.22
49.00, 51.22
49.02, 51.95
49.03, 51.95
49.04, 50.34
49.04, 50.34
49.05, 50.34
49.06, 50.34
49.07, 51.22
49.09, 52.75
49.11, 52.75
49.12, 52.01
49.14, 52.52
49.15, 52.52
49.17, 51.55
49.18, 51.55
49.19, 51.55
49.19, 50.09
49.20, 50.98
49.22, 52.28
49.23, 51.76
49.24, 51.76
49.26, 52.58
49.27, 51.78
49.28, 50.63
49.29, 50.63
49.29, 50.63
49.30, 50.63
49.31, 51.87
49.34, 54.00
49.35, 53.13
49.37, 51.90
49.38, 51.90
49.39, 51.90
49.41, 51.90
49.42, 51.90
49.42, 50.81
49.43, 49.98
49.43, 50.62
49.45, 52.38
49.46, 52.38
49.48, 52.38
49.49, 52.38
49.50, 51.76
49.51, 50.92
49.52, 50.92
49.52, 50.92
49.53, 50.92
49.54, 51.58
49.56, 53.13
49.58, 52.61
49.59, 52.08
49.60, 52.83
49.62, 52.14
49.62, 50.84
49.63, 50.16
49.63, 50.16
49.64, 51.12
49.65, 51.95
49.66, 52.68
49.67, 52.13
49.68, 51.60
49.70, 52.15
49.71, 52.15
49.72, 51.23
49.72, 51.23
49.74, 52.91
49.76, 52.91
49.77, 52.91
49.79, 52.91
49.79, 51.34
49.80, 50.68
49.81, 51.93
49.82, 51.93
49.83, 51.93
49.84, 51.93
49.86, 52.72
49.87, 51.88
49.88, 51.88
49.89, 52.98
49.91, 52.98
49.92, 52.30
49.94, 53.29
49.95, 52.47
49.95, 50.38
49.96, 50.90
49.97, 53.15
49.99, 53.15
50.00, 51.82
50.01, 51.82
50.01, 51.82
50.02, 51.82
50.04, 52.88
50.05, 52.22
50.05, 50.65
50.05, 50.65
50.07, 52.49
50.08, 51.68
50.08, 50.98
50.09, 52.53
50.11, 53.05
50.12, 53.05
50.14, 53.05
50.15, 53.05
50.16, 51.37
50.16, 51.37
50.18, 53.33
50.19, 53.33
50.20, 52.08
50.22, 53.21
50.23, 53.21
50.24, 51.06
50.24, 50.22
50.24, 50.22
50.24, 51.17
50.25, 51.98
50.26, 52.74
50.27, 51.68
50.27, 50.80
50.28, 51.91
50.29, 51.91
50.29, 50.75
50.29, 50.75
50.30, 50.75
50.30, 50.75
50.30, 50.75
50.32, 53.40
50.33, 53.40
50.34, 51.61
50.34, 51.61
50.35, 51.61
50.36, 51.61
50.36, 51.61
50.37, 50.75
50.37, 50.75
50.38, 52.13
50.39, 53.43
50.40, 52.17
50.40, 50.90
50.41, 51.59
50.41, 51.59
50.42, 50.93
50.42, 50.93
50.42, 50.93
50.42, 50.93
50.43, 51.88
50.44, 52.53
50.45, 51.52
50.45, 50.83
50.46, 51.70
50.46, 51.70
50.47, 51.10
50.47, 51.72
50.48, 51.72
50.48, 51.08
50.49, 51.66
50.50, 53.16
50.51, 52.34
50.51, 51.25
50.52, 52.11
50.53, 52.11
50.53, 51.31
50.53, 50.47
50.53, 50.47
50.53, 50.47
50.53, 50.47
50.53, 50.47
50.53, 50.47
50.54, 51.37
50.55, 53.10
50.56, 53.10
50.57, 53.10
50.59, 53.10
50.59, 51.77
50.59, 50.25
50.59, 51.01
50.60, 52.95
50.62, 52.95
50.62, 51.68
50.63, 52.37
50.64, 52.37
50.64, 51.37
50.65, 51.37
50.65, 51.37
50.65, 50.16
50.65, 50.86
50.66, 52.93
50.67, 52.93
50.68, 52.93
50.69, 52.93
50.70, 52.39
50.71, 52.39
50.72, 53.43
50.73, 52.75
50.73, 50.80
50.74, 51.46
50.75, 53.53
50.77, 53.53
50.77, 52.51
50.79, 53.07
50.79, 52.17
50.80, 51.33
50.80, 51.99
50.81, 51.99
50.81, 50.68
50.81, 51.31
50.82, 52.74
50.83, 51.97
50.83, 51.97
50.84, 53.19
50.85, 52.55
50.86, 51.84
50.87, 52.75
50.88, 52.75
50.87, 50.48
50.87, 50.48
50.88, 52.12
50.89, 52.81
50.90, 52.81
50.91, 52.81
50.91, 51.85
50.92, 51.85
50.92, 52.53
50.93, 52.53
50.93, 50.63
50.93, 51.25
50.94, 53.43
50.96, 53.43
50.97, 52.89
50.98, 52.89
50.98, 52.23
50.98, 50.94
50.98, 50.94
50.98, 50.94
50.98, 50.94
50.99, 52.29
51.00, 52.87
51.00, 51.83
51.01, 51.83
51.01, 52.68
51.02, 52.68
51.02, 51.17
51.02, 51.17
51.02, 51.17
51.02, 50.55
51.02, 51.57
51.04, 53.12
51.05, 53.12
51.05, 51.60
51.05, 52.22
51.06, 52.22
51.07, 52.22
51.07, 52.22
51.07, 50.87
51.07, 50.30
51.07, 51.83
51.08, 53.63
51.09, 52.85
51.10, 51.89
51.10, 51.89
51.10, 51.89
51.10, 50.66
51.10, 50.66
51.10, 51.53
51.10, 50.92
51.10, 51.80
51.12, 53.53
51.12, 52.53
51.13, 52.53
51.14, 53.31
51.15, 52.32
51.14, 50.40
51.14, 49.54
51.13, 49.54
51.12, 50.06
51.13, 52.50
51.14, 53.99
51.15, 52.30
51.15, 51.21
51.15, 52.15
51.16, 52.15
51.16, 50.80
51.15, 50.21
51.15, 50.21
51.14, 50.21
51.15, 51.64
51.16, 53.11
51.16, 52.14
51.16, 50.76
51.16, 50.76
51.16, 50.76
51.15, 50.76
51.16, 51.85
51.16, 51.85
51.16, 50.44
51.16, 51.11
51.16, 52.68
51.17, 51.67
51.16, 50.62
51.17, 51.79
51.17, 51.79
51.17, 50.95
51.17, 51.73
51.18, 53.23
51.19, 52.22
51.19, 50.98
51.19, 51.67
51.19, 51.67
51.19, 51.67
51.20, 52.75
51.21, 52.75
51.21, 51.43
51.21, 51.43
51.22, 52.62
51.22, 51.70
51.22, 50.80
51.22, 51.49
51.22, 51.49
51.22, 51.49
51.23, 52.67
51.23, 51.66
51.23, 50.65
51.23, 51.88
51.24, 53.40
51.25, 53.40
51.26, 52.83
51.27, 53.42
51.28, 52.63
51.28, 51.98
51.29, 52.61
51.30, 52.61
51.30, 51.18
51.30, 51.18
51.30, 52.63
51.31, 52.63
51.31, 51.33
51.31, 52.16
51.32, 52.16
51.32, 52.16
51.33, 53.25
51.34, 52.60
51.34, 50.90
51.33, 50.90
51.34, 52.45
51.34, 51.88
51.34, 51.88
51.35, 52.42
51.35, 51.51
51.35, 50.77
51.34, 50.77
51.34, 50.77
51.34, 50.21
51.34, 51.22
51.34, 52.88
51.35, 52.88
51.35, 52.09
51.36, 53.02
51.37, 53.02
51.37, 51.94
51.37, 51.44
51.37, 50.50
51.36, 49.67
51.36, 50.44
51.36, 52.46
51.37, 52.46
51.37, 52.46
51.38, 52.46
51.38, 52.46
51.38, 50.78
51.38, 50.78
51.37, 50.78
51.38, 51.42
51.38, 51.42
51.38, 52.90
51.39, 52.35
51.39, 51.54
51.39, 52.32
51.40, 52.32
51.39, 50.81
51.39, 50.81
51.39, 50.81
51.39, 50.81
51.38, 50.81
51.39, 52.63
51.40, 52.63
51.39, 51.19
51.39, 51.19
51.39, 51.19
51.39, 50.12
51.38, 50.12
51.37, 50.12
51.37, 50.95
51.38, 52.41
51.39, 53.83
51.40, 52.78
51.40, 51.49
51.40, 52.05
51.40, 52.05
51.40, 50.42
51.40, 51.29
51.41, 52.97
51.41, 51.85
51.41, 51.29
51.41, 52.76
51.42, 52.76
51.42, 52.10
51.43, 52.82
51.43, 52.02
51.43, 50.34
51.42, 50.34
51.43, 52.59
51.44, 53.39
51.45, 52.87
51.45, 52.87
51.45, 51.79
51.46, 51.79
51.46, 52.62
51.47, 52.62
51.47, 51.52
51.47, 52.49
51.48, 53.58
51.49, 52.18
51.49, 51.18
51.49, 52.53
51.50, 52.53
51.50, 51.47
51.50, 51.47
51.50, 51.47
51.49, 50.96
51.50, 51.97
51.50, 53.32
51.51, 52.39
51.51, 51.58
51.51, 52.48
51.52, 52.48
51.52, 51.60
51.52, 51.60
51.52, 51.60
51.52, 51.60
51.52, 51.60
51.53, 53.70
51.54, 53.70
51.55, 53.00
51.56, 53.00
51.56, 52.16
51.56, 50.91
51.55, 50.20
51.54, 49.51
51.53, 49.51
51.53, 51.00
51.53, 52.80
51.54, 52.13
51.54, 51.53
51.54, 52.36
51.54, 52.36
51.54, 51.50
51.55, 52.03
51.55, 52.03
51.55, 51.19
51.55, 52.37
51.56, 53.63
51.56, 51.88
51.56, 50.83
51.56, 52.22
51.57, 52.22
51.56, 49.97
51.55, 49.97
51.54, 49.97
51.54, 50.68
51.54, 52.05
51.55, 53.48
51.56, 52.46
51.55, 51.49
51.56, 52.25
51.56, 51.41
51.55, 49.95
51.54, 49.95
51.54, 51.06
51.54, 51.60
51.54, 52.56
51.56, 53.70
51.56, 52.68
51.56, 51.60
51.56, 52.25
51.57, 52.25
51.56, 50.76
51.56, 51.27
51.57, 53.26
51.58, 52.59
51.58, 51.40
51.58, 51.91
51.58, 51.30
51.57, 51.30
51.58, 53.07
51.59, 53.07
51.59, 51.21
51.59, 51.21
51.59, 53.09
51.60, 52.51
51.59, 50.88
51.59, 50.20
51.58, 50.88
51.59, 52.55
51.60, 53.50
51.60, 52.45
51.60, 51.58
51.60, 51.58
51.60, 51.58
51.60, 51.58
51.61, 52.29
51.61, 51.73
51.60, 50.51
51.59, 50.51
51.60, 52.19
51.60, 52.19
51.60, 50.67
51.59, 50.67
51.59, 50.67
51.58, 50.67
51.57, 50.07
51.57, 50.07
51.57, 51.23
51.57, 52.76
51.58, 52.76
51.58, 51.35
51.58, 51.35
51.57, 51.35
51.57, 50.24
51.56, 50.77
51.57, 52.97
51.58, 52.97
51.58, 52.20
51.58, 52.20
51.58, 51.43
51.58, 51.43
51.58, 51.43
51.58, 50.69
51.57, 50.17
51.57, 51.40
51.58, 53.22
51.58, 52.21
51.58, 51.19
51.58, 52.32
51.58, 51.68
51.58, 50.64
51.58, 51.19
51.57, 51.19
51.57, 50.64
51.57, 51.64
51.58, 53.08
51.58, 52.39
51.58, 51.88
51.59, 52.41
51.59, 51.55
51.58, 50.63
51.58, 50.63
51.57, 50.63
51.56, 49.91
51.56, 50.99
51.57, 52.35
51.57, 51.67
51.56, 51.08
51.56, 51.08
51.56, 51.08
51.56, 51.08
51.55, 51.08
51.55, 50.30
51.54, 50.30
51.54, 51.92
51.56, 53.96
51.56, 53.21
51.56, 51.62
51.56, 51.62
51.56, 51.62
51.56, 50.94
51.56, 50.94
51.56, 52.60
51.57, 52.60
51.57, 52.06
51.58, 52.90
51.58, 52.32
51.58, 51.68
51.58, 52.19
51.58, 51.42
51.58, 49.76
51.57, 49.76
51.57, 51.63
51.57, 51.63
51.57, 51.63
51.57, 52.51
51.57, 51.83
51.57, 51.11
51.57, 51.11
51.57, 51.11
51.56, 50.33
51.56, 51.35
51.56, 52.53
51.56, 51.62
51.56, 51.62
51.57, 52.79
51.58, 52.79
51.57, 51.09
51.57, 51.09
51.57, 51.09
51.56, 50.51
51.56, 51.54
51.57, 52.94
51.57, 52.34
51.57, 51.34
51.58, 52.11
51.58, 52.11
51.58, 52.11
51.58, 52.11
51.58, 51.33
51.58, 50.45
51.58, 51.85
51.59, 54.04
51.60, 53.02
51.60, 51.30
51.60, 51.30
51.60, 51.86
51.60, 51.86
51.60, 51.86
51.60, 51.36
51.60, 51.36
51.60, 52.28
51.61, 53.41
51.61, 52.57
51.62, 51.86
51.62, 52.49
51.62, 52.49
51.62, 51.69
51.62, 51.69
51.62, 51.69
51.62, 50.47
51.62, 51.31
51.63, 53.13
51.63, 53.13
51.64, 52.37
51.64, 52.37
51.64, 52.37
51.64, 50.72
51.63, 50.14
51.62, 50.14
51.62, 50.14
51.62, 51.98
51.63, 53.55
51.63, 52.50
51.63, 51.47
51.63, 52.23
51.64, 52.23
51.64, 51.37
51.63, 50.84
51.63, 50.26
51.62, 50.26
51.61, 50.91
51.62, 52.59
51.62, 52.59
51.63, 52.59
51.64, 53.18
51.64, 52.38
51.64, 50.50
51.63, 49.90
51.62, 50.48
51.62, 50.48
51.62, 51.59
51.62, 52.37
51.62, 51.28
51.62, 51.28
51.62, 53.28
51.63, 53.28
51.63, 51.33
51.63, 51.33
51.64, 53.18
51.64, 53.18
51.65, 51.99
51.65, 52.54
51.66, 52.54
51.66, 52.54
51.67, 53.50
51.67, 52.59
51.67, 50.31
51.66, 50.31
51.66, 51.64
51.66, 51.64
51.66, 51.64
51.67, 52.78
51.67, 52.78
51.68, 52.78
51.68, 52.78
51.68, 51.54
51.67, 50.37
51.67, 51.36
51.68, 53.21
51.69, 52.58
51.68, 51.61
51.69, 52.33
51.69, 52.33
51.69, 52.33
51.70, 53.16
51.71, 52.66
51.71, 51.49
51.71, 52.05
51.71, 53.09
51.72, 51.95
51.71, 51.30
51.72, 52.28
51.72, 51.74
51.71, 50.62
51.71, 50.62
51.70, 50.62
51.69, 50.62
51.70, 52.20
51.70, 53.26
51.71, 52.25
51.71, 52.25
51.72, 53.82
51.73, 52.79
51.72, 51.29
51.72, 51.29
51.72, 51.29
51.72, 51.29
51.72, 52.39
51.73, 54.01
51.74, 53.09
51.74, 51.85
51.74, 51.85
51.74, 51.85
51.73, 50.37
51.73, 50.37
51.72, 50.37
51.71, 50.37
51.72, 52.04
51.72, 53.37
51.73, 52.14
51.72, 51.18
51.72, 51.18
51.72, 51.18
51.71, 49.94
51.70, 49.94
51.69, 50.61
51.69, 50.61
51.69, 52.18
51.70, 53.23
51.70, 52.13
51.70, 52.13
51.71, 52.13
51.70, 51.26
51.70, 50.13
51.69, 50.13
51.68, 50.13
51.67, 50.13
51.67, 51.86
51.69, 54.52
51.70, 54.52
51.71, 52.79
51.71, 53.32
51.72, 52.65
51.71, 50.55
51.70, 49.54
51.69, 50.09
51.69, 50.82
51.69, 51.60
51.70, 52.75
51.70, 52.23
51.70, 51.52
51.70, 52.33
51.70, 52.33
51.70, 51.08
51.70, 51.79
51.71, 53.44
51.71, 52.60
51.71, 51.68
51.72, 52.95
51.73, 52.95
51.73, 51.83
51.73, 52.53
51.73, 52.53
51.73, 50.87
51.73, 50.87
51.73, 53.00
51.74, 53.00
51.74, 52.03
51.75, 53.17
51.75, 52.32
51.75, 51.52
51.75, 52.28
51.75, 52.28
51.75, 50.98
51.75, 51.68
51.76, 53.21
51.76, 52.25
51.76, 51.39
51.76, 52.51
51.77, 52.51
51.77, 52.51
51.77, 52.51
51.77, 51.78
51.77, 50.99
51.77, 50.99
51.77, 52.14
51.77, 51.49
51.76, 51.49
51.77, 52.28
51.77, 52.28
51.77, 52.28
51.77, 51.64
51.77, 51.03
51.76, 51.03
51.76, 51.66
51.77, 52.68
51.77, 51.72
51.76, 51.03
51.77, 52.22
51.77, 52.22
51.76, 50.67
51.76, 50.67
51.75, 50.67
51.75, 50.67
51.75, 51.49
51.75, 52.33
51.75, 51.49
51.75, 51.49
51.75, 52.58
51.75, 51.64
51.74, 50.06
51.73, 50.06
51.73, 50.89
51.72, 50.89
51.72, 51.68
51.73, 52.96
51.73, 52.13
51.73, 52.13
51.74, 53.16
51.75, 52.56
51.74, 50.91
51.73, 50.39
51.73, 50.39
51.72, 50.39
51.72, 51.26
51.72, 52.33
51.72, 51.59
51.72, 51.03
51.72, 51.81
51.72, 51.26
51.71, 50.72
51.71, 51.62
51.71, 51.62
51.71, 51.05
51.70, 51.05
51.71, 52.25
51.71, 52.25
51.71, 51.67
51.71, 52.66
51.72, 52.66
51.72, 51.12
51.71, 50.30
51.70, 50.30
51.69, 50.30
51.70, 52.35
51.71, 53.35
51.71, 51.93
51.70, 51.11
51.70, 51.79
51.70, 51.29
51.69, 50.10
51.69, 51.31
51.70, 53.69
51.71, 52.79
51.71, 51.41
51.71, 52.44
51.71, 52.44
51.72, 53.02
51.73, 53.02
51.73, 51.78
51.72, 50.51
51.72, 51.33
51.72, 52.75
51.73, 52.12
51.72, 51.07
51.72, 51.58
51.72, 51.58
51.72, 51.58
51.72, 52.50
51.73, 51.95
51.72, 50.84
51.72, 51.48
51.73, 52.80
51.73, 52.16
51.73, 51.28
51.72, 51.28
51.72, 51.28
51.72, 51.28
51.72, 52.45
51.73, 52.45
51.72, 51.56
51.72, 51.56
51.73, 52.25
51.73, 52.25
51.73, 52.25
51.74, 53.10
51.74, 52.48
51.74, 51.10
51.74, 51.10
51.73, 51.10
51.73, 51.10
51.73, 51.10
51.73, 52.23
51.73, 52.23
51.73, 51.07
51.73, 51.79
51.73, 51.22
51.72, 50.58
51.72, 51.66
51.72, 51.66
51.71, 50.58
51.71, 50.58
51.71, 52.15
51.71, 51.54
51.71, 50.99
51.71, 51.80
51.71, 51.80
51.71, 51.80
51.71, 51.80
51.71, 51.21
51.70, 50.62
51.70, 51.70
51.71, 53.39
51.72, 53.39
51.73, 53.39
51.73, 53.39
51.74, 52.41
51.73, 51.29
51.73, 51.29
51.73, 51.29
51.73, 51.29
51.73, 52.18
51.74, 54.01
51.75, 54.01
51.75, 51.73
51.75, 51.73
51.75, 51.73
51.75, 50.65
51.74, 50.65
51.74, 50.65
51.73, 51.22
51.73, 51.22
51.73, 52.46
51.73, 51.54
51.73, 50.62
51.73, 51.19
51.72, 51.19
51.71, 49.59
51.70, 49.59
51.69, 49.59
51.68, 50.42
51.68, 51.69
51.69, 53.22
51.70, 52.21
51.69, 51.58
51.70, 52.96
51.70, 52.26
51.70, 50.23
51.69, 50.23
51.69, 51.43
51.69, 51.43
51.69, 52.40
51.70, 54.33
51.71, 53.46
51.71, 52.06
51.72, 52.06
51.71, 51.12
51.70, 49.95
51.70, 51.26
51.71, 53.00
51.71, 53.00
51.72, 52.16
51.72, 52.16
51.72, 52.16
51.72, 51.05
51.72, 51.56
51.71, 50.87
51.70, 49.81
51.70, 50.97
51.71, 53.10
51.71, 53.10
51.72, 52.15
51.72, 52.15
51.72, 52.15
51.72, 52.15
51.73, 53.31
51.73, 52.06
51.72, 50.31
51.72, 50.97
51.73, 52.66
51.73, 52.06
51.72, 51.26
51.73, 52.27
51.73, 52.27
51.73, 51.05
51.72, 51.05
51.72, 51.05
51.71, 50.44
51.71, 51.73
51.72, 52.94
51.72, 51.78
51.72, 51.78
51.72, 52.42
51.72, 51.74
51.72, 51.23
51.72, 51.23
51.71, 50.64
51.71, 49.99
51.70, 51.19
51.71, 52.67
51.71, 51.86
51.71, 51.27
51.71, 52.34
51.71, 52.34
51.71, 51.70
51.71, 51.70
51.71, 51.70
51.71, 50.92
51.71, 51.72
51.72, 53.39
51.72, 53.39
51.73, 52.46
51.74, 53.26
51.74, 52.33
51.73, 50.55
51.73, 50.55
51.72, 49.77
51.71, 49.77
51.71, 51.48
51.71, 53.26
51.72, 52.73
51.72, 51.76
51.72, 51.76
51.72, 51.76
51.72, 50.80
51.71, 50.80
51.71, 50.80
51.70, 50.80
51.70, 51.67
51.71, 52.47
51.70, 51.46
51.70, 51.46
51.71, 52.62
51.71, 51.84
51.70, 50.41
51.70, 50.41
51.69, 50.92
51.69, 50.92
51.68, 50.92
51.68, 51.43
51.68, 51.43
51.68, 51.43
51.69, 53.09
51.69, 52.00
51.68, 50.35
51.68, 50.35
51.67, 50.35
51.67, 51.00
51.67, 52.63
51.68, 53.27
51.68, 51.93
51.68, 51.93
51.69, 52.57
51.69, 52.57
51.69, 51.05
51.68, 51.05
51.69, 52.77
51.69, 52.10
51.69, 52.10
51.70, 53.02
51.70, 52.47
51.71, 52.47
51.71, 53.05
51.72, 52.50
51.71, 51.15
51.72, 51.77
51.72, 53.29
51.73, 52.52
51.72, 51.24
51.72, 51.24
51.72, 51.24
51.72, 51.24
51.72, 52.33
51.72, 52.33
51.72, 50.89
51.72, 51.58
51.72, 52.74
51.72, 51.71
51.72, 51.17
51.73, 52.72
51.73, 52.72
51.74, 52.72
51.74, 52.72
51.74, 51.54
51.73, 50.35
51.73, 51.02
51.73, 52.57
51.74, 52.57
51.74, 51.81
51.74, 52.72
51.74, 51.97
51.74, 50.67
51.73, 50.67
51.73, 50.67
51.72, 50.67
51.72, 51.79
51.73, 53.41
51.74, 52.70
51.74, 51.96
51.74, 52.70
51.75, 52.70
51.75, 51.51
51.74, 51.51
51.74, 51.51
51.74, 51.51
51.74, 51.51
51.75, 52.69
51.75, 51.91
51.75, 51.91
51.75, 52.45
51.75, 51.78
51.74, 50.45
51.74, 50.45
51.74, 51.45
51.74, 51.45
51.73, 51.45
51.74, 53.04
51.74, 52.07
51.74, 51.25
51.74, 52.06
51.74, 52.06
51.74, 50.71
51.73, 50.71
51.73, 50.71
51.72, 50.71
51.72, 51.31
51.72, 52.39
51.73, 52.39
51.73, 51.61
51.73, 52.21
51.73, 52.21
51.73, 51.07
51.72, 51.07
51.72, 51.07
51.72, 51.07
51.72, 51.72
51.72, 52.94
51.73, 52.17
51.73, 51.57
51.73, 52.57
51.73, 51.85
51.72, 50.39
51.71, 49.79
51.70, 49.79
51.70, 50.87
51.70, 51.84
51.71, 52.72
51.71, 52.12
51.71, 52.12
51.72, 52.74
51.72, 52.11
51.71, 50.44
51.71, 51.01
51.71, 52.99
51.72, 52.99
51.72, 51.94
51.72, 51.94
51.72, 51.94
51.72, 51.94
51.73, 52.56
51.73, 51.87
51.72, 50.51
51.72, 50.51
51.72, 52.48
51.72, 52.48
51.73, 51.83
51.73, 52.42
51.73, 51.67
51.73, 51.67
51.74, 53.49
51.74, 52.49
51.74, 51.22
51.74, 52.25
51.75, 53.69
51.76, 53.69
51.76, 52.48
51.77, 52.48
51.77, 51.91
51.77, 51.91
51.78, 53.31
51.78, 52.18
51.77, 50.40
51.76, 50.40
51.77, 52.20
51.77, 52.20
51.77, 52.20
51.77, 52.20
51.78, 52.20
51.77, 51.51
51.77, 51.51
51.77, 51.51
51.77, 50.90
51.77, 52.10
51.78, 53.70
51.78, 52.64
51.78, 51.31
51.78, 51.83
51.78, 51.83
51.78, 51.83
51.78, 51.83
51.78, 51.83
51.78, 51.83
51.79, 52.43
51.79, 53.61
51.80, 52.62
51.80, 51.58
51.80, 52.83
51.81, 52.83
51.81, 51.96
51.81, 51.96
51.81, 51.16
51.80, 51.16
51.81, 52.79
51.82, 54.03
51.82, 52.26
51.82, 51.46
51.83, 53.06
51.83, 53.06
51.83, 51.55
51.83, 50.96
51.82, 50.96
51.81, 50.40
51.81, 51.13
51.82, 52.89
51.82, 52.89
51.83, 52.89
51.83, 52.89
51.84, 52.89
51.83, 51.18
51.83, 50.00
51.81, 49.36
51.80, 49.36
51.80, 51.29
51.80, 52.77
51.80, 51.95
51.80, 51.95
51.81, 52.67
51.81, 52.04
51.80, 50.68
51.80, 50.68
51.79, 49.99
51.78, 49.99
51.78, 51.74
51.79, 53.22
51.79, 51.92
51.78, 50.03
51.77, 50.03
51.77, 51.10
51.77, 53.06
51.79, 54.51
51.79, 53.27
51.80, 52.48
51.81, 54.26
51.82, 54.26
51.83, 52.40
51.82, 51.26
51.82, 52.18
51.83, 52.18
51.83, 52.18
51.83, 52.18
51.83, 51.41
51.82, 49.83
51.81, 50.53
51.82, 52.62
51.82, 52.62
51.82, 51.77
51.83, 53.05
51.83, 53.05
51.84, 53.05
51.85, 53.72
51.85, 52.06
51.84, 51.11
51.85, 52.28
51.85, 51.68
51.84, 50.99
51.84, 51.93
51.84, 51.93
51.84, 51.40
51.84, 52.67
51.85, 53.70
51.86, 52.32
51.85, 50.77
51.85, 50.77
51.84, 51.57
51.85, 52.11
51.85, 52.96
51.85, 52.05
51.84, 50.47
51.84, 51.54
51.85, 54.02
51.86, 54.02
51.86, 51.62
51.86, 51.62
51.86, 51.62
51.86, 51.62
51.86, 52.15
51.86, 52.15
51.86, 51.07
51.86, 51.73
51.87, 53.76
51.88, 53.76
51.88, 52.23
51.88, 52.23
51.88, 51.66
51.88, 51.03
51.87, 51.03
51.87, 51.03
51.86, 50.32
51.86, 51.50
51.86, 53.20
51.87, 52.28
51.86, 51.43
51.87, 52.84
51.87, 52.84
51.87, 51.25
51.87, 51.25
51.87, 52.14
51.87, 52.14
51.87, 52.14
51.87, 52.14
51.87, 51.29
51.87, 51.29
51.87, 52.57
51.87, 52.57
51.87, 50.86
51.86, 49.86
51.85, 49.86
51.84, 49.86
51.84, 51.25
51.84, 52.76
51.84, 51.99
51.84, 51.48
51.84, 52.08
51.84, 51.35
51.83, 50.04
51.82, 50.04
51.82, 51.01
51.82, 51.93
51.82, 52.54
51.83, 53.71
51.84, 53.71
51.84, 52.26
51.84, 51.69
51.83, 50.40
51.82, 49.61
51.82, 51.38
51.83, 53.78
51.84, 53.02
51.84, 51.79
51.84, 52.30
51.84, 52.30
51.84, 52.30
51.85, 53.16
51.85, 52.45
51.85, 50.74
51.84, 51.27
51.85, 52.82
51.85, 52.29
51.85, 51.69
51.85, 52.46
51.86, 52.46
51.86, 51.87
51.86, 53.01
51.87, 53.01
51.86, 51.06
51.86, 51.73
51.87, 53.22
51.87, 52.06
51.87, 50.82
51.87, 51.81
51.86, 51.81
51.86, 51.18
51.86, 51.91
51.86, 51.91
51.85, 50.05
51.84, 50.05
51.85, 52.17
51.85, 52.17
51.85, 52.17
51.86, 53.25
51.86, 51.90
51.85, 50.12
51.84, 50.12
51.83, 50.65
51.83, 50.65
51.83, 51.57
51.83, 52.52
51.83, 51.86
51.83, 51.86
51.84, 52.97
51.84, 52.40
51.84, 51.49
51.83, 51.49
51.84, 52.35
51.83, 51.18
51.83, 51.18
51.83, 52.27
51.83, 52.27
51.84, 52.27
51.84, 52.27
51.84, 52.27
51.84, 50.87
51.83, 50.87
51.83, 50.87
51.82, 50.87
51.82, 50.87
51.82, 52.27
51.82, 51.75
51.82, 51.75
51.83, 53.40
51.83, 53.40
51.83, 51.67
51.83, 50.58
51.82, 50.58
51.82, 51.15
51.82, 51.80
51.82, 52.46
51.82, 51.43
51.82, 51.43
51.82, 52.38
51.82, 51.65
51.81, 50.28
51.80, 50.28
51.80, 51.56
51.80, 51.56
51.80, 51.56
51.80, 52.50
51.81, 52.50
51.81, 52.00
51.81, 52.84
51.82, 52.23
51.81, 50.72
51.80, 50.72
51.80, 50.72
51.79, 50.72
51.79, 50.72
51.79, 52.74
51.80, 52.74
51.80, 51.47
51.79, 51.47
51.79, 51.47
51.79, 51.47
51.79, 51.47
51.80, 52.85
51.80, 52.30
51.79, 51.22
51.79, 51.74
51.79, 51.74
51.79, 51.07
51.79, 51.07
51.78, 50.47
51.77, 50.47
51.77, 52.02
51.78, 53.34
51.78, 52.16
51.79, 52.16
51.80, 53.59
51.80, 52.82
51.81, 52.82
51.81, 52.82
51.82, 52.82
51.81, 50.46
51.80, 50.46
51.80, 52.17
51.81, 52.17
51.81, 52.17
51.81, 52.17
51.81, 52.17
51.81, 51.42
51.81, 52.49
51.82, 52.49
51.81, 50.77
51.81, 50.77
51.81, 52.63
51.81, 52.63
51.81, 51.81
51.82, 52.74
51.82, 52.10
51.82, 51.11
51.81, 51.11
51.81, 50.59
51.80, 50.59
51.80, 51.59
51.81, 53.84
51.82, 53.84
51.82, 51.74
51.82, 51.74
51.82, 51.74
51.82, 51.74
51.82, 51.74
51.81, 50.16
51.80, 50.16
51.80, 51.64
51.81, 52.99
51.81, 52.02
51.81, 52.02
51.81, 52.02
51.81, 52.02
51.81, 52.02
51.81, 52.02
51.81, 51.32
51.80, 50.52
51.80, 51.04
51.80, 52.28
51.81, 52.28
51.80, 51.78
51.80, 51.78
51.80, 51.78
51.80, 51.04
51.80, 51.04
51.79, 51.04
51.79, 51.04
51.79, 51.04
51.79, 51.90
51.79, 51.90
51.79, 51.90
51.79, 51.90
51.79, 51.90
51.78, 50.20
51.77, 49.46
51.76, 49.98
51.76, 50.82
51.76, 51.86
51.76, 53.08
51.77, 52.35
51.76, 51.22
51.76, 51.22
51.76, 51.22
51.75, 51.22
51.75, 51.22
51.75, 50.42
51.74, 50.42
51.74, 52.14
51.75, 52.90
51.75, 51.65
51.74, 50.94
51.74, 50.94
51.73, 50.94
51.73, 50.94
51.73, 51.76
51.73, 52.56
51.74, 52.02
51.74, 52.02
51.74, 52.02
51.74, 51.22
51.73, 51.22
51.73, 52.05
51.74, 52.05
51.74, 52.05
51.74, 52.88
51.75, 53.89
51.76, 52.52
51.76, 52.52
51.77, 53.53
51.77, 52.24
51.77, 50.64
51.76, 51.19
51.76, 51.19
51.76, 50.49
51.75, 50.49
51.74, 50.49
51.75, 52.38
51.76, 53.95
51.76, 53.14
51.76, 51.65
51.76, 51.65
51.76, 51.12
51.76, 51.12
51.76, 51.68
51.76, 52.66
51.76, 51.77
51.76, 51.77
51.77, 53.50
51.78, 53.50
51.78, 51.66
51.77, 50.71
51.77, 50.71
51.76, 50.71
51.76, 51.31
51.76, 52.38
51.76, 51.57
51.76, 51.57
51.76, 52.22
51.76, 51.46
51.75, 50.14
51.74, 50.14
51.74, 50.14
51.73, 50.14
51.73, 52.27
51.75, 54.67
51.76, 53.59
51.76, 51.81
51.76, 51.81
51.75, 51.30
51.75, 51.30
51.75, 51.30
51.74, 50.78
51.74, 50.78
51.74, 51.59
51.74, 52.85
51.75, 51.93
51.75, 51.93
51.75, 53.28
51.76, 53.28
51.76, 51.09
51.75, 50.32
51.74, 50.32
51.74, 50.32
51.74, 51.52
51.74, 53.37
51.75, 52.53
51.75, 51.25
51.75, 52.10
51.75, 52.10
51.74, 50.77
51.73, 49.88
51.73, 49.88
51.72, 49.88
51.71, 51.36
51.72, 53.13
51.72, 52.21
51.72, 51.18
51.72, 52.02
51.72, 51.46
51.71, 49.89
51.70, 49.23
51.69, 49.23
51.68, 50.52
51.68, 51.71
51.69, 53.05
51.70, 53.05
51.70, 51.70
51.70, 51.70
51.69, 50.92
51.68, 49.61
51.67, 50.34
51.68, 52.01
51.68, 52.01
51.68, 52.01
51.69, 53.35
51.69, 52.35
51.69, 51.45
51.69, 52.25
51.70, 52.25
51.69, 51.43
51.69, 51.43
51.70, 52.67
51.70, 52.09
51.70, 52.09
51.70, 52.09
51.70, 51.32
51.70, 51.32
51.70, 52.10
51.70, 52.10
51.70, 51.04
51.70, 51.71
51.71, 53.36
51.71, 52.64
51.71, 51.40
51.71, 51.99
51.71, 51.99
51.71, 50.97
51.71, 51.72
51.71, 51.72
51.71, 50.73
51.71, 51.63
51.71, 52.82
51.71, 51.98
51.71, 51.36
51.71, 52.16
51.72, 52.16
51.71, 51.41
51.72, 52.23
51.72, 52.23
51.71, 50.60
51.71, 51.50
51.72, 53.09
51.73, 53.09
51.73, 52.03
51.73, 52.03
51.72, 50.92
51.72, 50.27
51.71, 50.27
51.71, 50.83
51.70, 50.83
51.70, 51.39
51.70, 52.61
51.71, 52.61
51.71, 51.89
51.71, 51.89
51.71, 51.89
51.71, 50.81
51.70, 50.81
51.70, 50.27
51.69, 49.69
51.68, 51.15
51.69, 52.93
51.69, 52.12
51.69, 51.47
51.70, 52.73
51.70, 52.73
51.70, 50.89
51.69, 50.30
51.68, 50.30
51.68, 50.30
51.67, 51.47
51.68, 52.91
51.68, 52.16
51.68, 51.60
51.69, 52.77
51.69, 52.77
51.69, 50.43
51.68, 49.79
51.67, 49.79
51.66, 50.46
51.66, 51.03
51.66, 52.05
51.66, 52.05
51.67, 52.05
51.67, 52.75
51.68, 52.75
51.67, 51.44
51.67, 50.83
51.67, 50.83
51.66, 50.83
51.66, 52.25
51.68, 53.85
51.68, 53.11
51.68, 52.05
51.69, 52.80
51.70, 52.80
51.70, 52.05
51.70, 52.05
51.70, 52.59
51.71, 52.59
51.71, 51.50
51.71, 52.92
51.72, 52.92
51.72, 52.40
51.73, 53.01
51.74, 53.01
51.73, 51.09
51.73, 51.09
51.73, 52.54
51.74, 52.54
51.74, 52.54
51.75, 52.54
51.75, 52.54
51.75, 52.54
51.76, 52.54
51.76, 52.54
51.76, 51.47
51.76, 52.03
51.77, 53.54
51.78, 53.54
51.78, 52.66
51.79, 52.66
51.79, 51.61
51.79, 51.61
51.79, 51.61
51.78, 51.61
51.77, 49.91
51.77, 50.77
51.77, 52.53
51.78, 52.53
51.78, 52.53
51.78, 52.53
51.79, 52.53
51.79, 51.56
51.79, 52.33
51.79, 52.33
51.79, 51.47
51.79, 52.04
51.80, 52.65
51.80, 51.63
51.80, 51.63
51.80, 52.48
51.80, 51.63
51.79, 50.52
51.79, 50.52
51.78, 50.52
51.77, 50.52
51.77, 51.62
51.78, 53.63
51.78, 52.60
51.78, 51.46
51.79, 52.18
51.78, 51.49
51.78, 50.26
51.77, 50.26
51.76, 50.26
51.75, 50.26
51.75, 51.44
51.76, 52.83
51.76, 51.66
51.75, 51.01
51.76, 52.41
51.76, 51.88
51.75, 50.41
51.74, 50.41
51.74, 50.41
51.73, 50.41
51.73, 51.17
51.74, 53.25
51.74, 53.25
51.74, 51.65
51.75, 52.55
51.75, 52.55
51.75, 51.17
51.74, 50.44
51.73, 50.44
51.73, 51.10
51.73, 52.03
51.74, 53.40
51.75, 52.72
51.75, 52.72
51.76, 52.72
51.76, 52.72
51.76, 51.73
51.76, 50.75
51.75, 50.75
51.75, 50.75
51.74, 51.40
51.75, 52.32
51.75, 51.71
51.75, 51.71
51.75, 53.00
51.76, 52.31
51.75, 50.63
51.75, 51.33
51.75, 53.18
51.76, 52.07
51.75, 50.43
51.75, 51.20
51.74, 51.20
51.74, 51.70
51.75, 52.44
51.75, 51.44
51.74, 50.40
51.74, 51.92
51.75, 53.46
51.75, 51.75
51.74, 50.63
51.75, 52.25
51.75, 52.25
51.75, 51.65
51.75, 51.65
51.74, 50.93
51.73, 50.06
51.73, 51.33
51.74, 53.36
51.75, 53.36
51.75, 52.27
51.75, 52.27
51.75, 51.66
51.75, 51.66
51.76, 52.67
51.76, 52.02
51.75, 50.52
51.75, 51.27
51.76, 52.97
51.76, 52.30
51.76, 51.37
51.76, 52.16
51.76, 52.16
51.76, 51.17
51.76, 51.17
51.75, 51.17
51.75, 51.17
51.75, 51.17
51.75, 53.09
51.76, 53.09
51.76, 52.21
51.76, 52.21
51.76, 51.55
51.76, 50.82
51.75, 50.82
51.75, 50.82
51.74, 50.07
51.74, 51.41
51.75, 53.55
51.75, 52.56
51.75, 51.04
51.75, 52.11
51.76, 52.76
51.76, 51.85
51.76, 51.85
51.75, 51.32
51.75, 51.32
51.75, 51.96
51.76, 52.92
51.76, 51.91
51.76, 51.35
51.76, 52.31
51.76, 52.31
51.76, 51.39
51.76, 51.39
51.76, 51.39
51.76, 51.39
51.75, 51.39
51.76, 52.55
51.76, 52.55
51.76, 51.92
51.76, 51.92
51.76, 51.92
51.76, 50.37
51.75, 50.37
51.75, 51.29
51.75, 51.29
51.74, 51.29
51.75, 52.91
51.76, 52.91
51.76, 52.05
51.76, 52.81
51.77, 52.81
51.77, 51.58
51.76, 50.84
51.76, 50.84
51.75, 50.84
51.75, 51.45
51.76, 52.74
51.76, 51.94
51.75, 51.10
51.76, 52.10
51.76, 52.10
51.75, 50.35
51.74, 50.35
51.74, 51.68
51.74, 51.68
51.75, 52.35
51.75, 52.93
51.75, 51.75
51.75, 51.75
51.76, 53.08
51.76, 52.56
51.76, 50.66
51.75, 50.66
51.76, 52.74
51.76, 52.10
51.75, 50.93
51.75, 51.51
51.75, 51.51
51.76, 52.57
51.76, 53.26
51.76, 51.49
51.75, 49.71
51.75, 51.10
51.76, 53.17
51.76, 53.17
51.76, 52.11
51.77, 52.70
51.77, 51.90
51.77, 51.33
51.77, 52.67
51.78, 52.67
51.77, 51.06
51.77, 51.06
51.77, 52.58
51.77, 51.68
51.77, 51.09
51.77, 52.18
51.77, 51.36
51.76, 49.90
51.75, 49.90
51.75, 50.91
51.74, 50.91
51.74, 51.76
51.75, 52.33
51.74, 51.41
51.74, 51.41
51.74, 51.98
51.74, 51.98
51.74, 51.20
51.73, 50.39
51.72, 49.76
51.71, 49.76
51.71, 51.47
51.72, 52.84
51.72, 52.21
51.72, 52.21
51.73, 53.13
51.73, 51.53
51.72, 50.19
51.72, 51.14
51.72, 51.70
51.71, 50.75
51.71, 50.75
51.71, 52.19
51.71, 52.19
51.72, 52.19
51.72, 52.88
51.72, 51.09
51.71, 49.24
51.69, 49.24
51.69, 50.25
51.68, 50.25
51.68, 51.56
51.69, 53.02
51.69, 52.39
51.69, 51.87
51.69, 52.50
51.70, 52.50
51.70, 51.10
51.69, 51.10
51.69, 51.10
51.69, 51.10
51.68, 50.32
51.67, 50.32
51.67, 50.32
51.67, 51.67
51.67, 52.84
51.68, 52.84
51.68, 51.99
51.68, 51.22
51.67, 50.43
51.66, 49.72
51.66, 50.55
51.66, 52.36
51.66, 52.36
51.66, 51.22
51.66, 51.83
51.66, 51.83
51.66, 50.83
51.65, 49.96
51.65, 50.67
51.65, 51.73
51.65, 52.48
51.66, 53.33
51.66, 52.25
51.66, 51.16
51.66, 51.16
51.65, 51.16
51.65, 51.16
51.65, 52.18
51.66, 53.62
51.67, 52.96
51.67, 52.07
51.68, 52.73
51.68, 52.73
51.69, 52.73
51.69, 52.73
51.69, 51.15
51.68, 49.67
51.67, 50.57
51.68, 52.32
51.68, 52.32
51.68, 51.26
51.68, 52.02
51.68, 52.02
51.68, 52.02
51.69, 52.93
51.70, 52.93
51.69, 50.65
51.69, 51.21
51.70, 53.34
51.71, 53.34
51.71, 52.08
51.71, 53.00
51.72, 53.00
51.72, 50.89
51.71, 50.89
51.71, 50.89
51.70, 50.89
51.70, 51.72
51.71, 52.51
51.71, 51.64
51.71, 51.64
51.71, 52.98
51.72, 52.15
51.71, 50.76
51.71, 50.76
51.70, 50.76
51.70, 50.76
51.70, 52.13
51.71, 54.17
51.72, 53.59
51.72, 51.75
51.72, 51.75
51.72, 51.75
51.72, 51.22
51.71, 50.71
51.71, 50.71
51.70, 50.71
51.70, 50.71
51.70, 52.53
51.70, 52.00
51.71, 52.00
51.71, 52.00
51.71, 52.00
51.70, 50.51
51.69, 49.90
51.68, 49.90
51.68, 49.90
51.67, 51.10
51.68, 52.15
51.68, 52.15
51.68, 51.64
51.68, 52.58
51.68, 52.00
51.68, 50.37
51.67, 50.37
51.66, 50.37
51.66, 50.91
51.66, 52.37
51.67, 53.84
51.68, 52.74
51.68, 51.21
51.68, 51.21
51.67, 51.21
51.67, 50.23
51.66, 50.23
51.65, 50.23
51.64, 50.23
51.64, 51.18
51.65, 52.64
51.65, 52.64
51.65, 51.50
51.65, 52.26
51.66, 52.26
51.65, 50.78
51.65, 51.56
51.66, 53.02
51.66, 52.20
51.66, 52.20
51.67, 52.94
51.67, 51.90
51.67, 50.87
51.67, 51.48
51.66, 50.88
51.65, 49.73
51.65, 51.33
51.66, 53.59
51.67, 52.54
51.67, 51.57
51.67, 52.29
51.67, 51.51
51.67, 51.51
51.67, 52.85
51.67, 51.89
51.67, 50.49
51.67, 51.26
51.67, 53.04
51.68, 52.51
51.68, 51.30
51.68, 51.91
51.68, 51.91
51.68, 51.91
51.68, 52.50
51.68, 51.59
51.68, 51.02
51.68, 52.58
51.69, 53.72
51.70, 52.18
51.69, 51.37
51.70, 52.44
51.70, 52.44
51.71, 52.44
51.71, 52.44
51.71, 52.44
51.71, 51.27
51.71, 52.12
51.72, 54.10
51.73, 53.46
51.73, 52.00
51.74, 52.64
51.74, 52.64
51.74, 51.53
51.74, 51.01
51.73, 50.26
51.72, 49.75
51.72, 51.43
51.73, 53.62
51.73, 52.63
51.73, 51.19
51.73, 52.21
51.74, 52.79
51.74, 52.04
51.74, 51.45
51.74, 51.45
51.74, 51.45
51.74, 52.67
51.75, 53.85
51.76, 52.71
51.76, 51.78
51.76, 52.38
51.76, 51.88
51.75, 50.55
51.75, 50.55
51.74, 50.55
51.74, 50.55
51.74, 52.38
51.75, 53.58
51.75, 52.20
51.75, 50.95
51.75, 51.71
51.75, 51.71
51.74, 50.78
51.73, 50.25
51.73, 50.25
51.72, 50.25
51.72, 51.63
51.73, 53.38
51.74, 53.38
51.74, 52.35
51.74, 52.35
51.74, 52.35
51.74, 51.30
51.74, 51.30
51.75, 52.84
51.75, 52.84
51.75, 51.94
51.76, 52.90
51.76, 52.14
51.76, 51.15
51.76, 51.93
51.76, 51.93
51.75, 50.92
51.76, 51.93
51.77, 54.03
51.77, 53.45
51.78, 52.01
51.78, 52.85
51.79, 52.85
51.79, 52.06
51.79, 52.06
51.79, 52.06
51.79, 51.01
51.79, 52.33
51.80, 53.73
51.80, 52.29
51.80, 51.19
51.80, 52.54
51.81, 52.54
51.81, 51.78
51.81, 52.30
51.81, 52.30
51.81, 50.91
51.81, 51.74
51.82, 53.80
51.83, 53.80
51.83, 52.23
51.83, 52.23
51.83, 51.68
51.82, 50.67
51.82, 50.67
51.81, 50.67
51.81, 50.67
51.81, 52.30
51.82, 53.69
51.82, 52.34
51.82, 51.12
51.82, 51.66
51.82, 51.66
51.81, 50.71
51.80, 50.71
51.80, 50.71
51.79, 50.71
51.80, 52.38
51.80, 53.38
51.81, 52.33
51.81, 51.52
51.81, 52.65
51.81, 52.65
51.81, 50.81
51.80, 49.69
51.79, 49.69
51.78, 49.69
51.77, 51.03
51.78, 52.48
51.78, 51.87
51.78, 51.87
51.78, 52.72
51.79, 52.72
51.78, 50.96
51.78, 50.15
51.77, 50.15
51.76, 50.15
51.76, 51.09
51.76, 52.92
51.76, 52.39
51.76, 51.18
51.76, 51.81
51.76, 51.81
51.76, 51.81
51.76, 51.81
51.77, 53.16
51.77, 52.53
51.77, 51.95
51.78, 52.66
51.78, 52.66
51.78, 51.84
51.78, 51.84
51.78, 51.84
51.78, 50.56
51.78, 51.79
51.79, 53.65
51.79, 52.42
51.79, 51.29
51.79, 52.58
51.80, 52.58
51.80, 51.70
51.79, 51.70
51.79, 51.70
51.79, 50.38
51.78, 51.10
51.79, 52.43
51.79, 52.43
51.79, 52.43
51.80, 53.22
51.80, 52.13
51.80, 51.39
51.80, 52.22
51.80, 52.22
51.80, 50.91
51.80, 51.50
51.81, 53.47
51.81, 52.91
51.81, 51.82
51.82, 52.44
51.82, 52.44
51.82, 51.33
51.81, 51.33
51.81, 51.33
51.81, 51.33
51.81, 52.28
51.82, 52.98
51.82, 51.84
51.82, 51.84
51.82, 52.83
51.83, 52.83
51.83, 52.83
51.83, 51.83
51.83, 51.07
51.82, 51.07
51.82, 51.70
51.83, 53.40
51.84, 52.61
51.83, 51.41
51.83, 52.00
51.84, 52.00
51.83, 50.38
51.82, 50.38
51.81, 50.38
51.81, 50.38
51.81, 51.54
51.81, 52.92
51.82, 52.92
51.82, 52.92
51.83, 52.92
51.83, 51.98
51.82, 50.70
51.82, 50.70
51.81, 50.70
51.81, 50.70
51.80, 50.70
51.80, 51.40
51.80, 51.40
51.79, 51.40
51.80, 53.06
51.81, 53.06
51.81, 51.64
51.80, 50.91
51.79, 50.33
51.79, 50.33
51.79, 51.95
51.80, 54.05
51.81, 53.19
51.81, 51.96
51.81, 52.57
51.81, 51.96
51.80, 50.48
51.80, 50.48
51.79, 50.48
51.79, 50.48
51.79, 51.86
51.80, 54.62
51.82, 55.38
51.82, 52.88
51.82, 50.57
51.81, 50.57
51.81, 52.27
51.81, 51.59
51.81, 51.59
51.81, 52.68
51.82, 52.68
51.82, 51.14
51.81, 51.14
51.82, 52.91
51.82, 52.91
51.83, 52.36
51.83, 52.36
51.83, 52.36
51.83, 51.81
51.84, 52.74
51.84, 52.18
51.83, 50.75
51.83, 51.32
51.84, 53.02
51.84, 52.46
51.84, 51.43
51.83, 51.43
51.83, 51.43
51.84, 52.41
51.84, 53.11
51.84, 52.25
51.84, 51.36
51.84, 52.37
51.85, 53.68
51.86, 52.44
51.85, 51.26
51.85, 51.78
51.85, 51.78
51.85, 52.29
51.86, 53.15
51.86, 52.05
51.86, 50.62
51.85, 51.38
51.86, 53.04
51.86, 52.27
51.86, 51.37
51.86, 52.66
51.87, 52.66
51.87, 51.79
51.87, 51.79
51.87, 52.29
51.87, 51.59
51.87, 51.59
51.87, 53.04
51.87, 52.19
51.87, 51.08
51.87, 51.08
51.86, 51.08
51.86, 51.08
51.86, 52.58
51.86, 52.58
51.86, 50.78
51.86, 51.52
51.86, 53.32
51.87, 52.61
51.87, 51.26
51.86, 51.26
51.86, 51.26
51.85, 50.48
51.85, 50.48
51.84, 50.48
51.83, 50.48
51.82, 50.48
51.83, 52.41
51.83, 52.41
51.83, 51.46
51.83, 51.46
51.83, 51.46
51.82, 50.63
51.81, 50.63
51.81, 50.63
51.80, 50.63
51.80, 51.61
51.80, 52.49
51.81, 52.49
51.81, 52.49
51.81, 52.49
51.82, 52.49
51.81, 50.86
51.81, 50.86
51.80, 50.86
51.80, 50.86
51.80, 52.16
51.81, 53.37
51.81, 51.98
51.81, 51.38
51.81, 52.98
51.82, 52.98
51.82, 52.01
51.82, 51.20
51.81, 51.20
51.81, 51.20
51.81, 51.89
51.82, 53.18
51.82, 53.18
51.83, 52.08
51.83, 52.71
51.83, 52.04
51.82, 50.26
51.81, 49.44
51.80, 49.95
51.80, 50.67
51.80, 51.91
51.81, 53.57
51.81, 52.99
51.81, 52.12
51.81, 52.12
51.82, 52.12
51.81, 50.85
51.81, 50.85
51.81, 52.89
51.82, 52.89
51.82, 52.05
51.82, 52.67
51.83, 52.67
51.83, 52.67
51.84, 52.67
51.83, 51.66
51.83, 50.20
51.82, 51.15
51.83, 53.06
51.83, 52.46
51.83, 51.28
51.83, 52.83
51.84, 53.87
51.85, 52.59
51.85, 52.59
51.86, 52.59
51.85, 51.19
51.85, 51.19
51.85, 52.20
51.85, 52.20
51.84, 50.26
51.84, 51.48
51.85, 54.17
51.86, 53.40
51.86, 51.73
51.86, 52.33
51.87, 52.33
51.86, 51.16
51.86, 51.16
51.86, 51.16
51.85, 49.96
51.84, 50.71
51.84, 52.52
51.85, 52.52
51.85, 51.77
51.85, 51.77
51.84, 51.15
51.84, 50.28
51.83, 50.28
51.82, 50.28
51.81, 50.28
51.81, 51.50
51.82, 52.94
51.82, 52.09
51.81, 51.22
51.82, 51.93
51.82, 51.93
51.82, 51.93
51.82, 51.93
51.81, 51.01
51.81, 51.01
51.81, 51.75
51.81, 52.87
51.82, 52.08
51.82, 52.08
51.82, 53.23
51.83, 53.23
51.83, 51.49
51.82, 50.79
51.82, 50.79
51.81, 50.79
51.81, 52.04
51.82, 52.04
51.81, 51.09
51.81, 51.09
51.81, 53.08
51.82, 53.08
51.82, 51.20
51.81, 50.29
51.80, 50.29
51.80, 50.29
51.79, 51.55
51.80, 53.40
51.80, 52.32
51.80, 51.38
51.81, 52.36
51.80, 51.68
51.80, 50.21
51.79, 50.21
51.79, 51.02
51.78, 50.45
51.77, 50.45
51.78, 52.85
51.78, 52.85
51.78, 51.95
51.79, 52.63
51.79, 52.63
51.79, 51.47
51.79, 52.34
51.80, 53.67
51.81, 53.11
51.81, 52.11
51.81, 52.11
51.81, 52.11
51.81, 51.37
51.82, 52.69
51.82, 52.69
51.81, 50.42
51.81, 50.42
51.81, 52.60
51.81, 52.60
51.81, 51.42
51.81, 52.18
51.82, 52.18
51.82, 52.18
51.83, 53.62
51.83, 52.91
51.83, 51.08
51.82, 51.08
51.83, 52.67
51.83, 52.03
51.83, 51.34
51.83, 52.15
51.83, 52.15
51.83, 51.52
51.83, 52.27
51.83, 51.73
51.82, 50.59
51.82, 50.59
51.82, 52.26
51.82, 52.26
51.82, 52.26
51.83, 53.35
51.84, 52.80
51.84, 52.21
51.84, 52.76
51.84, 51.88
51.84, 50.14
51.83, 50.14
51.83, 52.56
51.83, 52.56
51.84, 52.56
51.84, 52.56
51.84, 51.77
51.83, 50.32
51.83, 50.32
51.82, 50.32
51.81, 50.32
51.80, 50.32
51.81, 52.41
51.81, 52.41
51.82, 53.05
51.83, 54.35
51.83, 53.03
51.83, 51.19
51.83, 51.19
51.82, 50.68
51.82, 50.68
51.81, 50.68
51.81, 52.23
51.81, 51.58
51.81, 51.58
51.81, 52.41
51.82, 52.41
51.81, 51.34
51.81, 51.34
51.80, 50.41
51.80, 50.41
51.80, 51.41
51.80, 52.66
51.80, 51.10
51.79, 50.60
51.80, 52.73
51.80, 52.73
51.80, 50.99
51.79, 49.76
51.78, 49.76
51.77, 50.76
51.77, 52.24
51.78, 53.88
51.79, 52.91
51.79, 51.73
51.79, 51.73
51.78, 51.05
51.77, 49.77
51.76, 49.77
51.76, 50.51
51.76, 52.14
51.76, 52.14
51.76, 50.60
51.75, 51.50
51.76, 53.32
51.77, 52.78
51.77, 51.75
51.77, 52.28
51.77, 52.28
51.77, 51.53
51.78, 52.75
51.78, 52.75
51.78, 52.05
51.78, 52.05
51.79, 53.12
51.79, 52.33
51.80, 52.33
51.80, 53.15
51.81, 53.15
51.81, 52.06
51.81, 52.06
51.81, 52.06
51.81, 52.06
51.82, 53.20
51.83, 53.95
51.84, 52.91
51.84, 52.11
51.84, 52.66
51.84, 52.12
51.85, 52.12
51.85, 52.91
51.85, 51.67
51.84, 50.16
51.84, 51.26
51.85, 53.34
51.85, 53.34
51.86, 52.76
51.86, 52.76
51.86, 52.06
51.86, 51.19
51.86, 51.19
51.85, 51.19
51.85, 50.62
51.85, 51.56
51.85, 52.34
51.85, 51.48
51.85, 51.48
51.85, 52.99
51.86, 52.99
51.86, 52.03
51.85, 51.15
51.85, 50.58
51.84, 50.58
51.84, 52.25
51.85, 54.02
51.87, 54.02
51.87, 53.00
51.88, 53.00
51.88, 51.81
51.88, 51.81
