=~=~=~=~=~=~=~=~=~=~=~= PuTTY log 2022.04.11 13:16:46 =~=~=~=~=~=~=~=~=~=~=~=
Beginning Test Setup/Calibration
BendLabs Calibration routine
Press a key when the sensor is flat and straight on a table
l
Good. Now press a key when the sensor is flat on table but bent at 90 degrees (along X axis).
l
BendLabsCalibration complete.
Actuator Centering...
Left Bumper Hit
Left Bumper Hit
Left Bumper Hit
Left Bumper Hit
Left Bumper Hit
Left Bumper Hit
Left Bumper Hit
Left Bumper Hit
Left Bumper Hit
Left Bumper Hit
Left Bumper Hit
Left Bumper Hit
Left Bumper Hit
Left Bumper Hit
Left Bumper Hit
Left Bumper Hit
Left Bumper Hit
Left Bumper Hit
Left Bumper Hit
Left Bumper Hit
Left Bumper Hit
Left Bumper Hit
Left Bumper Hit
Left Bumper Hit
Left Bumper Hit
Left Bumper Hit
Left Bumper Hit
Right Bumper Hit
Right Bumper Hit
Right Bumper Hit
Right Bumper Hit
Right Bumper Hit
Right Bumper Hit
Right Bumper Hit
Right Bumper Hit
Right Bumper Hit
Right Bumper Hit
Right Bumper Hit
Right Bumper Hit
Right Bumper Hit
Right Bumper Hit
Please enter the height of the tether attachment point on the user (from the actuator attachment) (in):
59 0
Please enter the distance between the attachement point on the user and actuator (in):
56
Good. Now press a key when ready to begin the test.
l
Looping ... 
The NO Lean Tether Angle is: 41.28
41.28, 40.70
41.28, 42.73
41.30, 44.09
41.30, 42.79
41.31, 42.79
41.33, 44.04
41.34, 44.04
41.35, 43.27
41.36, 44.28
41.37, 43.22
41.37, 41.58
41.38, 42.24
41.39, 43.69
41.40, 43.69
41.41, 43.69
41.42, 43.69
41.43, 42.93
41.44, 42.93
41.45, 42.93
41.45, 42.93
41.45, 41.53
41.46, 42.51
41.47, 43.72
41.48, 43.07
41.49, 43.07
41.50, 43.07
41.50, 43.07
41.51, 43.07
41.52, 44.06
41.53, 43.05
41.53, 41.24
41.53, 41.24
41.54, 43.06
41.54, 43.06
41.56, 43.82
41.57, 45.00
41.58, 44.03
41.59, 42.94
41.60, 42.94
41.60, 42.13
41.60, 41.54
41.61, 42.66
41.62, 44.18
41.63, 44.18
41.64, 44.18
41.65, 43.61
41.66, 42.79
41.67, 42.79
41.68, 44.01
41.69, 44.01
41.70, 43.25
41.70, 43.25
41.71, 43.25
41.72, 43.25
41.73, 43.25
41.74, 43.25
41.74, 43.25
41.75, 43.25
41.76, 43.25
41.76, 42.36
41.76, 42.36
41.77, 43.31
41.79, 44.88
41.80, 44.88
41.81, 43.95
41.82, 43.95
41.83, 42.97
41.84, 42.97
41.85, 43.91
41.86, 43.91
41.86, 42.83
41.87, 42.83
41.88, 44.93
41.89, 44.25
41.90, 42.96
41.91, 43.73
41.92, 43.73
41.92, 42.15
41.92, 41.60
41.91, 41.60
41.91, 41.60
41.92, 43.07
41.93, 43.69
41.93, 42.33
41.93, 42.33
41.94, 43.80
41.95, 43.80
41.95, 41.97
41.95, 41.37
41.94, 41.37
41.94, 41.37
41.94, 42.54
41.95, 43.83
41.96, 43.27
41.97, 43.27
41.97, 43.27
41.97, 42.15
41.98, 42.15
41.98, 42.15
41.98, 42.15
41.97, 41.12
41.97, 41.87
41.98, 43.27
41.99, 43.27
41.99, 43.27
42.00, 43.94
42.01, 43.94
42.02, 43.08
42.02, 43.08
42.02, 41.46
42.01, 40.54
42.01, 41.36
42.01, 42.58
42.01, 42.58
42.01, 42.04
42.02, 43.14
42.02, 42.53
42.01, 40.48
42.01, 40.48
42.01, 42.64
42.01, 42.64
42.02, 42.64
42.02, 42.08
42.02, 42.08
42.02, 42.08
42.01, 41.37
42.01, 40.75
42.00, 40.75
42.00, 41.52
42.00, 43.03
42.00, 41.85
42.00, 40.87
42.00, 41.83
42.00, 41.83
41.99, 40.17
41.97, 39.06
41.96, 39.06
41.95, 40.20
41.95, 41.82
41.95, 42.82
41.95, 41.51
41.94, 40.57
41.94, 41.16
41.94, 41.16
41.93, 41.16
41.93, 41.16
41.93, 41.81
41.92, 40.97
41.92, 40.97
41.92, 41.48
41.91, 41.48
41.92, 42.42
41.92, 43.17
41.92, 41.72
41.91, 40.13
41.90, 40.13
41.90, 41.80
41.90, 41.28
41.90, 41.28
41.89, 41.28
41.89, 40.52
41.88, 40.52
41.88, 41.77
41.88, 41.77
41.87, 40.59
41.87, 40.59
41.86, 40.59
41.85, 40.59
41.85, 40.59
41.84, 40.59
41.83, 39.35
41.82, 39.35
41.81, 40.08
41.80, 40.08
41.79, 39.49
41.78, 40.49
41.78, 41.81
41.78, 41.11
41.77, 40.27
41.77, 41.45
41.77, 41.45
41.76, 39.85
41.74, 39.05
41.74, 40.19
41.73, 40.19
41.72, 40.19
41.71, 40.19
41.71, 40.96
41.71, 40.96
41.70, 39.77
41.69, 39.77
41.68, 39.77
41.67, 39.77
41.66, 41.04
41.65, 39.73
41.64, 38.49
41.63, 39.61
41.63, 41.36
41.63, 41.36
41.62, 40.07
41.61, 40.07
41.60, 39.40
41.58, 38.60
41.57, 39.30
41.56, 39.30
41.55, 38.65
41.53, 39.23
41.53, 40.72
41.52, 40.12
41.51, 38.92
41.50, 38.92
41.48, 38.92
41.47, 38.92
41.46, 39.75
41.45, 39.75
41.44, 38.49
41.42, 38.49
41.42, 40.06
41.41, 39.39
41.39, 38.79
41.38, 38.79
41.37, 38.79
41.35, 37.89
41.34, 38.61
41.33, 40.07
41.33, 40.07
41.31, 39.13
41.30, 39.13
41.29, 38.48
41.27, 37.66
41.25, 37.66
41.24, 37.66
41.22, 37.66
41.21, 39.39
41.21, 40.94
41.20, 39.80
41.19, 38.83
41.18, 39.77
41.17, 39.08
41.15, 37.66
41.14, 38.67
41.14, 40.60
41.13, 40.60
41.13, 40.00
41.13, 40.78
41.12, 39.97
41.11, 38.13
41.10, 39.36
41.10, 41.35
41.09, 40.15
41.08, 38.89
41.07, 38.89
41.06, 38.89
41.05, 38.89
41.04, 37.90
41.02, 37.15
41.00, 37.15
40.99, 39.14
40.99, 40.59
40.98, 39.67
40.97, 38.84
40.96, 40.05
40.96, 40.05
40.95, 39.42
40.94, 38.62
40.93, 38.62
40.91, 37.70
40.90, 38.79
40.90, 40.54
40.89, 39.74
40.88, 39.05
40.88, 39.94
40.87, 39.22
40.86, 37.90
40.84, 37.90
40.83, 39.24
40.83, 39.24
40.81, 38.63
40.81, 39.67
40.80, 39.67
40.79, 38.92
40.79, 39.57
40.78, 38.37
40.76, 37.06
40.74, 38.26
40.74, 39.71
40.73, 39.12
40.72, 39.12
40.72, 39.86
40.71, 39.05
40.70, 39.05
40.70, 40.36
40.70, 39.74
40.68, 38.33
40.67, 38.33
40.67, 40.19
40.67, 40.19
40.66, 38.98
40.65, 38.98
40.64, 38.44
40.63, 38.44
40.62, 39.22
40.61, 38.58
40.60, 37.68
40.59, 38.95
40.59, 39.99
40.58, 38.57
40.56, 37.72
40.55, 38.64
40.54, 38.64
40.54, 39.52
40.53, 39.52
40.52, 38.40
40.50, 37.16
40.49, 37.83
40.48, 39.28
40.48, 38.77
40.46, 38.06
40.46, 39.13
40.45, 39.13
40.44, 38.29
40.43, 38.29
40.42, 38.29
40.41, 38.29
40.40, 38.29
40.39, 39.56
40.38, 38.61
40.37, 38.09
40.37, 39.24
40.36, 38.71
40.35, 37.74
40.33, 37.74
40.32, 38.42
40.31, 38.42
40.31, 39.75
40.31, 40.90
40.31, 39.81
40.30, 39.01
40.30, 40.30
40.31, 40.96
40.31, 40.96
40.31, 40.96
40.32, 40.96
40.32, 40.17
40.32, 40.17
40.32, 41.39
40.32, 40.35
40.32, 39.66
40.32, 40.76
40.32, 40.76
40.32, 40.13
40.32, 39.60
40.31, 39.60
40.31, 39.60
40.31, 39.60
40.31, 40.95
40.31, 40.95
40.32, 40.95
40.32, 41.59
40.33, 40.97
40.32, 39.38
40.31, 38.86
40.31, 39.48
40.31, 39.48
40.31, 40.33
40.31, 40.99
40.31, 40.15
40.31, 40.15
40.31, 40.15
40.31, 40.15
40.30, 39.14
40.30, 40.09
40.30, 40.89
40.31, 40.89
40.31, 40.89
40.31, 40.89
40.31, 39.66
40.31, 39.66
40.31, 41.13
40.31, 40.14
40.30, 38.64
40.30, 39.76
40.30, 41.72
40.31, 41.72
40.32, 41.72
40.33, 41.72
40.33, 41.72
40.34, 41.08
40.34, 41.08
40.34, 41.08
40.34, 40.06
40.35, 41.19
40.36, 42.79
40.37, 42.79
40.38, 41.43
40.38, 41.43
40.38, 40.35
40.37, 39.04
40.37, 39.04
40.37, 41.19
40.38, 41.19
40.37, 39.84
40.38, 40.79
40.39, 42.34
40.40, 42.34
40.40, 42.34
40.41, 42.34
40.42, 42.34
40.43, 41.14
40.43, 41.14
40.43, 41.14
40.44, 41.14
40.45, 41.77
40.45, 40.94
40.45, 40.07
40.45, 41.36
40.46, 42.43
40.47, 41.61
40.47, 40.65
40.47, 40.65
40.47, 40.65
40.47, 41.21
40.48, 41.21
40.48, 41.21
40.48, 41.21
40.49, 41.21
40.50, 42.55
40.50, 41.72
40.51, 41.00
40.51, 42.14
40.52, 42.14
40.53, 42.14
40.54, 42.14
40.54, 41.57
40.55, 41.57
40.55, 41.57
40.57, 42.99
40.58, 42.99
40.59, 42.16
40.60, 42.76
40.61, 42.76
40.61, 41.51
40.62, 41.51
40.62, 41.51
40.63, 41.51
40.63, 41.51
40.64, 43.12
40.65, 43.12
40.66, 42.22
40.67, 43.10
40.69, 43.10
40.70, 43.10
40.71, 42.56
40.71, 41.80
40.72, 41.80
40.73, 42.76
40.75, 44.54
40.77, 44.54
40.78, 43.31
40.79, 43.31
40.81, 43.31
40.81, 41.66
40.81, 41.66
40.82, 41.66
40.83, 42.79
40.84, 44.09
40.86, 44.80
40.88, 43.90
40.89, 43.28
40.90, 43.28
40.91, 43.28
40.92, 42.65
40.94, 43.21
40.95, 43.21
40.96, 43.21
40.97, 43.96
40.99, 45.07
41.01, 45.07
41.03, 43.94
41.04, 43.94
41.05, 43.43
41.06, 41.54
41.06, 41.00
41.06, 41.00
41.06, 42.11
41.08, 43.88
41.10, 45.69
41.12, 44.88
41.13, 43.52
41.14, 43.52
41.15, 43.52
41.17, 43.52
41.17, 42.63
41.18, 42.63
41.19, 42.63
41.20, 44.29
41.22, 45.43
41.24, 44.66
41.25, 43.66
41.27, 43.66
41.28, 43.66
41.29, 43.66
41.30, 44.39
41.33, 45.42
41.34, 44.32
41.35, 43.31
41.36, 44.14
41.38, 44.14
41.39, 44.14
41.41, 44.69
41.42, 43.77
41.43, 43.11
41.44, 44.57
41.46, 45.48
41.48, 44.16
41.49, 44.16
41.51, 44.94
41.53, 44.94
41.54, 44.94
41.56, 44.94
41.57, 43.37
41.57, 42.12
41.58, 43.27
41.60, 45.32
41.62, 45.32
41.63, 44.68
41.65, 44.68
41.66, 44.68
41.67, 43.91
41.69, 43.91
41.70, 43.91
41.71, 43.91
41.73, 45.28
41.75, 45.92
41.76, 45.11
41.78, 45.11
41.80, 45.83
41.81, 44.58
41.82, 43.28
41.83, 43.28
41.84, 43.28
41.84, 43.28
41.85, 44.20
41.87, 45.41
41.89, 45.41
41.90, 43.96
41.91, 43.96
41.92, 43.08
41.92, 43.08
41.93, 44.38
41.95, 44.38
41.96, 44.38
41.98, 45.14
41.99, 45.14
42.00, 44.37
42.01, 44.37
42.03, 45.82
42.05, 45.82
42.06, 44.33
42.07, 43.80
42.08, 43.23
42.08, 43.23
42.09, 44.09
42.11, 44.99
42.12, 44.99
42.13, 44.11
42.14, 44.11
42.15, 44.11
42.16, 44.11
42.18, 45.35
42.20, 46.03
42.21, 45.14
42.23, 45.14
42.24, 45.66
42.26, 44.63
42.27, 44.63
42.28, 44.63
42.29, 44.63
42.30, 43.94
42.31, 43.94
42.32, 45.26
42.34, 45.26
42.35, 45.26
42.37, 45.26
42.38, 44.12
42.38, 44.12
42.39, 44.12
42.40, 42.88
42.40, 42.88
42.41, 44.67
42.43, 46.24
42.44, 45.38
42.45, 44.46
42.47, 45.22
42.48, 45.22
42.48, 42.71
42.48, 41.71
42.47, 41.71
42.47, 42.46
42.48, 43.80
42.49, 45.33
42.51, 44.67
42.52, 44.67
42.53, 46.19
42.55, 46.19
42.56, 43.82
42.56, 42.40
42.56, 42.40
42.56, 42.40
42.56, 43.82
42.58, 45.36
42.59, 44.50
42.59, 43.46
42.60, 44.73
42.62, 46.19
42.64, 46.19
42.65, 45.14
42.66, 45.14
42.67, 44.18
42.68, 44.18
42.69, 45.18
42.70, 44.32
42.70, 43.09
42.71, 44.20
42.72, 45.53
42.74, 45.53
42.75, 44.60
42.75, 44.60
42.76, 44.60
42.77, 44.02
42.78, 44.98
42.79, 44.98
42.80, 44.01
42.80, 44.01
42.82, 44.93
42.82, 43.98
42.83, 43.98
42.84, 44.68
42.85, 44.68
42.85, 44.68
42.87, 45.70
42.88, 44.55
42.88, 42.56
42.88, 43.30
42.89, 44.73
42.89, 44.20
42.90, 44.20
42.91, 44.20
42.91, 44.20
42.92, 43.63
42.92, 44.61
42.93, 43.75
42.93, 42.67
42.93, 43.87
42.94, 45.28
42.95, 44.76
42.96, 43.70
42.96, 43.70
42.96, 42.83
42.96, 42.83
42.96, 43.78
42.96, 42.86
42.96, 42.86
42.97, 43.83
42.97, 44.38
42.98, 43.69
42.98, 43.08
42.98, 43.08
42.98, 43.08
42.97, 42.07
42.97, 42.07
42.97, 42.07
42.96, 42.07
42.96, 43.09
42.97, 44.75
42.98, 44.75
42.98, 43.62
42.99, 43.62
42.98, 42.68
42.98, 41.56
42.97, 42.26
42.97, 42.26
42.96, 41.38
42.96, 42.03
42.96, 43.13
42.95, 42.01
42.95, 42.01
42.95, 43.47
42.95, 43.47
42.96, 43.47
42.96, 43.47
42.96, 42.86
42.95, 41.79
42.95, 41.79
42.95, 43.20
42.95, 42.68
42.95, 42.68
42.95, 43.24
42.95, 43.24
42.95, 43.24
42.95, 43.24
42.95, 42.04
42.94, 42.04
42.94, 42.04
42.93, 42.04
42.93, 41.44
42.92, 41.44
42.92, 42.29
42.91, 41.23
42.89, 40.29
42.88, 40.29
42.87, 40.86
42.86, 40.86
42.85, 40.86
42.85, 42.34
42.85, 42.34
42.84, 42.34
42.84, 42.34
42.84, 42.34
42.83, 41.07
42.83, 42.18
42.83, 43.97
42.84, 43.97
42.83, 41.64
42.82, 40.99
42.82, 42.80
42.82, 42.80
42.81, 40.82
42.80, 39.96
42.78, 39.96
42.77, 39.96
42.76, 41.32
42.76, 43.20
42.76, 42.70
42.76, 42.04
42.76, 42.88
42.76, 42.88
42.75, 41.09
42.75, 41.09
42.74, 41.80
42.73, 41.21
42.72, 41.21
42.72, 42.11
42.72, 42.11
42.72, 42.11
42.72, 42.66
42.71, 41.45
42.69, 39.44
42.68, 40.19
42.68, 42.22
42.68, 42.22
42.67, 41.40
42.66, 41.40
42.66, 41.40
42.65, 41.40
42.65, 42.66
42.65, 41.74
42.64, 40.51
42.63, 41.34
42.63, 41.94
42.62, 40.77
42.61, 40.77
42.60, 42.25
42.60, 41.60
42.59, 40.12
42.58, 40.12
42.56, 40.12
42.55, 40.84
42.55, 40.84
42.54, 41.35
42.53, 40.02
42.51, 39.52
42.50, 41.01
42.50, 41.01
42.48, 40.03
42.48, 40.84
42.47, 40.84
42.45, 39.64
42.44, 39.64
42.43, 40.64
42.42, 40.64
42.41, 39.94
42.40, 39.94
42.38, 39.94
42.37, 39.94
42.36, 40.57
42.35, 39.71
42.33, 38.69
42.32, 40.60
42.32, 42.54
42.32, 41.16
42.30, 39.51
42.29, 39.51
42.28, 40.11
42.27, 40.11
42.26, 40.11
42.24, 39.34
42.22, 38.08
42.21, 39.46
42.20, 41.36
42.19, 40.21
42.18, 38.84
42.16, 39.43
42.15, 39.43
42.13, 38.72
42.12, 38.72
42.10, 38.20
42.07, 37.16
42.05, 37.16
42.04, 39.56
42.02, 39.56
42.01, 39.56
42.00, 39.56
41.99, 39.56
41.97, 39.56
41.96, 39.56
41.95, 38.65
41.92, 37.60
41.90, 37.60
41.89, 39.38
41.88, 39.38
41.86, 38.37
41.85, 39.33
41.83, 38.44
41.81, 37.07
41.78, 37.64
41.77, 38.29
41.75, 38.29
41.74, 38.97
41.73, 39.57
41.71, 39.57
41.70, 38.60
41.69, 39.18
41.67, 39.18
41.66, 38.46
41.64, 37.56
41.62, 37.56
41.60, 37.56
41.58, 39.11
41.58, 40.63
41.57, 39.59
41.56, 38.96
41.55, 40.06
41.54, 40.06
41.53, 38.33
41.51, 37.67
41.49, 37.67
41.47, 37.67
41.45, 38.70
41.45, 39.95
41.44, 39.30
41.43, 39.30
41.42, 40.93
41.42, 40.93
41.41, 39.10
41.39, 37.86
41.37, 37.86
41.36, 37.86
41.34, 38.41
41.33, 39.44
41.32, 39.44
41.31, 39.44
41.31, 40.41
41.30, 39.04
41.28, 37.61
41.27, 38.83
41.26, 40.01
41.25, 39.39
41.24, 38.79
41.23, 38.79
41.21, 38.79
41.20, 37.93
41.18, 37.93
41.16, 37.93
41.15, 37.93
41.13, 37.93
41.12, 39.54
41.12, 39.54
41.11, 39.54
41.10, 39.54
41.09, 39.54
41.09, 39.54
41.08, 39.54
41.06, 37.93
41.04, 36.14
41.02, 37.47
41.01, 39.89
41.01, 39.89
41.00, 38.84
40.99, 38.84
40.98, 38.84
40.97, 38.84
40.96, 39.88
40.95, 39.88
40.94, 37.58
40.92, 37.58
40.91, 39.18
40.91, 39.82
40.90, 39.82
40.90, 40.81
40.89, 39.08
40.87, 37.38
40.86, 37.90
40.85, 39.49
40.85, 39.49
40.83, 37.59
40.81, 36.25
40.79, 37.78
40.79, 39.71
40.78, 39.71
40.77, 39.71
40.77, 39.71
40.76, 38.69
40.74, 37.44
40.73, 38.27
40.73, 40.15
40.72, 39.60
40.72, 39.60
40.71, 39.60
40.70, 38.68
40.69, 38.68
40.68, 38.68
40.67, 37.93
40.65, 36.89
40.63, 37.70
40.62, 38.87
40.62, 38.87
40.61, 38.87
40.60, 38.87
40.58, 38.04
40.57, 37.11
40.56, 38.82
40.56, 40.28
40.55, 39.17
40.54, 39.17
40.54, 39.92
40.54, 39.92
40.53, 38.68
40.52, 38.68
40.50, 37.65
40.48, 36.59
40.47, 37.54
40.46, 39.36
40.46, 39.36
40.46, 39.93
40.46, 40.55
40.45, 38.43
40.43, 37.19
40.42, 38.57
40.41, 39.08
40.40, 38.31
40.40, 39.05
40.40, 40.42
40.39, 39.72
40.39, 39.12
40.38, 39.62
40.38, 38.82
40.36, 37.71
40.35, 37.71
40.33, 36.81
40.31, 36.81
40.30, 38.31
40.30, 39.87
40.30, 39.87
40.30, 39.87
40.30, 39.87
40.29, 38.57
40.27, 36.98
40.25, 36.98
40.24, 36.98
40.22, 37.62
40.22, 39.42
40.22, 40.89
40.22, 39.65
40.22, 39.65
40.22, 41.45
40.23, 40.53
40.21, 38.03
40.20, 37.10
40.18, 37.10
40.17, 37.78
40.16, 38.66
40.16, 40.16
40.16, 40.16
40.16, 39.52
40.16, 40.67
40.16, 39.65
40.15, 38.21
40.14, 38.21
40.13, 37.68
40.12, 38.27
40.11, 38.85
40.11, 38.85
40.10, 38.85
40.10, 39.98
40.11, 41.57
40.11, 40.95
40.11, 39.30
40.10, 39.30
40.11, 40.79
40.11, 40.79
40.11, 40.79
40.12, 40.79
40.12, 39.95
40.11, 39.22
40.11, 39.22
40.10, 39.22
40.10, 39.22
40.09, 39.22
40.10, 41.08
40.10, 40.20
40.10, 39.64
40.10, 40.56
40.10, 39.98
40.10, 39.98
40.10, 39.98
40.10, 39.98
40.09, 38.62
40.09, 39.22
40.09, 40.62
40.09, 40.62
40.09, 40.08
40.09, 40.76
40.10, 40.76
40.10, 40.22
40.10, 40.22
40.09, 39.28
40.09, 38.40
40.08, 39.44
40.09, 41.01
40.09, 41.01
40.10, 41.01
40.11, 42.72
40.12, 42.72
40.14, 42.72
40.15, 42.72
40.16, 41.63
40.16, 41.10
40.17, 41.10
40.17, 41.93
40.18, 41.93
40.19, 41.93
40.20, 42.67
40.22, 42.67
40.22, 41.40
40.23, 41.40
40.23, 41.40
40.24, 41.40
40.26, 43.81
40.28, 45.00
40.30, 43.68
40.31, 42.02
40.32, 42.02
40.32, 42.02
40.33, 42.02
40.34, 42.02
40.34, 40.80
40.34, 40.07
40.35, 41.61
40.36, 42.89
40.37, 42.05
40.38, 41.55
40.39, 42.43
40.40, 42.43
40.40, 41.66
40.40, 40.73
40.41, 40.73
40.41, 40.73
40.42, 41.97
40.43, 43.60
40.44, 42.54
40.45, 41.43
40.45, 41.43
40.46, 41.43
40.46, 41.43
40.47, 42.19
40.47, 41.26
40.48, 41.26
40.49, 42.29
40.50, 43.83
40.52, 42.81
40.52, 41.81
40.53, 41.81
40.53, 41.81
40.54, 40.82
40.54, 40.82
40.54, 40.82
40.54, 39.94
40.54, 40.75
40.55, 42.38
40.56, 42.38
40.56, 42.38
40.58, 43.34
40.59, 42.73
40.59, 41.09
40.59, 40.43
40.59, 40.43
40.59, 40.43
40.59, 41.77
40.61, 43.30
40.62, 42.49
40.62, 41.50
40.63, 42.62
40.64, 42.62
40.65, 41.68
40.65, 40.43
40.65, 40.43
40.64, 40.43
40.65, 42.27
40.67, 44.04
40.69, 44.04
40.70, 42.78
40.71, 42.78
40.72, 42.78
40.72, 41.00
40.72, 41.62
40.74, 43.35
40.75, 42.83
40.76, 42.83
40.77, 43.38
40.78, 42.70
40.79, 42.70
40.81, 43.90
40.82, 42.80
40.81, 40.56
40.81, 40.56
40.82, 42.58
40.83, 42.58
40.84, 41.88
40.84, 42.67
40.85, 42.67
40.86, 42.67
40.87, 42.67
40.88, 42.67
40.88, 41.06
40.89, 42.19
40.91, 44.90
40.93, 44.90
40.94, 43.90
40.96, 43.90
40.97, 43.19
40.98, 43.19
41.00, 43.96
41.01, 43.96
41.02, 42.27
41.02, 42.27
41.04, 43.79
41.05, 43.18
41.06, 43.18
41.07, 44.12
41.09, 43.56
41.09, 42.92
41.10, 42.92
41.11, 42.40
41.12, 42.40
41.13, 43.38
41.15, 44.99
41.17, 44.99
41.18, 44.44
41.20, 44.44
41.21, 43.17
41.21, 42.05
41.22, 42.05
41.22, 42.05
41.23, 42.05
41.23, 43.05
41.25, 43.87
41.26, 42.67
41.26, 42.67
41.27, 43.55
41.28, 42.75
41.29, 42.75
41.30, 43.41
41.31, 43.41
41.32, 43.41
41.33, 43.41
41.35, 44.44
41.36, 44.44
41.37, 43.71
41.39, 44.31
41.40, 44.31
41.41, 42.76
41.42, 42.76
41.42, 42.76
41.43, 43.56
41.45, 44.83
41.47, 45.96
41.49, 44.80
41.50, 43.97
41.52, 44.90
41.54, 44.90
41.55, 43.52
41.56, 43.52
41.57, 43.52
41.58, 43.52
41.59, 44.92
41.61, 45.53
41.63, 44.79
41.64, 44.28
41.65, 44.28
41.66, 43.65
41.67, 43.65
41.69, 44.26
41.70, 44.26
41.71, 44.26
41.74, 46.19
41.76, 46.86
41.78, 45.47
41.79, 44.59
41.81, 44.59
41.82, 44.59
41.83, 43.14
41.83, 43.14
41.84, 43.14
41.85, 43.14
41.86, 43.71
41.88, 45.71
41.90, 45.71
41.91, 45.71
41.93, 45.71
41.95, 45.01
41.96, 44.08
41.97, 44.68
41.99, 45.33
42.01, 45.33
42.02, 45.33
42.04, 45.33
42.05, 43.98
42.06, 43.98
42.07, 44.67
42.09, 44.67
42.09, 43.63
42.11, 44.78
42.13, 46.52
42.15, 46.52
42.17, 45.30
42.18, 45.30
42.20, 45.30
42.21, 45.30
42.23, 45.30
42.24, 44.76
42.25, 44.76
42.27, 44.76
42.28, 45.37
42.30, 45.37
42.31, 45.37
42.33, 46.21
42.35, 45.50
42.36, 45.50
42.38, 45.50
42.39, 44.79
42.40, 43.94
42.41, 43.94
42.42, 45.01
42.43, 45.01
42.45, 45.01
42.46, 45.01
42.46, 43.69
42.47, 43.69
42.48, 45.24
42.49, 44.20
42.49, 42.69
42.50, 43.56
42.51, 45.32
42.53, 45.32
42.53, 43.94
42.54, 44.55
42.55, 43.91
42.55, 42.94
42.56, 42.94
42.56, 43.79
42.57, 43.79
42.58, 44.30
42.58, 44.30
42.59, 43.03
42.59, 43.03
42.60, 44.18
42.61, 44.18
42.61, 43.59
42.62, 44.26
42.63, 44.26
42.63, 43.35
42.63, 43.35
42.64, 43.35
42.64, 43.35
42.64, 43.35
42.65, 44.46
42.66, 43.40
42.66, 42.45
42.66, 42.45
42.65, 42.45
42.65, 42.45
42.66, 44.29
42.68, 45.45
42.68, 44.56
42.69, 43.61
42.69, 43.61
42.70, 43.61
42.70, 42.66
42.70, 42.66
42.70, 42.66
42.70, 42.66
42.70, 43.56
42.71, 45.24
42.72, 44.44
42.73, 43.46
42.73, 43.46
42.73, 43.46
42.73, 42.69
42.73, 42.69
42.73, 42.69
42.73, 41.20
42.72, 42.06
42.73, 43.94
42.73, 43.37
42.74, 43.37
42.74, 44.23
42.74, 43.13
42.74, 41.48
42.73, 41.48
42.73, 42.17
42.73, 42.17
42.73, 42.85
42.73, 44.31
42.74, 43.42
42.74, 43.42
42.75, 44.39
42.76, 44.39
42.76, 42.81
42.75, 41.75
42.74, 41.00
42.74, 41.00
42.73, 41.51
42.73, 42.84
42.73, 42.84
42.73, 42.84
42.73, 42.27
42.72, 41.74
42.72, 41.74
42.72, 42.36
42.72, 43.83
42.72, 43.07
42.72, 42.37
42.73, 43.47
42.73, 43.47
42.73, 43.47
42.74, 43.47
42.73, 41.60
42.72, 40.53
42.72, 41.60
42.72, 43.06
42.72, 43.06
42.72, 42.02
42.71, 42.02
42.70, 41.07
42.70, 41.07
42.69, 42.40
42.69, 41.14
42.67, 39.85
42.67, 41.29
42.67, 43.01
42.66, 42.28
42.66, 42.28
42.67, 43.22
42.67, 43.22
42.67, 42.11
42.66, 42.11
42.66, 41.34
42.64, 39.75
42.63, 40.87
42.63, 42.98
42.63, 41.91
42.62, 41.35
42.63, 42.90
42.63, 42.90
42.62, 41.41
42.62, 41.41
42.61, 41.41
42.60, 41.41
42.60, 42.26
42.60, 42.88
42.60, 41.11
42.59, 40.56
42.58, 41.83
42.58, 41.32
42.57, 40.76
42.56, 40.76
42.55, 40.76
42.53, 39.22
42.52, 39.73
42.51, 41.11
42.50, 41.11
42.50, 41.11
42.49, 41.11
42.48, 40.25
42.46, 39.58
42.45, 39.58
42.44, 41.11
42.44, 41.11
42.42, 40.20
42.41, 40.20
42.40, 40.20
42.39, 39.61
42.37, 39.61
42.36, 39.61
42.35, 39.61
42.33, 39.61
42.33, 41.34
42.32, 40.58
42.31, 39.62
42.30, 40.35
42.29, 40.35
42.28, 40.35
42.27, 40.35
42.26, 40.35
42.24, 38.74
42.23, 39.74
42.23, 41.84
42.22, 41.84
42.22, 41.84
42.22, 42.61
42.23, 42.61
42.21, 39.46
42.19, 38.25
42.18, 38.79
42.16, 38.79
42.15, 39.48
42.14, 41.15
42.14, 41.15
42.13, 41.15
42.13, 41.15
42.12, 41.15
42.11, 39.40
42.09, 38.26
42.07, 38.26
42.05, 38.26
42.03, 38.26
42.02, 40.31
42.01, 40.31
42.00, 39.41
41.99, 40.69
41.99, 40.69
41.97, 39.02
41.95, 38.49
41.94, 38.49
41.92, 38.49
41.91, 39.29
41.90, 40.24
41.89, 39.63
41.87, 38.65
41.86, 38.65
41.84, 38.65
41.82, 37.96
41.80, 37.96
41.78, 37.96
41.76, 37.96
41.75, 39.90
41.75, 41.25
41.75, 41.25
41.74, 40.35
41.73, 40.35
41.73, 40.35
41.71, 38.51
41.69, 38.51
41.68, 39.66
41.67, 39.66
41.66, 39.66
41.66, 40.84
41.66, 40.84
41.65, 40.13
41.64, 40.13
41.63, 39.19
41.61, 38.52
41.60, 39.78
41.60, 39.78
41.58, 38.49
41.56, 38.49
41.55, 39.64
41.54, 39.64
41.54, 39.64
41.53, 40.84
41.53, 40.19
41.51, 38.62
41.50, 38.62
41.49, 40.30
41.48, 40.30
41.47, 39.32
41.46, 39.32
41.45, 39.32
41.44, 38.70
41.43, 39.75
41.42, 39.75
41.41, 39.75
41.40, 39.20
41.39, 39.92
41.39, 39.92
41.38, 39.92
41.38, 40.98
41.37, 39.59
41.36, 38.74
41.35, 39.51
41.34, 39.51
41.32, 38.54
41.31, 39.43
41.31, 40.61
41.30, 39.84
41.30, 39.84
41.29, 39.84
41.28, 39.14
41.27, 39.68
41.26, 40.34
41.25, 38.92
41.24, 38.03
41.22, 38.76
41.22, 39.43
41.20, 38.67
41.19, 37.67
41.17, 38.63
41.17, 40.10
41.16, 39.34
41.14, 37.99
41.13, 37.99
41.11, 37.99
41.10, 38.63
41.09, 39.29
41.08, 40.02
41.08, 40.02
41.07, 40.02
41.07, 40.02
41.06, 38.46
41.04, 37.77
41.03, 38.61
41.01, 38.61
41.00, 38.61
40.99, 38.61
40.98, 39.23
40.97, 38.42
40.96, 38.42
40.94, 38.42
40.93, 38.42
40.92, 38.42
40.92, 40.79
40.92, 41.71
40.92, 39.95
40.91, 39.39
40.90, 39.95
40.89, 38.96
40.88, 37.90
40.86, 37.90
40.85, 37.90
40.84, 37.90
40.82, 38.76
40.82, 40.53
40.82, 40.53
40.82, 39.59
40.81, 39.59
40.80, 39.06
40.79, 37.97
40.77, 37.29
40.75, 37.29
40.73, 37.29
40.73, 39.30
40.73, 40.49
40.72, 39.79
40.71, 38.98
40.70, 38.98
40.69, 38.47
40.68, 37.65
40.66, 37.65
40.65, 37.65
40.63, 37.65
40.62, 38.15
40.61, 39.10
40.60, 39.10
40.60, 39.10
40.59, 39.95
40.58, 38.67
40.56, 36.46
40.54, 36.46
40.53, 38.62
40.54, 40.95
40.53, 40.05
40.52, 38.35
40.51, 38.35
40.51, 39.35
40.50, 39.35
40.49, 39.35
40.49, 39.35
40.48, 39.35
40.48, 39.35
40.47, 39.35
40.47, 39.35
40.45, 38.13
40.45, 39.38
40.45, 40.43
40.44, 39.51
40.44, 39.51
40.43, 39.51
40.43, 39.51
40.42, 38.99
40.42, 39.55
40.41, 38.85
40.40, 37.69
40.39, 38.77
40.39, 40.56
40.39, 39.80
40.38, 39.29
40.38, 40.34
40.38, 40.34
40.38, 40.34
40.38, 40.34
40.38, 40.34
40.38, 39.76
40.37, 39.76
40.37, 39.76
40.37, 39.76
40.36, 39.00
40.36, 40.01
40.36, 40.01
40.36, 40.01
40.35, 40.01
40.34, 38.28
40.33, 37.16
40.32, 38.89
40.33, 41.40
40.33, 41.40
40.33, 40.60
40.33, 40.60
40.34, 40.60
40.33, 39.58
40.32, 38.66
40.31, 37.98
40.30, 37.98
40.29, 39.14
40.30, 41.24
40.30, 40.55
40.30, 39.44
40.29, 40.03
40.29, 40.03
40.29, 39.10
40.28, 39.10
40.28, 39.10
40.27, 39.10
40.27, 39.92
40.27, 40.88
40.27, 40.24
40.27, 40.24
40.27, 41.15
40.28, 40.45
40.28, 40.45
40.28, 40.45
40.28, 40.45
40.28, 39.72
40.28, 40.53
40.29, 42.09
40.29, 42.09
40.30, 41.28
40.31, 41.83
40.31, 40.79
40.31, 39.88
40.31, 40.51
40.31, 40.51
40.31, 40.51
40.31, 41.19
40.32, 41.92
40.33, 41.92
40.34, 41.92
40.35, 42.45
40.35, 41.17
40.35, 39.34
40.34, 39.34
40.34, 39.34
40.34, 40.11
40.34, 40.75
40.35, 42.00
40.36, 42.00
40.36, 42.00
40.36, 40.39
40.36, 40.39
40.37, 41.08
40.38, 41.84
40.39, 42.98
40.40, 42.98
40.41, 42.42
40.42, 43.00
40.43, 42.43
40.44, 41.14
40.44, 41.14
40.45, 42.38
40.46, 41.41
40.46, 41.41
40.47, 42.58
40.48, 42.58
40.49, 41.86
40.50, 42.50
40.51, 41.91
40.51, 41.91
40.52, 42.59
40.53, 42.59
40.54, 41.23
40.54, 41.23
40.55, 42.16
40.56, 42.16
40.56, 41.20
40.57, 42.47
40.58, 42.47
40.58, 41.39
40.59, 41.39
40.60, 42.33
40.60, 42.33
40.61, 41.78
40.62, 42.64
40.63, 42.64
40.64, 41.94
40.65, 42.44
40.65, 41.88
40.66, 41.37
40.67, 42.84
40.69, 44.42
40.70, 43.26
40.70, 41.74
40.72, 43.35
40.74, 45.10
40.75, 43.59
40.76, 41.77
40.77, 42.56
40.79, 44.59
40.81, 45.20
40.82, 43.84
40.83, 42.09
40.84, 42.09
40.85, 43.19
40.86, 43.19
40.87, 42.23
40.87, 42.23
40.88, 42.23
40.88, 41.69
40.89, 41.69
40.90, 42.60
40.90, 42.60
40.91, 42.60
40.93, 43.70
40.94, 42.58
40.94, 41.52
40.95, 42.39
40.95, 42.39
40.96, 42.39
40.97, 42.39
40.98, 43.94
41.00, 44.55
41.01, 43.44
41.02, 42.54
41.03, 42.54
41.04, 42.54
41.05, 43.16
41.05, 42.52
41.05, 41.24
41.06, 41.85
41.07, 43.86
41.09, 43.86
41.09, 42.55
41.10, 42.55
41.10, 41.78
41.10, 41.07
41.10, 41.07
41.11, 42.85
41.12, 42.85
41.13, 42.22
41.13, 42.22
41.14, 42.22
41.15, 43.31
41.17, 44.54
41.18, 45.04
41.20, 44.44
41.22, 44.44
41.24, 45.24
41.26, 45.24
41.27, 44.28
41.28, 43.09
41.29, 43.09
41.31, 44.73
41.33, 46.29
41.35, 45.35
41.36, 43.52
41.37, 43.52
41.38, 43.52
41.40, 43.52
41.41, 43.52
41.41, 42.78
41.42, 42.78
41.43, 42.78
41.44, 44.18
41.46, 45.76
41.48, 44.75
41.49, 44.75
41.51, 45.30
41.53, 44.64
41.54, 43.78
41.55, 43.78
41.56, 43.78
41.58, 44.58
41.60, 45.14
41.61, 44.30
41.62, 44.30
41.64, 45.44
41.66, 44.91
41.67, 44.36
41.69, 45.45
41.71, 45.45
41.73, 45.45
41.75, 46.29
41.77, 45.75
41.78, 43.84
41.79, 43.84
41.81, 44.98
41.82, 44.98
41.84, 44.98
41.86, 44.98
41.87, 44.46
41.88, 43.48
41.88, 43.48
41.90, 44.23
41.91, 44.23
41.92, 44.23
41.94, 45.46
41.95, 44.94
41.97, 44.94
41.98, 44.94
42.00, 44.94
42.01, 44.24
42.03, 45.43
42.04, 45.43
42.05, 44.15
42.05, 42.42
42.06, 43.42
42.08, 45.36
42.09, 45.36
42.10, 43.96
42.12, 44.78
42.14, 46.13
42.16, 46.13
42.17, 44.69
42.17, 43.07
42.18, 43.07
42.20, 45.86
42.22, 46.98
42.24, 45.22
42.24, 43.02
42.24, 43.02
42.26, 44.83
42.27, 44.31
42.27, 42.84
42.28, 43.35
42.29, 45.33
42.31, 45.33
42.32, 44.78
42.33, 44.78
42.34, 44.17
42.35, 44.17
42.36, 44.73
42.37, 44.73
42.38, 43.74
42.39, 43.74
42.40, 45.08
42.41, 44.30
42.42, 44.30
42.43, 45.01
42.44, 43.83
42.44, 42.96
42.45, 43.81
42.45, 43.81
42.46, 43.81
42.47, 43.81
42.48, 44.60
42.49, 43.83
42.49, 43.24
42.50, 44.30
42.51, 45.53
42.53, 45.01
42.53, 43.79
42.54, 44.32
42.56, 45.47
42.56, 44.02
42.56, 42.43
42.56, 42.43
42.57, 43.61
42.58, 44.53
42.58, 43.91
42.59, 42.91
42.59, 43.62
42.60, 44.95
42.61, 44.95
42.63, 44.95
42.64, 44.95
42.64, 43.32
42.64, 42.56
42.64, 43.30
42.65, 43.30
42.65, 43.30
42.66, 44.49
42.68, 45.95
42.69, 45.06
42.69, 43.90
42.70, 43.90
42.71, 43.90
42.71, 43.90
42.72, 43.90
42.72, 42.84
42.72, 42.18
42.72, 43.47
42.73, 45.18
42.74, 44.01
42.74, 42.46
42.74, 42.46
42.73, 42.46
42.73, 41.79
42.72, 40.95
42.71, 40.95
42.70, 40.95
42.71, 43.17
42.71, 44.46
42.72, 43.38
42.72, 42.41
42.72, 43.72
42.73, 44.91
42.74, 43.59
42.73, 41.86
42.73, 42.69
42.74, 44.93
42.76, 46.01
42.77, 44.92
42.77, 42.88
42.77, 42.88
42.78, 44.77
42.78, 43.56
42.78, 41.59
42.77, 41.59
42.77, 43.01
42.77, 43.01
42.77, 41.93
42.77, 42.51
42.77, 42.51
42.77, 42.51
42.77, 43.44
42.77, 42.64
42.76, 41.68
42.76, 42.71
42.77, 43.92
42.77, 43.15
42.77, 43.15
42.78, 44.09
42.78, 43.37
42.78, 42.11
42.78, 42.11
42.77, 42.11
42.77, 42.11
42.77, 42.72
42.78, 43.97
42.78, 42.95
42.77, 41.91
42.77, 42.78
42.77, 42.78
42.77, 43.33
42.78, 44.36
42.78, 42.88
42.78, 41.19
42.77, 42.00
42.77, 43.48
42.78, 43.48
42.77, 41.70
42.77, 41.70
42.76, 41.10
42.75, 41.10
42.75, 42.20
42.76, 44.11
42.76, 43.06
42.75, 41.31
42.74, 41.31
42.75, 43.50
42.75, 43.50
42.75, 41.97
42.74, 41.16
42.74, 42.72
42.74, 44.17
42.75, 43.51
42.74, 41.83
42.74, 41.24
42.73, 41.24
42.72, 40.36
42.71, 40.36
42.70, 42.07
42.71, 43.42
42.70, 42.03
42.70, 41.41
42.69, 42.14
42.69, 41.37
42.67, 39.91
42.66, 40.75
42.66, 42.95
42.67, 42.95
42.66, 42.23
42.66, 42.23
42.66, 42.23
42.65, 41.27
42.65, 41.27
42.63, 40.18
42.62, 40.18
42.61, 41.20
42.61, 41.90
42.61, 41.90
42.60, 41.31
42.59, 41.31
42.59, 41.31
42.58, 41.31
42.57, 41.31
42.56, 40.15
42.55, 39.11
42.54, 40.84
42.54, 43.06
42.54, 42.25
42.53, 41.16
42.52, 41.16
42.52, 41.16
42.50, 39.99
42.49, 39.99
42.48, 39.99
42.47, 39.99
42.46, 39.99
42.45, 42.11
42.45, 41.51
42.44, 41.51
42.44, 41.51
42.43, 40.72
42.41, 39.14
42.40, 39.14
42.39, 40.71
42.38, 40.71
42.37, 40.71
42.38, 43.63
42.39, 44.89
42.39, 42.89
42.38, 40.33
42.37, 40.33
42.37, 42.10
42.38, 43.27
42.37, 41.61
42.36, 40.22
42.35, 40.22
42.34, 40.22
42.33, 40.22
42.32, 41.22
42.32, 40.54
42.30, 39.78
42.29, 39.78
42.28, 40.83
42.27, 40.08
42.26, 40.08
42.25, 40.90
42.24, 40.36
42.23, 39.16
42.21, 39.16
42.20, 39.75
42.19, 39.20
42.17, 39.20
42.16, 40.80
42.16, 40.80
42.15, 39.91
42.14, 40.42
42.13, 40.42
42.12, 40.42
42.11, 40.42
42.10, 39.32
42.08, 38.38
42.07, 39.83
42.07, 41.43
42.06, 40.02
42.04, 39.21
42.03, 40.49
42.03, 40.49
42.01, 39.79
42.01, 40.38
42.00, 40.38
41.98, 39.17
41.97, 39.17
41.97, 41.15
41.96, 41.15
41.95, 40.48
41.95, 41.11
41.94, 39.65
41.92, 38.39
41.90, 38.39
41.89, 38.39
41.87, 37.81
41.85, 39.17
41.84, 40.32
41.83, 39.31
41.82, 39.31
41.81, 39.95
41.80, 39.42
41.78, 38.21
41.76, 37.47
41.74, 38.28
41.73, 39.68
41.72, 39.68
41.70, 38.53
41.69, 38.53
41.67, 38.53
41.66, 38.53
41.64, 38.53
41.63, 39.52
41.62, 38.71
41.60, 38.11
41.59, 39.80
41.58, 39.80
41.57, 38.72
41.55, 38.07
41.53, 38.07
41.51, 37.51
41.50, 38.53
41.49, 39.38
41.47, 38.78
41.46, 38.78
41.45, 39.30
41.44, 39.30
41.42, 37.92
41.40, 37.25
41.38, 37.25
41.36, 37.25
41.35, 39.14
41.34, 40.51
41.33, 39.34
41.32, 39.34
41.31, 39.86
41.30, 38.93
41.29, 37.75
41.27, 38.31
41.26, 39.22
41.25, 39.22
41.24, 39.22
41.23, 39.87
41.23, 39.87
41.22, 39.87
41.21, 39.87
41.20, 39.08
41.19, 38.39
41.17, 38.39
41.16, 38.39
41.15, 38.39
41.13, 38.39
41.13, 39.78
41.11, 38.76
41.10, 37.93
41.09, 38.70
41.07, 38.70
41.06, 37.78
41.04, 37.78
41.03, 38.73
41.02, 38.73
41.01, 38.73
41.00, 40.00
40.99, 39.36
40.98, 38.25
40.97, 39.18
40.97, 39.98
40.96, 39.06
40.95, 39.06
40.94, 39.06
40.92, 38.24
40.91, 38.24
40.91, 39.83
40.90, 39.83
40.88, 37.95
40.87, 37.95
40.86, 39.14
40.85, 39.14
40.84, 39.14
40.84, 39.14
40.83, 39.14
40.82, 38.62
40.81, 39.19
40.80, 39.19
40.79, 37.83
40.77, 38.69
40.78, 41.02
40.78, 41.02
40.77, 39.26
40.76, 39.26
40.75, 38.58
40.74, 37.73
40.72, 37.73
40.71, 37.73
40.69, 37.73
40.68, 38.83
40.68, 40.14
40.67, 39.53
40.67, 39.53
40.66, 39.53
40.66, 39.53
40.65, 38.86
40.64, 38.86
40.63, 38.86
40.62, 38.24
40.61, 38.24
40.60, 39.13
40.59, 38.03
40.57, 38.03
40.57, 39.86
40.57, 39.86
40.56, 39.04
40.55, 38.32
40.53, 37.05
40.51, 37.05
40.50, 38.38
40.50, 39.83
40.49, 39.83
40.49, 39.83
40.49, 39.83
40.48, 39.83
40.47, 37.45
40.45, 36.61
40.43, 36.61
40.41, 36.61
40.40, 38.83
40.41, 40.68
40.40, 39.41
40.39, 38.66
40.39, 39.94
40.39, 39.94
40.38, 37.92
40.36, 36.95
40.34, 37.45
40.34, 39.01
40.33, 39.01
40.32, 38.44
40.31, 38.44
40.30, 38.44
40.29, 38.44
40.28, 38.44
40.28, 39.45
40.28, 39.45
40.27, 38.76
40.26, 39.64
40.26, 39.64
40.25, 38.53
40.24, 38.53
40.24, 40.16
40.24, 39.64
40.23, 38.50
40.22, 38.50
40.21, 38.50
40.21, 38.50
40.20, 39.36
40.19, 38.65
40.19, 38.65
40.18, 38.65
40.18, 39.59
40.17, 39.59
40.16, 38.56
40.16, 38.56
40.15, 38.56
40.14, 37.58
40.13, 39.10
40.13, 40.80
40.13, 39.78
40.12, 38.55
40.12, 39.21
40.12, 39.21
40.11, 39.21
40.11, 39.21
40.10, 39.21
40.09, 38.29
40.09, 39.80
40.10, 40.97
40.09, 39.83
40.09, 39.22
40.09, 40.28
40.09, 40.28
40.09, 40.28
40.09, 40.28
40.09, 40.28
40.09, 38.53
40.08, 38.53
40.07, 38.53
40.06, 38.53
40.06, 40.17
40.07, 40.92
40.07, 39.63
40.06, 39.63
40.07, 40.94
40.07, 40.43
40.07, 39.43
40.06, 39.43
40.06, 39.43
40.05, 38.78
40.05, 39.99
40.06, 41.24
40.06, 40.06
40.06, 40.06
40.07, 41.18
40.07, 40.53
40.07, 39.76
40.06, 39.76
40.06, 39.76
40.06, 39.76
40.06, 40.69
40.07, 41.65
40.08, 40.55
40.08, 40.55
40.08, 41.38
40.09, 41.38
40.09, 40.52
40.09, 40.52
40.10, 40.52
40.10, 40.52
40.11, 41.39
40.12, 42.57
40.12, 41.26
40.12, 39.88
40.12, 39.88
40.12, 39.88
40.12, 39.35
40.11, 39.35
40.12, 41.04
40.12, 41.04
40.13, 41.04
40.13, 41.04
40.13, 39.66
40.12, 38.92
40.12, 39.59
40.12, 40.13
40.12, 40.13
40.12, 40.98
40.13, 42.21
40.14, 41.29
40.14, 40.63
40.15, 42.12
40.16, 42.12
40.16, 40.60
40.16, 40.02
40.16, 40.02
40.16, 40.02
40.16, 40.02
40.17, 42.48
40.18, 42.48
40.19, 41.74
40.20, 42.26
40.21, 41.52
40.21, 39.97
40.20, 39.29
40.20, 39.29
40.20, 40.76
40.21, 42.55
40.23, 43.74
40.25, 43.14
40.25, 41.48
40.25, 40.37
40.25, 40.37
40.25, 40.37
40.26, 41.09
40.27, 42.78
40.28, 42.07
40.28, 41.34
40.30, 42.43
40.30, 41.69
40.30, 40.10
40.30, 40.98
40.32, 42.63
40.32, 41.93
40.33, 41.93
40.35, 43.07
40.36, 42.56
40.36, 41.79
40.37, 42.30
40.38, 41.61
40.38, 40.88
40.39, 42.35
40.41, 43.85
40.42, 42.46
40.42, 41.36
40.43, 42.21
40.44, 42.21
40.45, 42.21
40.46, 42.98
40.47, 41.99
40.47, 40.07
40.47, 40.69
40.48, 42.67
40.49, 42.67
40.50, 42.67
40.52, 43.28
40.53, 42.39
40.53, 41.59
40.54, 42.45
40.55, 42.45
40.56, 41.85
40.57, 42.86
40.59, 44.95
40.61, 44.12
40.62, 42.77
40.63, 43.29
40.65, 43.29
40.66, 42.60
40.67, 43.12
40.68, 43.12
40.69, 42.04
40.69, 42.04
40.70, 42.58
40.71, 41.56
40.71, 41.56
40.72, 43.23
40.74, 43.23
40.74, 40.68
40.74, 40.68
40.74, 41.23
40.75, 42.01
40.76, 42.81
40.77, 42.81
40.78, 42.81
40.79, 42.81
40.80, 42.81
40.80, 41.76
40.80, 41.20
40.81, 42.36
40.83, 43.71
40.84, 42.80
40.85, 42.80
40.86, 44.21
40.88, 44.21
40.89, 42.41
40.89, 42.41
40.91, 43.37
40.92, 42.72
40.92, 42.04
40.93, 42.55
40.94, 43.07
40.95, 43.07
40.97, 44.60
40.99, 44.60
41.00, 43.35
41.01, 43.35
41.03, 44.65
41.05, 44.65
41.06, 44.03
41.08, 44.03
41.10, 45.05
41.11, 43.92
41.12, 43.04
41.13, 43.77
41.15, 43.77
41.16, 43.26
41.17, 43.92
41.18, 43.39
41.19, 42.42
41.20, 43.40
41.22, 44.84
41.23, 43.87
41.24, 42.97
41.25, 43.66
41.26, 43.66
41.28, 43.66
41.29, 44.37
41.31, 44.37
41.31, 42.71
41.32, 43.23
41.34, 45.02
41.36, 45.02
41.38, 45.02
41.40, 45.61
41.42, 44.93
41.43, 44.23
41.45, 44.23
41.46, 44.23
41.47, 44.23
41.49, 44.23
41.50, 44.23
41.51, 44.23
41.53, 44.23
41.54, 44.23
41.55, 43.36
41.56, 43.36
41.57, 44.20
41.59, 45.48
41.61, 45.48
41.63, 45.48
41.65, 45.48
41.67, 44.85
41.68, 44.20
41.69, 44.20
41.70, 43.70
41.71, 43.70
41.73, 45.04
41.76, 47.59
41.78, 46.61
41.79, 44.08
41.80, 42.97
41.81, 42.97
41.81, 43.70
41.83, 45.50
41.85, 46.01
41.87, 44.49
41.88, 43.95
41.89, 44.79
41.91, 44.79
41.92, 43.95
41.92, 43.38
41.93, 42.66
41.93, 42.66
41.94, 44.42
41.96, 45.39
41.97, 44.42
41.99, 44.42
42.00, 45.25
42.02, 45.25
42.03, 44.00
42.04, 44.00
42.05, 44.00
42.06, 44.00
42.07, 45.18
42.09, 46.49
42.12, 46.49
42.14, 45.78
42.15, 45.78
42.17, 45.06
42.17, 43.52
42.18, 43.52
42.20, 45.00
42.21, 44.27
42.22, 44.27
42.23, 44.27
42.23, 43.24
42.24, 43.24
42.25, 45.08
42.27, 45.94
42.28, 45.03
42.29, 44.16
42.30, 44.16
42.31, 43.53
42.31, 43.53
42.33, 44.57
42.34, 44.57
42.34, 42.75
42.34, 42.75
42.35, 44.82
42.37, 44.82
42.38, 44.82
42.39, 44.82
42.40, 43.75
42.40, 43.75
42.42, 45.09
42.43, 44.41
42.43, 42.62
42.43, 43.17
42.45, 45.35
42.46, 45.35
42.48, 45.35
42.49, 45.35
42.50, 45.35
42.52, 45.35
42.53, 45.35
42.54, 43.65
42.54, 42.18
42.54, 42.84
42.55, 44.51
42.56, 44.51
42.56, 43.37
42.57, 44.24
42.58, 44.24
42.58, 43.68
42.59, 43.68
42.59, 42.75
42.59, 42.14
42.59, 43.05
42.60, 44.35
42.61, 44.35
42.62, 44.35
42.62, 44.35
42.63, 44.35
42.64, 43.28
42.64, 43.28
42.64, 43.28
42.65, 43.28
42.65, 43.28
42.66, 43.96
42.66, 43.32
42.66, 43.32
42.67, 43.32
42.67, 42.68
42.67, 42.68
42.67, 42.68
42.66, 41.80
42.65, 41.20
42.66, 43.06
42.67, 44.98
42.68, 44.21
42.68, 43.31
42.68, 43.81
42.69, 43.81
42.69, 43.05
42.69, 43.05
42.69, 42.09
42.68, 41.32
42.68, 42.22
42.69, 43.47
42.68, 42.30
42.68, 42.30
42.68, 43.18
42.69, 43.18
42.68, 42.02
42.68, 42.02
42.68, 42.02
42.67, 41.51
42.67, 42.06
42.67, 43.14
42.67, 42.57
42.67, 42.57
42.67, 43.60
42.68, 43.60
42.67, 41.93
42.67, 41.93
42.67, 41.93
42.66, 41.93
42.66, 41.93
42.66, 42.98
42.66, 42.30
42.66, 42.30
42.66, 43.22
42.66, 42.56
42.66, 41.67
42.65, 41.67
42.65, 41.67
42.64, 41.67
42.64, 42.68
42.65, 44.32
42.66, 44.96
42.66, 43.22
42.65, 40.93
42.65, 41.44
42.65, 43.11
42.65, 41.77
42.63, 40.19
42.63, 41.52
42.63, 43.20
42.63, 42.45
42.62, 41.40
42.62, 41.40
42.61, 41.40
42.61, 41.40
42.60, 41.40
42.59, 41.40
42.59, 40.87
42.58, 40.87
42.57, 40.24
42.55, 39.09
42.53, 39.83
42.53, 42.27
42.53, 42.27
42.53, 41.65
42.52, 41.65
42.52, 40.98
42.51, 40.98
42.50, 40.98
42.49, 40.98
42.49, 42.31
42.50, 43.81
42.50, 42.78
42.49, 40.57
42.48, 40.57
42.48, 42.20
42.47, 41.12
42.46, 40.47
42.46, 41.63
42.45, 41.10
42.44, 40.45
42.43, 40.45
42.42, 40.45
42.41, 40.45
42.41, 41.48
42.41, 43.05
42.41, 41.89
42.40, 40.49
42.39, 41.29
42.39, 41.29
42.38, 41.29
42.38, 41.29
42.36, 40.05
42.35, 39.21
42.34, 40.73
42.34, 43.08
42.35, 43.08
42.34, 41.20
42.34, 41.20
42.33, 40.53
42.31, 39.90
42.31, 40.67
42.30, 40.67
42.29, 40.67
42.28, 40.67
42.28, 41.45
42.27, 40.85
42.26, 40.85
42.26, 40.85
42.25, 40.01
42.23, 39.02
42.21, 38.37
42.19, 38.37
42.17, 38.37
42.17, 41.19
42.17, 42.30
42.16, 40.61
42.15, 39.70
42.14, 40.36
42.13, 40.36
42.12, 39.35
42.10, 39.35
42.09, 38.83
42.07, 38.83
42.05, 38.83
42.05, 40.84
42.04, 40.84
42.03, 40.15
42.03, 41.45
42.02, 40.82
42.01, 39.42
42.00, 39.42
41.98, 38.87
41.96, 37.88
41.94, 37.88
41.92, 37.88
41.90, 37.88
41.88, 38.63
41.88, 40.50
41.87, 39.63
41.85, 39.63
41.85, 40.75
41.84, 40.14
41.83, 38.84
41.81, 38.13
41.79, 38.13
41.77, 39.14
41.77, 40.14
41.76, 40.14
41.75, 39.62
41.74, 39.62
41.73, 40.41
41.72, 39.15
41.70, 37.95
41.68, 37.95
41.66, 37.95
41.65, 38.65
41.64, 39.62
41.63, 40.54
41.62, 39.88
41.61, 39.03
41.60, 39.03
41.58, 39.03
41.56, 37.84
41.55, 38.66
41.54, 40.10
41.54, 40.10
41.53, 40.10
41.52, 40.78
41.52, 39.62
41.50, 38.84
41.49, 38.84
41.48, 38.84
41.46, 37.61
41.44, 38.78
41.44, 40.16
41.42, 39.16
41.41, 38.47
41.40, 39.05
41.39, 39.05
41.38, 39.93
41.38, 40.63
41.36, 38.79
41.34, 37.63
41.33, 39.09
41.33, 40.35
41.32, 39.35
41.30, 38.65
41.29, 39.25
41.28, 39.25
41.27, 39.25
41.27, 40.25
41.26, 39.67
41.25, 38.47
41.24, 38.99
41.23, 40.12
41.22, 39.35
41.21, 39.35
41.21, 40.06
41.20, 39.51
41.19, 38.97
41.17, 38.97
41.16, 38.35
41.14, 37.82
41.13, 38.53
41.12, 39.51
41.11, 38.91
41.10, 38.91
41.09, 40.03
41.09, 39.25
41.07, 38.16
41.06, 38.16
41.04, 38.16
41.03, 37.64
41.01, 38.51
41.01, 39.68
41.00, 39.68
40.99, 39.06
40.98, 39.06
40.97, 38.32
40.95, 37.63
40.93, 37.63
40.92, 37.63
40.90, 38.22
40.90, 39.26
40.89, 39.77
40.88, 38.83
40.87, 38.83
40.87, 40.29
40.86, 39.18
40.84, 37.84
40.83, 37.84
40.81, 37.84
40.80, 37.84
40.78, 37.84
40.78, 39.37
40.77, 39.37
40.76, 38.30
40.74, 38.30
40.73, 38.30
40.71, 36.83
40.69, 36.83
40.67, 36.83
40.65, 36.83
40.64, 38.60
40.64, 39.99
40.63, 38.93
40.62, 37.75
40.61, 38.49
40.60, 38.49
40.59, 38.49
40.58, 38.49
40.57, 38.49
40.56, 38.49
40.54, 38.49
40.54, 39.73
40.53, 38.95
40.52, 38.95
40.52, 39.76
40.52, 39.76
40.51, 38.10
40.49, 37.38
40.47, 37.38
40.46, 37.38
40.45, 38.11
40.44, 39.47
40.44, 39.47
40.43, 39.47
40.43, 40.74
40.43, 40.15
40.42, 38.45
40.41, 37.54
40.39, 36.97
40.37, 36.97
40.36, 38.55
40.36, 40.28
40.36, 39.25
40.35, 39.25
40.35, 40.19
40.35, 40.19
40.34, 38.44
40.34, 39.33
40.34, 40.91
40.34, 39.92
40.33, 38.90
40.33, 40.04
40.33, 40.04
40.32, 39.44
40.32, 39.44
40.31, 38.91
40.30, 38.91
40.30, 39.52
40.30, 40.55
40.30, 39.53
40.29, 38.36
40.28, 38.36
40.27, 38.36
40.26, 39.23
40.27, 40.60
40.26, 40.04
40.26, 38.49
40.25, 39.18
40.25, 40.95
40.25, 40.38
40.25, 39.36
40.25, 39.36
40.24, 39.36
40.24, 39.89
40.24, 40.72
40.24, 39.57
40.23, 38.12
40.22, 39.01
40.22, 40.61
40.22, 40.05
40.22, 39.45
40.22, 40.11
40.22, 40.11
40.22, 40.11
40.22, 41.38
40.22, 40.33
40.22, 38.54
40.21, 39.30
40.21, 40.64
40.21, 39.65
40.21, 39.65
40.21, 41.09
40.22, 41.09
40.21, 39.99
40.21, 39.99
40.21, 39.99
40.21, 39.24
40.21, 39.80
40.21, 40.83
40.21, 40.12
40.21, 40.12
40.21, 41.03
40.21, 40.02
40.21, 39.40
40.21, 40.11
40.21, 40.11
40.21, 40.11
40.21, 40.11
40.21, 40.63
40.21, 40.63
40.21, 40.63
40.22, 41.37
40.22, 40.86
40.22, 40.86
40.23, 40.86
40.23, 40.86
40.23, 40.86
40.24, 40.86
40.24, 40.86
40.24, 40.11
40.24, 40.86
40.25, 42.23
40.26, 41.32
40.26, 40.56
40.26, 40.56
40.26, 39.85
40.26, 39.85
40.26, 41.32
40.27, 42.54
40.28, 41.54
40.28, 40.51
40.28, 41.12
40.29, 40.44
40.28, 39.42
40.28, 40.34
40.29, 41.37
40.29, 41.37
40.30, 41.37
40.30, 41.37
40.31, 41.37
40.31, 41.37
40.32, 41.37
40.32, 41.37
40.32, 40.00
40.32, 40.00
40.32, 39.49
40.31, 39.49
40.32, 40.86
40.33, 43.04
40.34, 43.04
40.35, 42.06
40.36, 42.06
40.37, 42.06
40.37, 41.21
40.38, 41.83
40.39, 41.83
40.39, 41.16
40.39, 41.16
40.40, 42.49
40.42, 42.49
40.42, 41.43
40.42, 40.69
40.42, 40.69
40.42, 40.17
40.42, 40.17
40.42, 40.90
40.43, 40.90
40.43, 41.62
40.44, 42.17
40.44, 41.32
40.44, 40.18
40.44, 40.79
40.46, 42.59
40.47, 42.59
40.48, 42.59
40.49, 42.59
40.49, 41.63
40.49, 40.05
40.49, 41.05
40.51, 43.55
40.52, 42.95
40.53, 41.90
40.54, 43.05
40.55, 43.05
40.57, 43.05
40.58, 43.98
40.60, 43.98
40.61, 42.17
40.62, 42.17
40.63, 43.53
40.64, 43.53
40.65, 42.61
40.67, 43.45
40.68, 43.45
40.69, 42.60
40.70, 42.60
40.71, 42.60
40.71, 41.13
40.71, 41.13
40.72, 42.43
40.73, 42.43
40.74, 42.43
40.75, 43.21
40.76, 42.60
40.77, 42.10
40.78, 42.70
40.79, 42.70
40.79, 41.57
40.80, 42.35
40.82, 43.90
40.83, 43.90
40.85, 43.90
40.86, 43.90
40.87, 43.20
40.88, 42.56
40.89, 43.12
40.91, 44.14
40.92, 44.14
40.93, 42.80
40.94, 42.80
40.95, 42.80
40.96, 41.86
40.96, 41.86
40.97, 43.45
40.99, 43.45
41.00, 43.45
41.01, 43.45
41.02, 43.45
41.03, 42.88
41.04, 42.27
41.04, 41.45
41.04, 41.45
41.05, 43.02
41.07, 44.03
41.08, 43.28
41.09, 43.28
41.10, 43.28
41.11, 42.33
41.11, 42.33
41.12, 42.33
41.13, 42.33
41.13, 42.33
41.14, 43.05
41.16, 44.79
41.18, 44.79
41.19, 43.92
41.20, 43.92
41.22, 43.92
41.23, 43.33
41.24, 43.33
41.25, 42.62
41.25, 42.62
41.27, 44.12
41.29, 45.39
41.30, 44.62
41.32, 44.62
41.34, 44.62
41.35, 43.49
41.36, 42.93
41.37, 43.72
41.38, 43.72
41.38, 42.39
41.39, 43.21
41.41, 45.26
41.43, 45.26
41.45, 45.26
41.47, 45.26
41.49, 45.26
41.50, 43.42
41.50, 42.50
41.51, 42.50
41.52, 43.73
41.54, 44.64
41.56, 45.88
41.58, 45.34
41.59, 44.41
41.60, 44.41
41.62, 44.41
41.63, 43.82
41.64, 43.82
41.66, 45.25
41.68, 45.25
41.69, 44.45
41.70, 44.45
41.72, 44.45
41.73, 43.23
41.73, 43.23
41.74, 43.23
41.75, 43.23
41.76, 44.61
41.78, 44.61
41.79, 44.61
41.80, 44.61
41.82, 44.61
41.83, 44.61
41.84, 43.82
41.86, 44.36
41.88, 45.83
41.90, 45.83
41.91, 45.83
41.93, 45.83
41.95, 45.26
41.97, 45.99
41.99, 45.99
42.01, 44.94
42.01, 43.69
42.02, 43.69
42.04, 44.92
42.05, 44.92
42.07, 44.92
42.09, 45.93
42.10, 45.09
42.12, 45.09
42.13, 45.09
42.14, 45.09
42.15, 43.78
42.16, 43.78
42.18, 45.12
42.19, 45.12
42.20, 44.61
42.21, 44.61
42.23, 45.17
42.24, 45.17
42.26, 45.17
42.27, 44.21
42.27, 43.04
42.28, 43.99
42.30, 45.45
42.31, 44.82
42.32, 44.82
42.33, 44.82
42.34, 44.05
42.35, 44.05
42.36, 44.05
42.37, 44.05
42.37, 43.10
42.38, 44.11
42.40, 45.51
42.41, 44.65
42.42, 44.65
42.43, 45.39
42.44, 43.77
42.44, 42.85
42.45, 43.49
42.45, 43.49
42.46, 43.49
42.47, 45.09
42.49, 46.21
42.50, 44.86
42.51, 43.58
42.51, 43.58
42.52, 43.58
42.52, 42.23
42.52, 42.23
42.52, 42.76
42.52, 42.76
42.53, 44.20
42.54, 45.05
42.55, 44.29
42.55, 43.35
42.56, 43.35
42.56, 43.35
42.56, 42.19
42.56, 42.19
42.55, 42.19
42.55, 42.19
42.56, 43.61
42.57, 44.17
42.57, 43.09
42.57, 43.09
42.58, 44.07
42.59, 44.07
42.59, 43.09
42.59, 43.66
42.60, 44.76
42.62, 44.76
42.62, 43.86
42.63, 43.86
42.63, 43.86
42.64, 42.95
42.63, 42.04
42.63, 41.47
42.62, 41.47
42.62, 42.78
42.63, 43.79
42.63, 42.82
42.63, 42.82
42.63, 43.46
42.64, 43.46
42.63, 42.02
42.63, 42.02
42.63, 42.02
42.63, 42.02
42.63, 42.77
42.63, 43.69
42.64, 43.69
42.64, 43.69
42.65, 44.93
42.66, 43.74
42.66, 42.01
42.66, 42.81
42.67, 44.38
42.67, 43.87
42.68, 43.87
42.69, 44.44
42.69, 44.44
42.70, 43.73
42.70, 43.73
42.71, 42.80
42.70, 41.92
42.70, 41.92
42.70, 43.38
42.70, 42.74
42.70, 42.74
42.71, 43.85
42.71, 43.18
42.71, 42.51
42.71, 43.13
42.71, 42.63
42.70, 41.16
42.69, 41.16
42.69, 42.45
42.69, 41.65
42.68, 41.65
42.69, 43.18
42.69, 43.18
42.69, 43.18
42.69, 43.18
42.69, 42.17
42.68, 40.95
42.68, 41.67
42.68, 42.69
42.67, 41.85
42.67, 41.85
42.67, 42.67
42.67, 42.67
42.66, 41.80
42.66, 42.59
42.66, 41.21
42.64, 39.69
42.64, 41.39
42.64, 43.25
42.64, 42.60
42.64, 42.60
42.64, 43.31
42.64, 43.31
42.65, 43.31
42.65, 42.56
42.64, 41.53
42.64, 41.53
42.64, 42.80
42.64, 43.74
42.64, 41.64
42.63, 40.98
42.63, 42.52
42.63, 42.52
42.62, 41.18
42.61, 41.18
42.61, 41.18
42.60, 40.41
42.59, 40.96
42.59, 42.31
42.59, 42.31
42.58, 40.99
42.57, 40.99
42.56, 40.99
42.55, 40.99
42.55, 40.99
42.54, 40.99
42.52, 39.37
42.51, 40.42
42.51, 42.00
42.50, 41.27
42.50, 41.27
42.50, 42.67
42.50, 42.67
42.49, 40.49
42.47, 39.76
42.46, 39.76
42.45, 39.76
42.44, 40.63
42.44, 42.11
42.43, 41.58
42.43, 41.58
42.43, 42.41
42.42, 41.17
42.41, 39.68
42.39, 39.68
42.38, 39.04
42.36, 39.04
42.35, 40.68
42.35, 41.89
42.34, 40.80
42.33, 40.80
42.33, 42.01
42.33, 42.01
42.32, 39.69
42.30, 38.30
42.28, 38.30
42.26, 38.30
42.25, 40.02
42.24, 41.56
42.24, 40.59
42.23, 40.59
42.22, 41.31
42.22, 41.31
42.20, 39.41
42.19, 38.48
42.17, 38.48
42.15, 39.00
42.14, 39.74
42.13, 40.44
42.12, 39.69
42.10, 39.15
42.09, 40.24
42.08, 40.24
42.07, 38.50
42.05, 39.17
42.05, 41.12
42.04, 41.12
42.03, 39.84
42.02, 39.84
42.01, 39.84
42.00, 39.26
41.99, 40.16
41.98, 40.16
41.96, 38.97
41.95, 39.91
41.95, 41.27
41.94, 40.53
41.93, 39.72
41.92, 39.72
41.91, 39.72
41.90, 39.72
41.89, 40.90
41.89, 40.90
41.88, 39.66
41.87, 40.23
41.86, 40.94
41.85, 39.46
41.84, 39.46
41.83, 40.40
41.83, 40.40
41.82, 39.67
41.80, 39.67
41.79, 38.92
41.77, 38.12
41.76, 38.97
41.75, 39.90
41.73, 38.95
41.72, 38.95
41.71, 40.51
41.71, 40.51
41.69, 38.96
41.68, 38.96
41.66, 38.28
41.65, 38.28
41.63, 38.28
41.61, 38.28
41.60, 38.28
41.58, 38.80
41.58, 40.11
41.56, 38.84
41.54, 37.55
41.53, 38.60
41.52, 39.14
41.50, 39.14
41.49, 39.71
41.49, 40.39
41.48, 39.65
41.47, 39.00
41.46, 39.62
41.45, 39.62
41.43, 38.47
41.42, 38.47
41.40, 38.47
41.38, 37.15
41.37, 38.32
41.36, 40.08
41.35, 40.08
41.34, 39.38
41.34, 40.01
41.33, 39.46
41.31, 38.44
41.30, 37.90
41.28, 37.90
41.26, 37.90
41.25, 39.03
41.25, 40.41
41.24, 40.41
41.23, 39.32
41.22, 39.32
41.22, 39.32
41.21, 39.32
41.20, 40.23
41.20, 40.23
41.18, 38.91
41.16, 37.12
41.14, 37.12
41.12, 37.12
41.10, 37.12
41.09, 38.56
41.09, 40.19
41.08, 40.19
41.07, 39.55
41.07, 39.55
41.05, 38.62
41.04, 38.03
41.02, 38.03
41.01, 38.03
40.99, 38.03
40.98, 38.03
40.97, 39.31
40.96, 39.31
40.95, 38.61
40.94, 39.38
40.94, 39.38
40.92, 38.21
40.91, 38.21
40.89, 37.36
40.87, 37.36
40.86, 38.55
40.86, 40.27
40.86, 40.27
40.85, 38.77
40.83, 37.89
40.83, 39.75
40.83, 41.35
40.82, 39.26
40.81, 38.05
40.80, 39.47
40.79, 39.47
40.78, 38.73
40.77, 38.73
40.76, 38.73
40.75, 37.79
40.73, 37.79
40.73, 39.46
40.72, 39.46
40.71, 39.46
40.71, 39.96
40.70, 38.92
40.69, 37.63
40.67, 38.25
40.67, 39.36
40.66, 39.36
40.65, 39.36
40.65, 39.95
40.64, 39.11
40.63, 38.52
40.62, 38.52
40.61, 38.52
40.60, 37.91
40.58, 37.91
40.58, 39.82
40.58, 39.82
40.57, 38.49
40.56, 39.04
40.55, 39.04
40.54, 38.33
40.53, 38.33
40.52, 38.33
40.50, 37.40
40.49, 38.65
40.49, 39.96
40.49, 39.96
40.49, 40.47
40.49, 41.28
40.49, 39.91
40.48, 38.35
40.47, 38.35
40.46, 39.54
40.45, 38.68
40.44, 38.02
40.43, 39.03
40.43, 39.03
40.42, 39.03
40.41, 38.38
40.39, 37.08
40.38, 37.08
40.37, 38.67
40.37, 41.10
40.38, 41.10
40.37, 40.12
40.37, 40.12
40.36, 38.34
40.35, 36.94
40.33, 36.94
40.31, 36.94
40.30, 37.94
40.29, 39.16
40.29, 39.92
40.29, 39.25
40.28, 38.65
40.27, 38.65
40.26, 37.98
40.24, 37.38
40.23, 37.38
40.22, 37.38
40.21, 38.15
40.20, 39.49
40.20, 40.61
40.20, 39.24
40.19, 39.24
40.20, 40.46
40.19, 39.93
40.18, 38.08
40.17, 38.08
40.17, 38.91
40.16, 38.91
40.16, 39.78
40.16, 40.88
40.17, 40.88
40.17, 39.97
40.16, 39.97
40.16, 39.97
40.16, 39.10
40.15, 39.10
40.15, 39.63
40.15, 39.63
40.14, 39.63
40.15, 41.11
40.15, 41.11
40.15, 40.06
40.15, 40.06
40.15, 40.06
40.15, 40.06
40.15, 40.06
40.16, 41.04
40.17, 41.92
40.17, 41.19
40.17, 39.86
40.17, 40.45
40.18, 42.03
40.19, 42.03
40.19, 41.09
40.20, 41.09
40.20, 40.29
40.20, 40.29
40.20, 40.86
40.21, 40.86
40.20, 39.87
40.20, 40.46
40.21, 41.61
40.22, 40.92
40.21, 39.94
40.21, 39.94
40.21, 39.94
40.22, 40.99
40.22, 42.10
40.23, 41.29
40.23, 40.06
40.23, 40.65
40.24, 42.12
40.25, 42.12
40.25, 41.21
40.27, 42.94
40.28, 43.55
40.29, 41.62
40.29, 41.00
40.30, 41.79
40.31, 41.79
40.32, 41.79
40.33, 42.35
40.33, 41.46
40.33, 40.51
40.34, 40.51
40.34, 41.94
40.35, 41.94
40.36, 42.55
40.38, 43.49
40.39, 42.17
40.39, 41.07
40.40, 42.48
40.41, 42.48
40.42, 41.56
40.42, 40.63
40.42, 40.63
40.42, 40.63
40.43, 41.48
40.44, 43.02
40.45, 43.02
40.46, 43.02
40.48, 43.02
40.49, 43.02
40.49, 41.60
40.50, 41.60
40.50, 40.68
40.50, 39.90
40.50, 40.89
40.51, 42.64
40.52, 41.96
40.53, 41.96
40.54, 43.28
40.55, 42.13
40.55, 40.51
40.55, 40.51
40.55, 40.51
40.55, 41.09
40.56, 42.18
40.57, 43.66
40.59, 43.09
40.60, 43.09
40.61, 43.68
40.62, 42.94
40.63, 41.62
40.63, 41.00
40.63, 41.00
40.64, 41.00
40.64, 41.69
40.65, 42.63
40.66, 41.62
40.66, 41.62
40.67, 42.27
40.68, 42.27
40.68, 41.22
40.68, 41.22
40.68, 41.22
40.69, 41.22
40.70, 42.52
40.71, 43.62
40.72, 42.74
40.73, 42.74
40.75, 43.61
40.76, 43.61
40.76, 41.63
40.77, 41.00
40.77, 41.00
40.77, 42.07
40.78, 43.14
40.80, 44.07
40.81, 43.15
40.82, 43.15
40.84, 43.15
40.85, 43.15
40.85, 41.24
40.85, 40.48
40.85, 40.48
40.84, 40.48
40.85, 41.69
40.86, 42.93
40.87, 42.93
40.88, 42.93
40.89, 43.69
40.91, 43.69
40.91, 41.52
40.91, 41.52
40.92, 41.52
40.92, 40.83
40.92, 41.72
40.93, 43.13
40.94, 42.57
40.94, 41.88
40.95, 42.85
40.97, 44.08
40.98, 43.56
41.00, 43.56
41.01, 43.56
41.02, 43.56
41.02, 41.47
41.03, 41.47
41.04, 43.00
41.05, 43.00
41.05, 43.00
41.07, 43.56
41.08, 43.56
41.09, 43.01
41.10, 43.01
41.11, 42.33
41.11, 41.79
41.12, 42.91
41.13, 44.19
41.14, 43.46
41.15, 42.42
41.16, 43.57
41.18, 43.57
41.18, 42.67
41.19, 43.25
41.20, 43.25
41.21, 43.25
41.23, 43.98
41.25, 45.20
41.26, 44.41
41.28, 43.71
41.29, 44.64
41.31, 44.64
41.33, 44.64
41.34, 44.64
41.36, 44.13
41.36, 43.00
41.38, 43.59
41.40, 45.32
41.41, 45.32
41.43, 43.90
41.44, 44.78
41.46, 45.53
41.49, 46.05
41.51, 46.57
41.53, 45.38
41.54, 43.38
41.55, 43.38
41.57, 45.28
41.59, 45.28
41.60, 44.39
41.62, 44.39
41.63, 44.39
41.64, 43.23
41.65, 44.36
41.66, 44.36
41.68, 43.81
41.69, 43.81
41.70, 44.60
41.72, 44.60
41.73, 44.60
41.75, 45.35
41.76, 44.00
41.76, 42.72
41.77, 43.54
41.79, 45.23
41.80, 44.68
41.82, 44.10
41.83, 44.69
41.84, 44.69
41.86, 44.69
41.88, 45.46
41.89, 45.46
41.91, 44.63
41.92, 44.63
41.94, 44.63
41.95, 44.63
41.96, 44.63
41.98, 45.30
41.99, 43.93
42.00, 43.41
42.01, 44.28
42.02, 44.28
42.03, 44.28
42.04, 44.28
42.06, 45.86
42.08, 45.86
42.10, 45.30
42.11, 45.30
42.13, 45.30
42.14, 44.37
42.15, 44.37
42.15, 42.78
42.15, 41.95
42.16, 44.35
42.19, 46.96
42.21, 45.99
42.22, 45.01
42.24, 45.60
42.25, 44.95
42.26, 43.85
42.27, 44.96
42.29, 46.24
42.30, 44.48
42.31, 43.31
42.32, 43.93
42.32, 43.93
42.33, 43.37
42.33, 43.37
42.34, 42.54
42.33, 41.72
42.33, 42.69
42.35, 44.64
42.36, 44.64
42.37, 44.64
42.38, 44.64
42.39, 43.48
42.39, 43.48
42.40, 43.48
42.40, 42.93
42.40, 42.93
42.41, 43.57
42.42, 44.60
42.43, 43.99
42.43, 43.99
42.45, 45.08
42.46, 44.21
42.46, 42.33
42.46, 42.89
42.47, 44.49
42.47, 43.67
42.48, 42.88
42.48, 43.84
42.49, 43.84
42.50, 43.84
42.51, 44.88
42.51, 43.83
42.52, 42.74
42.52, 42.74
42.53, 44.30
42.53, 44.30
42.54, 44.30
42.55, 44.30
42.55, 42.89
42.56, 42.89
42.56, 43.85
42.57, 43.30
42.56, 41.89
42.56, 42.51
42.57, 44.24
42.58, 44.24
42.58, 43.61
42.59, 43.61
42.59, 42.84
42.59, 42.31
42.59, 43.61
42.60, 42.94
42.59, 41.90
42.60, 43.25
42.61, 44.87
42.62, 44.87
42.62, 43.54
42.63, 43.54
42.63, 43.54
42.63, 42.55
42.63, 42.55
42.63, 42.55
42.63, 42.55
42.63, 43.17
42.64, 44.24
42.65, 44.24
42.66, 44.24
42.67, 44.24
42.67, 42.91
42.67, 42.91
42.67, 43.82
42.67, 42.96
42.67, 41.65
42.66, 41.65
42.66, 41.65
42.65, 41.65
42.66, 42.83
42.66, 44.16
42.66, 42.92
42.66, 41.32
42.65, 41.32
42.64, 41.32
42.64, 41.32
42.64, 42.94
42.65, 44.74
42.65, 43.39
42.65, 42.59
42.66, 43.74
42.66, 43.74
42.66, 42.23
42.66, 41.60
42.65, 41.60
42.65, 41.60
42.64, 42.16
42.65, 43.03
42.65, 43.03
42.65, 43.55
42.66, 44.24
42.66, 43.23
42.67, 43.23
42.67, 43.23
42.67, 42.26
42.66, 41.50
42.66, 42.84
42.67, 44.41
42.68, 44.41
42.68, 43.30
42.68, 43.30
42.68, 42.49
42.68, 41.98
42.68, 43.19
42.69, 44.75
42.70, 43.42
42.69, 42.12
42.69, 42.65
42.69, 41.91
42.69, 41.91
42.68, 41.91
42.68, 41.91
42.67, 41.91
42.68, 43.20
42.68, 43.92
42.69, 43.33
42.69, 43.33
42.70, 44.21
42.70, 44.21
42.70, 42.04
42.69, 40.26
42.68, 40.26
42.67, 41.21
42.67, 42.78
42.68, 43.64
42.67, 41.88
42.66, 40.70
42.65, 41.32
42.65, 41.32
42.64, 40.72
42.63, 40.72
42.62, 40.72
42.61, 40.72
42.61, 42.27
42.61, 43.56
42.61, 42.69
42.61, 42.69
42.62, 43.28
42.62, 42.33
42.60, 40.38
42.60, 40.89
42.60, 42.71
42.59, 41.98
Left Bumper Hit
Actuator Went Out of Bounds, Ending Test for Safety.
