=~=~=~=~=~=~=~=~=~=~=~= PuTTY log 2022.04.11 12:52:02 =~=~=~=~=~=~=~=~=~=~=~=
Beginning Test Setup/Calibration
BendLabs Calibration routine
Press a key when the sensor is flat and straight on a table
l
Good. Now press a key when the sensor is flat on table but bent at 90 degrees (along X axis).
l
BendLabsCalibration complete.
Actuator Centering...
Left Bumper Hit
Left Bumper Hit
Left Bumper Hit
Left Bumper Hit
Left Bumper Hit
Left Bumper Hit
Left Bumper Hit
Left Bumper Hit
Left Bumper Hit
Left Bumper Hit
Left Bumper Hit
Left Bumper Hit
Left Bumper Hit
Left Bumper Hit
Left Bumper Hit
Left Bumper Hit
Left Bumper Hit
Left Bumper Hit
Left Bumper Hit
Left Bumper Hit
Left Bumper Hit
Left Bumper Hit
Left Bumper Hit
Left Bumper Hit
Left Bumper Hit
Left Bumper Hit
Left Bumper Hit
Right Bumper Hit
Right Bumper Hit
Right Bumper Hit
Right Bumper Hit
Right Bumper Hit
Right Bumper Hit
Right Bumper Hit
Right Bumper Hit
Right Bumper Hit
Right Bumper Hit
Right Bumper Hit
Right Bumper Hit
Right Bumper Hit
Please enter the height of the tether attachment point on the user (from the actuator attachment) (in):
50
Please enter the distance between the attachement point on the user and actuator (in):
56
Good. Now press a key when ready to begin the test.
l
Looping ... 
The NO Lean Tether Angle is: 47.88
47.88, 47.88
47.87, 46.17
47.85, 44.33
47.84, 45.05
47.84, 47.57
47.84, 48.08
47.83, 45.64
47.81, 44.45
47.80, 45.43
47.79, 45.43
47.77, 44.70
47.76, 46.06
47.77, 48.32
47.77, 48.32
47.76, 45.99
47.75, 45.48
47.75, 47.13
47.74, 45.94
47.72, 45.31
47.72, 46.70
47.71, 46.10
47.69, 43.98
47.67, 43.98
47.67, 46.58
47.66, 46.58
47.65, 44.83
47.63, 44.25
47.61, 43.62
47.60, 44.38
47.59, 45.98
47.58, 46.56
47.57, 45.89
47.56, 43.89
47.53, 42.94
47.52, 44.87
47.52, 46.93
47.51, 46.12
47.50, 44.88
47.48, 44.88
47.47, 44.15
47.45, 44.81
47.45, 47.27
47.45, 47.86
47.45, 45.86
47.43, 44.60
47.42, 45.63
47.41, 45.63
47.40, 44.43
47.38, 44.43
47.37, 43.82
47.35, 43.82
47.34, 45.94
47.35, 48.13
47.34, 46.38
47.33, 44.68
47.31, 44.68
47.30, 44.68
47.29, 44.68
47.28, 44.68
47.26, 44.10
47.24, 44.10
47.23, 44.10
47.22, 45.69
47.21, 45.18
47.20, 45.81
47.21, 47.91
47.21, 46.96
47.19, 44.52
47.18, 44.52
47.17, 45.68
47.16, 45.00
47.15, 44.42
47.14, 45.41
47.13, 44.76
47.11, 44.76
47.11, 46.14
47.10, 45.25
47.08, 43.07
47.06, 44.08
47.06, 46.55
47.06, 46.55
47.05, 45.96
47.05, 47.19
47.06, 47.19
47.04, 44.70
47.03, 44.70
47.03, 46.28
47.03, 46.97
47.03, 46.97
47.03, 46.97
47.02, 45.08
47.00, 43.36
46.98, 44.00
46.97, 44.98
46.96, 44.98
46.96, 46.49
46.96, 47.28
46.95, 45.20
46.94, 43.68
46.92, 44.22
46.91, 44.22
46.90, 44.22
46.88, 44.22
46.88, 46.70
46.88, 46.70
46.88, 46.70
46.88, 46.70
46.87, 45.60
46.86, 44.64
46.85, 44.64
46.84, 44.64
46.83, 44.64
46.82, 45.20
46.82, 46.90
46.82, 46.90
46.82, 45.61
46.81, 45.61
46.80, 43.73
46.78, 43.73
46.77, 44.51
46.75, 43.53
46.74, 43.53
46.73, 44.62
46.72, 45.63
46.71, 44.65
46.70, 45.22
46.70, 46.85
46.70, 45.77
46.68, 43.63
46.66, 42.68
46.65, 43.40
46.63, 43.40
46.61, 42.74
46.59, 41.95
46.56, 41.95
46.55, 43.99
46.55, 45.40
46.54, 45.40
46.53, 43.64
46.51, 43.64
46.50, 45.22
46.49, 44.52
46.48, 43.96
46.47, 44.90
46.47, 44.90
46.45, 43.83
46.44, 44.55
46.45, 46.89
46.44, 46.10
46.44, 45.17
46.44, 46.30
46.43, 45.54
46.42, 43.47
46.40, 43.47
46.40, 44.83
46.38, 44.11
46.37, 44.11
46.37, 46.09
46.36, 44.79
46.35, 43.76
46.34, 44.33
46.33, 43.48
46.31, 42.24
46.29, 42.80
46.28, 44.00
46.26, 42.98
46.24, 42.98
46.24, 45.57
46.23, 44.76
46.21, 42.65
46.20, 42.65
46.18, 42.65
46.16, 42.65
46.16, 44.93
46.16, 46.73
46.15, 45.27
46.14, 44.26
46.14, 44.96
46.13, 43.49
46.10, 41.49
46.08, 41.49
46.06, 42.10
46.04, 42.83
46.04, 45.15
46.04, 46.33
46.03, 43.89
46.01, 42.38
45.99, 42.38
45.97, 41.60
45.95, 41.60
45.93, 42.46
45.91, 42.46
45.90, 42.46
45.89, 43.59
45.88, 45.09
45.87, 44.14
45.86, 42.34
45.84, 42.34
45.82, 41.80
45.80, 41.80
45.78, 42.56
45.77, 43.42
45.75, 42.44
45.74, 42.44
45.72, 43.27
45.71, 42.58
45.69, 42.58
45.68, 43.69
45.68, 45.16
45.67, 44.34
45.66, 43.27
45.65, 43.89
45.64, 43.89
45.63, 43.89
45.63, 44.60
45.62, 43.48
45.60, 41.56
45.58, 41.56
45.56, 42.40
45.55, 42.40
45.53, 43.19
45.53, 45.08
45.53, 44.06
45.51, 41.84
45.49, 41.84
45.48, 44.44
45.48, 44.44
45.47, 43.66
45.46, 44.72
45.46, 44.72
45.45, 43.28
45.44, 43.28
45.42, 42.02
45.41, 42.02
45.40, 43.82
45.40, 45.33
45.39, 43.36
45.37, 42.18
45.36, 43.21
45.35, 42.55
45.33, 42.02
45.32, 43.84
45.32, 45.06
45.32, 44.27
45.31, 44.27
45.30, 44.27
45.29, 42.84
45.27, 41.01
45.25, 41.01
45.23, 41.80
45.21, 40.98
45.20, 42.12
45.20, 45.19
45.19, 44.66
45.18, 42.07
45.16, 41.47
45.14, 41.47
45.12, 41.47
45.10, 41.47
45.09, 41.47
45.07, 42.56
45.07, 43.71
45.07, 44.87
45.06, 43.94
45.05, 43.94
45.06, 45.54
45.05, 44.55
45.04, 41.99
45.02, 41.99
45.01, 41.99
44.99, 41.99
44.98, 43.07
44.98, 45.13
44.98, 45.13
44.98, 44.51
44.98, 44.51
44.97, 42.82
44.96, 42.30
44.95, 43.58
44.94, 43.58
44.93, 42.61
44.91, 41.51
44.90, 42.98
44.90, 44.69
44.89, 43.23
44.88, 42.71
44.88, 44.47
44.88, 43.74
44.87, 43.22
44.86, 44.27
44.86, 43.34
44.84, 41.57
44.82, 41.57
44.82, 43.01
44.81, 43.01
44.80, 43.01
44.79, 44.17
44.79, 44.75
44.79, 43.90
44.78, 43.90
44.78, 44.78
44.78, 43.71
44.76, 41.86
44.75, 41.86
44.73, 41.25
44.72, 41.25
44.71, 43.33
44.71, 44.48
44.70, 43.21
44.69, 42.14
44.68, 43.16
44.67, 43.16
44.66, 43.16
44.66, 44.65
44.67, 45.45
44.67, 44.13
44.66, 44.13
44.66, 44.79
44.66, 43.40
44.64, 42.06
44.63, 42.06
44.62, 42.06
44.60, 41.08
44.59, 42.08
44.59, 44.02
44.58, 43.51
44.57, 43.51
44.57, 44.47
44.57, 44.47
44.57, 43.60
44.56, 42.39
44.54, 41.19
44.52, 41.19
44.52, 43.35
44.52, 45.64
44.52, 44.71
44.52, 44.04
44.53, 45.71
44.53, 45.71
44.52, 42.16
44.51, 41.47
44.50, 43.06
44.49, 42.39
44.48, 42.39
44.48, 44.71
44.48, 44.71
44.48, 43.33
44.47, 43.33
44.47, 44.90
44.47, 43.65
44.46, 42.12
44.45, 43.00
44.44, 43.00
44.43, 43.00
44.43, 44.54
44.43, 43.74
44.42, 42.42
44.42, 43.22
44.41, 44.37
44.41, 43.38
44.40, 43.38
44.40, 44.19
44.40, 43.51
44.39, 42.59
44.38, 42.59
44.37, 42.59
44.36, 41.62
44.35, 42.78
44.35, 44.78
44.35, 44.25
44.34, 42.81
44.34, 43.36
44.34, 43.87
44.33, 42.95
44.32, 42.95
44.32, 44.39
44.32, 44.39
44.32, 43.58
44.32, 44.08
44.31, 43.18
44.30, 41.52
44.28, 40.76
44.26, 40.76
44.25, 41.32
44.24, 42.46
44.24, 43.68
44.23, 43.68
44.24, 44.59
44.25, 46.35
44.25, 44.34
44.24, 42.54
44.24, 43.62
44.23, 43.62
44.22, 42.35
44.22, 43.37
44.22, 44.54
44.21, 42.98
44.21, 42.42
44.20, 43.78
44.20, 42.79
44.18, 40.58
44.16, 40.58
44.15, 41.57
44.14, 42.45
44.14, 44.38
44.15, 45.84
44.15, 44.58
44.15, 43.48
44.14, 43.48
44.14, 42.47
44.13, 42.47
44.12, 43.32
44.13, 45.15
44.13, 44.41
44.13, 43.78
44.13, 45.04
44.14, 45.04
44.14, 44.19
44.14, 44.19
44.13, 42.89
44.12, 41.28
44.11, 42.31
44.11, 44.67
44.11, 44.67
44.11, 42.71
44.10, 42.71
44.09, 42.71
44.09, 42.71
44.09, 44.51
44.10, 45.55
44.10, 44.32
44.09, 43.76
44.10, 44.33
44.09, 43.26
44.08, 42.12
44.07, 42.12
44.06, 42.12
44.05, 42.12
44.05, 43.55
44.06, 45.15
44.06, 44.49
44.05, 43.30
44.05, 43.30
44.05, 43.30
44.05, 44.07
44.05, 44.07
44.03, 41.60
44.02, 41.06
44.02, 43.17
44.02, 44.87
44.02, 44.05
44.01, 42.40
44.00, 42.40
44.00, 43.93
44.00, 43.21
44.00, 43.21
44.00, 44.37
44.00, 44.37
44.00, 43.73
44.00, 43.73
44.00, 43.73
43.99, 43.73
44.00, 45.29
44.01, 46.73
44.02, 44.86
44.02, 44.02
44.02, 45.17
44.03, 44.53
44.02, 43.35
44.03, 44.89
44.04, 46.80
44.05, 45.53
44.05, 44.59
44.06, 45.59
44.07, 45.59
44.07, 45.59
44.09, 47.59
44.11, 47.59
44.11, 45.19
44.12, 45.19
44.14, 47.58
44.15, 47.58
44.17, 46.70
44.18, 47.38
44.20, 46.52
44.21, 46.52
44.22, 47.32
44.24, 47.32
44.25, 46.76
44.27, 47.75
44.29, 48.63
44.30, 47.22
44.31, 46.34
44.33, 47.36
44.35, 47.36
44.36, 47.36
44.38, 47.36
44.39, 48.26
44.41, 48.26
44.44, 49.31
44.47, 50.84
44.50, 49.97
44.52, 49.32
44.55, 50.85
44.59, 50.85
44.62, 50.85
44.65, 51.38
44.69, 52.42
44.72, 50.93
44.75, 49.99
44.78, 51.52
44.82, 52.23
44.85, 51.41
44.88, 49.83
44.89, 48.50
Left Bumper Hit
Actuator Went Out of Bounds, Ending Test for Safety.
